###############################################################################
#
# IAR ANSI C/C++ Compiler V9.30.1.335/W64 for ARM         15/Sep/2022  19:49:59
# Copyright 1999-2022 IAR Systems AB.
#
#    Cpu mode          =  thumb
#    Endian            =  little
#    Source file       =
#        C:\D\JDS_DATA\RFM_IAR_source_220915\Library\iap_menu.c
#    Command line      =
#        -f
#        C:\D\JDS_DATA\RFM_IAR_source_220915\EWARM\RFM\Obj\Library\iap_menu.o.rsp
#        (C:\D\JDS_DATA\RFM_IAR_source_220915\Library\iap_menu.c -D
#        USE_HAL_DRIVER -D STM32F407xx -lC
#        C:\D\JDS_DATA\RFM_IAR_source_220915\EWARM\RFM\List\Library -o
#        C:\D\JDS_DATA\RFM_IAR_source_220915\EWARM\RFM\Obj\Library --no_cse
#        --no_unroll --no_inline --no_code_motion --no_tbaa --no_clustering
#        --no_scheduling --debug --endian=little --cpu=Cortex-M4 -e
#        --fpu=VFPv4_sp --dlib_config "C:\Program Files\IAR Systems\Embedded
#        Workbench 9.1\arm\inc\c\DLib_Config_Full.h" -I
#        C:\D\JDS_DATA\RFM_IAR_source_220915\EWARM/../USB_DEVICE/App\ -I
#        C:\D\JDS_DATA\RFM_IAR_source_220915\EWARM/../USB_DEVICE/Target\ -I
#        C:\D\JDS_DATA\RFM_IAR_source_220915\EWARM/../Core/Inc\ -I
#        C:\D\JDS_DATA\RFM_IAR_source_220915\EWARM/../Drivers/STM32F4xx_HAL_Driver/Inc\
#        -I
#        C:\D\JDS_DATA\RFM_IAR_source_220915\EWARM/../Drivers/STM32F4xx_HAL_Driver/Inc/Legacy\
#        -I
#        C:\D\JDS_DATA\RFM_IAR_source_220915\EWARM/../Middlewares/ST/STM32_USB_Device_Library/Core/Inc\
#        -I
#        C:\D\JDS_DATA\RFM_IAR_source_220915\EWARM/../Middlewares/ST/STM32_USB_Device_Library/Class/CDC/Inc\
#        -I
#        C:\D\JDS_DATA\RFM_IAR_source_220915\EWARM/../Drivers/CMSIS/Device/ST/STM32F4xx/Include\
#        -I C:\D\JDS_DATA\RFM_IAR_source_220915\EWARM/../Drivers/CMSIS/Include\
#        -I C:\D\JDS_DATA\RFM_IAR_source_220915\EWARM/../Drivers/radio\ -I
#        C:\D\JDS_DATA\RFM_IAR_source_220915\EWARM/../Drivers/radio/Si446x\ -I
#        C:\D\JDS_DATA\RFM_IAR_source_220915\EWARM/../Drivers/display\ -I
#        C:\D\JDS_DATA\RFM_IAR_source_220915\EWARM/../Library\ -I
#        C:\D\JDS_DATA\RFM_IAR_source_220915\EWARM\..\Drivers\display\fonts\ -I
#        C:\D\JDS_DATA\RFM_IAR_source_220915\EWARM\..\Drivers\STM32F4xx_HAL_Driver\Src\
#        -On --use_c++_inline -I "C:\Program Files\IAR Systems\Embedded
#        Workbench 9.1\arm\CMSIS\Core\Include\\") --dependencies=n
#        C:\D\JDS_DATA\RFM_IAR_source_220915\EWARM\RFM\Obj\Library\iap_menu.o.d
#    Locale            =  C
#    List file         =
#        C:\D\JDS_DATA\RFM_IAR_source_220915\EWARM\RFM\List\Library\iap_menu.lst
#    Object file       =
#        C:\D\JDS_DATA\RFM_IAR_source_220915\EWARM\RFM\Obj\Library\iap_menu.o
#    Runtime model:       
#      __CPP_Runtime   =  1
#      __SystemLibrary =  DLib
#      __dlib_version  =  6
#
###############################################################################

C:\D\JDS_DATA\RFM_IAR_source_220915\Library\iap_menu.c
      1          /**
      2            ******************************************************************************
      3            * @file    IAP/IAP_Main/Src/menu.c 
      4            * @author  MCD Application Team
      5          
      6            * @brief   This file provides the software which contains the main menu routine.
      7            *          The main menu gives the options of:
      8            *             - downloading a new binary file, 
      9            *             - uploading internal flash memory,
     10            *             - executing the binary file already loaded 
     11            *             - configuring the write protection of the Flash sectors where the 
     12            *               user loads his binary file.
     13            ******************************************************************************
     14            * @attention
     15            *
     16            * <h2><center>&copy; Copyright (c) 2018 STMicroelectronics.
     17            * All rights reserved.</center></h2>
     18            *
     19            * This software component is licensed by ST under BSD 3-Clause license,
     20            * the "License"; You may not use this file except in compliance with the
     21            * License. You may obtain a copy of the License at:
     22            *                        opensource.org/licenses/BSD-3-Clause
     23            *
     24            ******************************************************************************
     25            */ 
     26          
     27          /** @addtogroup STM32F2xx_IAP_Main
     28            * @{
     29            */
     30          
     31          /* Includes ------------------------------------------------------------------*/
     32          #include "main.h"

  # warning unrecognized compiler
    ^
"C:\D\JDS_DATA\RFM_IAR_source_220915\Drivers\radio\compiler_defs.h",744  Warning[Pa183]: 
          #warning directive: unrecognized compiler
     33          #include "iap_common.h"
     34          #include "flash_if.h"
     35          #include "iap_menu.h"
     36          #include "ymodem.h"
     37          
     38          /* Private typedef -----------------------------------------------------------*/
     39          /* Private define ------------------------------------------------------------*/
     40          /* Private macro -------------------------------------------------------------*/
     41          /* Private variables ---------------------------------------------------------*/

   \                                 In section .bss, align 4
     42          pFunction JumpToApplication;
   \                     JumpToApplication:
   \        0x0                      DS8 4
     43          extern uint32_t JumpAddress;        //  bootloader.c

   \                                 In section .bss, align 4
     44          uint32_t FlashProtection = 0;
   \                     FlashProtection:
   \        0x0                      DS8 4

   \                                 In section .bss, align 4
     45          uint8_t aFileName[FILE_NAME_LENGTH];
   \                     aFileName:
   \        0x0                      DS8 64
     46          
     47          /* Private function prototypes -----------------------------------------------*/
     48          void SerialDownload(void);
     49          void SerialUpload(void);
     50          
     51          /* Private functions ---------------------------------------------------------*/
     52          
     53          /**
     54            * @brief  Download a file via serial port
     55            * @param  None
     56            * @retval None
     57            */

   \                                 In section .text, align 2, keep-with-next
     58          void SerialDownload(void)
     59          {
   \                     SerialDownload: (+1)
   \        0x0   0xB51F             PUSH     {R0-R4,LR}
   \        0x2   0x220B             MOVS     R2,#+11
   \        0x4   0x2100             MOVS     R1,#+0
   \        0x6   0xA801             ADD      R0,SP,#+4
   \        0x8   0x.... 0x....      BL       memset
     60            uint8_t number[11] = {0};
     61            uint32_t size = 0;
   \        0xC   0x2000             MOVS     R0,#+0
   \        0xE   0x9000             STR      R0,[SP, #+0]
     62            COM_StatusTypeDef result;
     63          
     64            printf((uint8_t *)"Waiting for the file to be sent ... (press 'a' to abort)\n\r");
                   ^
Warning[Pe223]: function "printf" declared implicitly
   \       0x10   0x....             LDR.N    R0,??DataTable2
   \       0x12   0x.... 0x....      BL       printf
     65            result = Ymodem_Receive( &size );
   \       0x16   0x4668             MOV      R0,SP
   \       0x18   0x.... 0x....      BL       Ymodem_Receive
   \       0x1C   0x0004             MOVS     R4,R0
     66            if (result == COM_OK)
   \       0x1E   0x0020             MOVS     R0,R4
   \       0x20   0xB2C0             UXTB     R0,R0
   \       0x22   0x2800             CMP      R0,#+0
   \       0x24   0xD116             BNE.N    ??SerialDownload_0
     67            {
     68              printf((uint8_t *)"\n\n\r Programming Completed Successfully!\n\r--------------------------------\r\n Name: ");
   \       0x26   0x....             LDR.N    R0,??DataTable2_1
   \       0x28   0x.... 0x....      BL       printf
     69              printf(aFileName);
   \       0x2C   0x....             LDR.N    R0,??DataTable2_2
   \       0x2E   0x.... 0x....      BL       printf
     70              Int2Str(number, size);
   \       0x32   0x9900             LDR      R1,[SP, #+0]
   \       0x34   0xA801             ADD      R0,SP,#+4
   \       0x36   0x.... 0x....      BL       Int2Str
     71              printf((uint8_t *)"\n\r Size: ");
   \       0x3A   0x....             LDR.N    R0,??DataTable2_3
   \       0x3C   0x.... 0x....      BL       printf
     72              printf(number);
   \       0x40   0xA801             ADD      R0,SP,#+4
   \       0x42   0x.... 0x....      BL       printf
     73              printf((uint8_t *)" Bytes\r\n");
   \       0x46   0x....             LDR.N    R0,??DataTable2_4
   \       0x48   0x.... 0x....      BL       printf
     74              printf((uint8_t *)"-------------------\n");
   \       0x4C   0x....             LDR.N    R0,??DataTable2_5
   \       0x4E   0x.... 0x....      BL       printf
   \       0x52   0xE01A             B.N      ??SerialDownload_1
     75            }
     76            else if (result == COM_LIMIT)
   \                     ??SerialDownload_0: (+1)
   \       0x54   0x0020             MOVS     R0,R4
   \       0x56   0xB2C0             UXTB     R0,R0
   \       0x58   0x2805             CMP      R0,#+5
   \       0x5A   0xD103             BNE.N    ??SerialDownload_2
     77            {
     78              printf((uint8_t *)"\n\n\rThe image size is higher than the allowed space memory!\n\r");
   \       0x5C   0x....             LDR.N    R0,??DataTable2_6
   \       0x5E   0x.... 0x....      BL       printf
   \       0x62   0xE012             B.N      ??SerialDownload_1
     79            }
     80            else if (result == COM_DATA)
   \                     ??SerialDownload_2: (+1)
   \       0x64   0x0020             MOVS     R0,R4
   \       0x66   0xB2C0             UXTB     R0,R0
   \       0x68   0x2804             CMP      R0,#+4
   \       0x6A   0xD103             BNE.N    ??SerialDownload_3
     81            {
     82              printf((uint8_t *)"\n\n\rVerification failed!\n\r");
   \       0x6C   0x....             LDR.N    R0,??DataTable2_7
   \       0x6E   0x.... 0x....      BL       printf
   \       0x72   0xE00A             B.N      ??SerialDownload_1
     83            }
     84            else if (result == COM_ABORT)
   \                     ??SerialDownload_3: (+1)
   \       0x74   0x0020             MOVS     R0,R4
   \       0x76   0xB2C0             UXTB     R0,R0
   \       0x78   0x2802             CMP      R0,#+2
   \       0x7A   0xD103             BNE.N    ??SerialDownload_4
     85            {
     86              printf((uint8_t *)"\r\n\nAborted by user.\n\r");
   \       0x7C   0x....             LDR.N    R0,??DataTable2_8
   \       0x7E   0x.... 0x....      BL       printf
   \       0x82   0xE002             B.N      ??SerialDownload_1
     87            }
     88            else
     89            {
     90              printf((uint8_t *)"\n\rFailed to receive the file!\n\r");
   \                     ??SerialDownload_4: (+1)
   \       0x84   0x....             LDR.N    R0,??DataTable2_9
   \       0x86   0x.... 0x....      BL       printf
     91            }
     92          }
   \                     ??SerialDownload_1: (+1)
   \       0x8A   0xBD1F             POP      {R0-R4,PC}
     93          
     94          /**
     95            * @brief  Upload a file via serial port.
     96            * @param  None
     97            * @retval None
     98            */

   \                                 In section .text, align 2, keep-with-next
     99          void SerialUpload(void)
    100          {
   \                     SerialUpload: (+1)
   \        0x0   0xB580             PUSH     {R7,LR}
    101            uint8_t status = 0;
   \        0x2   0x2000             MOVS     R0,#+0
   \        0x4   0xF88D 0x0000      STRB     R0,[SP, #+0]
    102          
    103            printf((uint8_t *)"\n\n\rSelect Receive File\n\r");
                   ^
Warning[Pe223]: function "printf" declared implicitly
   \        0x8   0x....             LDR.N    R0,??DataTable2_10
   \        0xA   0x.... 0x....      BL       printf
    104          
    105            HAL_UART_Receive(&huart2, &status, 1, RX_TIMEOUT);
   \        0xE   0xF05F 0x33FF      MOVS     R3,#+4294967295
   \       0x12   0x2201             MOVS     R2,#+1
   \       0x14   0x4669             MOV      R1,SP
   \       0x16   0x....             LDR.N    R0,??DataTable2_11
   \       0x18   0x.... 0x....      BL       HAL_UART_Receive
    106            if ( status == CRC16)
   \       0x1C   0xF89D 0x0000      LDRB     R0,[SP, #+0]
   \       0x20   0x2843             CMP      R0,#+67
   \       0x22   0xD112             BNE.N    ??SerialUpload_0
    107            {
    108              /* Transmit the flash image through ymodem protocol */
    109              status = Ymodem_Transmit((uint8_t*)ADDR_FLASH_APP, (const uint8_t*)"UploadedFlashImage.bin", USER_FLASH_SIZE);
   \       0x24   0xF45F 0x2260      MOVS     R2,#+917504
   \       0x28   0x....             LDR.N    R1,??DataTable2_12
   \       0x2A   0x....             LDR.N    R0,??DataTable2_13
   \       0x2C   0x.... 0x....      BL       Ymodem_Transmit
   \       0x30   0xF88D 0x0000      STRB     R0,[SP, #+0]
    110          
    111              if (status != 0)
   \       0x34   0xF89D 0x0000      LDRB     R0,[SP, #+0]
   \       0x38   0x2800             CMP      R0,#+0
   \       0x3A   0xD003             BEQ.N    ??SerialUpload_1
    112              {
    113                printf((uint8_t *)"\n\rError Occurred while Transmitting File\n\r");
   \       0x3C   0x....             LDR.N    R0,??DataTable2_14
   \       0x3E   0x.... 0x....      BL       printf
   \       0x42   0xE002             B.N      ??SerialUpload_0
    114              }
    115              else
    116              {
    117                printf((uint8_t *)"\n\rFile uploaded successfully \n\r");
   \                     ??SerialUpload_1: (+1)
   \       0x44   0x....             LDR.N    R0,??DataTable2_15
   \       0x46   0x.... 0x....      BL       printf
    118              }
    119            }
    120          }
   \                     ??SerialUpload_0: (+1)
   \       0x4A   0xBD01             POP      {R0,PC}
    121          
    122          /**
    123            * @brief  Display the Main Menu on HyperTerminal
    124            * @param  None
    125            * @retval None
    126            */

   \                                 In section .text, align 2, keep-with-next
    127          void IAP_Menu(void)
    128          {
   \                     IAP_Menu: (+1)
   \        0x0   0xB570             PUSH     {R4-R6,LR}
    129            uint8_t key = 0;
   \        0x2   0x2400             MOVS     R4,#+0
    130          
    131            printf((uint8_t *)"\r\n======================================================================");
                   ^
Warning[Pe223]: function "printf" declared implicitly
   \        0x4   0x....             LDR.N    R5,??DataTable2_16
   \        0x6   0x0028             MOVS     R0,R5
   \        0x8   0x.... 0x....      BL       printf
    132            printf((uint8_t *)"\r\n=              (C) COPYRIGHT 2018 STMicroelectronics                 =");
   \        0xC   0x....             LDR.N    R0,??DataTable2_17
   \        0xE   0x.... 0x....      BL       printf
    133            printf((uint8_t *)"\r\n=                                                                    =");
   \       0x12   0x....             LDR.N    R6,??DataTable2_18
   \       0x14   0x0030             MOVS     R0,R6
   \       0x16   0x.... 0x....      BL       printf
    134            printf((uint8_t *)"\r\n=          STM32F2xx In-Application Programming Application          =");
   \       0x1A   0x....             LDR.N    R0,??DataTable2_19
   \       0x1C   0x.... 0x....      BL       printf
    135            printf((uint8_t *)"\r\n=                                                                    =");
   \       0x20   0x0030             MOVS     R0,R6
   \       0x22   0x.... 0x....      BL       printf
    136            printf((uint8_t *)"\r\n=                       By MCD Application Team                      =");
   \       0x26   0x....             LDR.N    R0,??DataTable2_20
   \       0x28   0x.... 0x....      BL       printf
    137            printf((uint8_t *)"\r\n======================================================================");
   \       0x2C   0x0028             MOVS     R0,R5
   \       0x2E   0x.... 0x....      BL       printf
    138            printf((uint8_t *)"\r\n\r\n");
   \       0x32   0x....             LDR.N    R0,??DataTable2_21
   \       0x34   0x.... 0x....      BL       printf
    139          
    140            while (1)
    141            {
    142          
    143              /* Test if any sector of Flash memory where user application will be loaded is write protected */
    144              FlashProtection = FLASH_If_GetWriteProtectionStatus();
   \                     ??IAP_Menu_0: (+1)
   \       0x38   0x....             LDR.N    R5,??DataTable2_22
   \       0x3A   0x.... 0x....      BL       FLASH_If_GetWriteProtectionStatus
   \       0x3E   0x6028             STR      R0,[R5, #+0]
    145              
    146              printf((uint8_t *)"\r\n=================== Main Menu ============================\r\n\n");
   \       0x40   0x....             LDR.N    R0,??DataTable2_23
   \       0x42   0x.... 0x....      BL       printf
    147              printf((uint8_t *)"  Download image to the internal Flash ----------------- 1\r\n\n");
   \       0x46   0x....             LDR.N    R0,??DataTable2_24
   \       0x48   0x.... 0x....      BL       printf
    148              printf((uint8_t *)"  Upload image from the internal Flash ----------------- 2\r\n\n");
   \       0x4C   0x....             LDR.N    R0,??DataTable2_25
   \       0x4E   0x.... 0x....      BL       printf
    149              printf((uint8_t *)"  Execute the loaded application ----------------------- 3\r\n\n");
   \       0x52   0x....             LDR.N    R0,??DataTable2_26
   \       0x54   0x.... 0x....      BL       printf
    150          
    151              if(FlashProtection != FLASHIF_PROTECTION_NONE)
   \       0x58   0x6828             LDR      R0,[R5, #+0]
   \       0x5A   0x2800             CMP      R0,#+0
   \       0x5C   0xD003             BEQ.N    ??IAP_Menu_1
    152              {
    153                printf((uint8_t *)"  Disable the write protection ------------------------- 4\r\n\n");
   \       0x5E   0x....             LDR.N    R0,??DataTable2_27
   \       0x60   0x.... 0x....      BL       printf
   \       0x64   0xE002             B.N      ??IAP_Menu_2
    154              }
    155              else
    156              {
    157                printf((uint8_t *)"  Enable the write protection -------------------------- 4\r\n\n");
   \                     ??IAP_Menu_1: (+1)
   \       0x66   0x....             LDR.N    R0,??DataTable2_28
   \       0x68   0x.... 0x....      BL       printf
    158              }
    159              printf((uint8_t *)"==========================================================\r\n\n");
   \                     ??IAP_Menu_2: (+1)
   \       0x6C   0x....             LDR.N    R0,??DataTable2_29
   \       0x6E   0x.... 0x....      BL       printf
    160          
    161              /* Clean the input path */
    162              __HAL_UART_FLUSH_DRREGISTER(&huart2);
   \       0x72   0x....             LDR.N    R0,??DataTable2_11
   \       0x74   0x6800             LDR      R0,[R0, #+0]
   \       0x76   0x6840             LDR      R0,[R0, #+4]
    163          	
    164              /* Receive key */
    165          //    HAL_UART_Receive(&huart1, &key, 1, RX_TIMEOUT);
    166              key = getchar();
                           ^
Warning[Pe223]: function "getchar" declared implicitly
   \       0x78   0x.... 0x....      BL       getchar
   \       0x7C   0x0004             MOVS     R4,R0
    167          
    168              switch (key)
   \       0x7E   0x0020             MOVS     R0,R4
   \       0x80   0xB2C0             UXTB     R0,R0
   \       0x82   0x2831             CMP      R0,#+49
   \       0x84   0xD006             BEQ.N    ??IAP_Menu_3
   \       0x86   0xD349             BCC.N    ??IAP_Menu_4
   \       0x88   0x2833             CMP      R0,#+51
   \       0x8A   0xD009             BEQ.N    ??IAP_Menu_5
   \       0x8C   0xD305             BCC.N    ??IAP_Menu_6
   \       0x8E   0x2834             CMP      R0,#+52
   \       0x90   0xD01B             BEQ.N    ??IAP_Menu_7
   \       0x92   0xE043             B.N      ??IAP_Menu_4
    169              {
    170              case '1' :
    171                /* Download user application in the Flash */
    172                SerialDownload();
   \                     ??IAP_Menu_3: (+1)
   \       0x94   0x.... 0x....      BL       SerialDownload
    173                break;
   \       0x98   0xE7CE             B.N      ??IAP_Menu_0
    174              case '2' :
    175                /* Upload user application from the Flash */
    176                SerialUpload();
   \                     ??IAP_Menu_6: (+1)
   \       0x9A   0x.... 0x....      BL       SerialUpload
    177                break;
   \       0x9E   0xE7CB             B.N      ??IAP_Menu_0
    178              case '3' :
    179                printf((uint8_t *)"Start program execution......\r\n\n");
   \                     ??IAP_Menu_5: (+1)
   \       0xA0   0x....             LDR.N    R0,??DataTable2_30
   \       0xA2   0x.... 0x....      BL       printf
    180                /* execute the new program */
    181                JumpAddress = *(__IO uint32_t*) (ADDR_FLASH_APP + 4);
   \       0xA6   0x....             LDR.N    R0,??DataTable2_31
   \       0xA8   0x....             LDR.N    R1,??DataTable2_32
   \       0xAA   0x6809             LDR      R1,[R1, #+0]
   \       0xAC   0x6001             STR      R1,[R0, #+0]
    182                /* Jump to user application */
    183                JumpToApplication = (pFunction) JumpAddress;
   \       0xAE   0x....             LDR.N    R5,??DataTable2_33
   \       0xB0   0x6800             LDR      R0,[R0, #+0]
   \       0xB2   0x6028             STR      R0,[R5, #+0]
    184          
    185                //========================================================================
    186                //    Disable Interrupt & DeInit HAL Driver
    187                vPortEnterCritical();
                       ^
Warning[Pe223]: function "vPortEnterCritical" declared implicitly
   \       0xB4   0x.... 0x....      BL       vPortEnterCritical
    188                HAL_DeInit();
   \       0xB8   0x.... 0x....      BL       HAL_DeInit
    189                //========================================================================
    190          
    191                /* Initialize user application's Stack Pointer */
    192          #if defined( USE_YMODEM_EXT_FLASH )
    193                __set_MSP( *( __IO uint32_t* ) ADDR_FLASH_BOOT );
    194          #else
    195                __set_MSP(*(__IO uint32_t*)ADDR_FLASH_APP);
   \       0xBC   0x....             LDR.N    R0,??DataTable2_13
   \       0xBE   0x6800             LDR      R0,[R0, #+0]
   \       0xC0   0xF380 0x8808      MSR      MSP,R0
    196          #endif
    197          
    198                JumpToApplication();
   \       0xC4   0x6828             LDR      R0,[R5, #+0]
   \       0xC6   0x4780             BLX      R0
    199                break;
   \       0xC8   0xE7B6             B.N      ??IAP_Menu_0
    200              case '4' :
    201                if (FlashProtection != FLASHIF_PROTECTION_NONE)
   \                     ??IAP_Menu_7: (+1)
   \       0xCA   0x6828             LDR      R0,[R5, #+0]
   \       0xCC   0x2800             CMP      R0,#+0
   \       0xCE   0xD013             BEQ.N    ??IAP_Menu_8
    202                {
    203                  /* Disable the write protection */
    204                  if (FLASH_If_WriteProtectionConfig(OB_WRPSTATE_DISABLE) == HAL_OK)
   \       0xD0   0x2000             MOVS     R0,#+0
   \       0xD2   0x.... 0x....      BL       FLASH_If_WriteProtectionConfig
   \       0xD6   0x2800             CMP      R0,#+0
   \       0xD8   0xD10A             BNE.N    ??IAP_Menu_9
    205                  {
    206                    printf((uint8_t *)"Write Protection disabled...\r\n");
   \       0xDA   0x....             LDR.N    R0,??DataTable2_34
   \       0xDC   0x.... 0x....      BL       printf
    207                    printf((uint8_t *)"System will now restart...\r\n");
   \       0xE0   0x....             LDR.N    R0,??DataTable2_35
   \       0xE2   0x.... 0x....      BL       printf
    208                    /* Launch the option byte loading */
    209                    HAL_FLASH_OB_Launch();
   \       0xE6   0x.... 0x....      BL       HAL_FLASH_OB_Launch
    210                    /* Ulock the flash */
    211                    HAL_FLASH_Unlock();
   \       0xEA   0x.... 0x....      BL       HAL_FLASH_Unlock
   \       0xEE   0xE014             B.N      ??IAP_Menu_10
    212                  }
    213                  else
    214                  {
    215                    printf((uint8_t *)"Error: Flash write un-protection failed...\r\n");
   \                     ??IAP_Menu_9: (+1)
   \       0xF0   0x....             LDR.N    R0,??DataTable2_36
   \       0xF2   0x.... 0x....      BL       printf
   \       0xF6   0xE010             B.N      ??IAP_Menu_10
    216                  }
    217                }
    218                else
    219                {
    220                  if (FLASH_If_WriteProtectionConfig(OB_WRPSTATE_ENABLE) == HAL_OK)
   \                     ??IAP_Menu_8: (+1)
   \       0xF8   0x2001             MOVS     R0,#+1
   \       0xFA   0x.... 0x....      BL       FLASH_If_WriteProtectionConfig
   \       0xFE   0x2800             CMP      R0,#+0
   \      0x100   0xD108             BNE.N    ??IAP_Menu_11
    221                  {
    222                    printf((uint8_t *)"Write Protection enabled...\r\n");
   \      0x102   0x....             LDR.N    R0,??DataTable2_37
   \      0x104   0x.... 0x....      BL       printf
    223                    printf((uint8_t *)"System will now restart...\r\n");
   \      0x108   0x....             LDR.N    R0,??DataTable2_35
   \      0x10A   0x.... 0x....      BL       printf
    224                    /* Launch the option byte loading */
    225                    HAL_FLASH_OB_Launch();
   \      0x10E   0x.... 0x....      BL       HAL_FLASH_OB_Launch
   \      0x112   0xE002             B.N      ??IAP_Menu_10
    226                  }
    227                  else
    228                  {
    229                    printf((uint8_t *)"Error: Flash write protection failed...\r\n");
   \                     ??IAP_Menu_11: (+1)
   \      0x114   0x....             LDR.N    R0,??DataTable2_38
   \      0x116   0x.... 0x....      BL       printf
    230                  }
    231                }
    232                break;
   \                     ??IAP_Menu_10: (+1)
   \      0x11A   0xE78D             B.N      ??IAP_Menu_0
    233              default:
    234          	printf((uint8_t *)"Invalid Number ! ==> The number should be either 1, 2, 3 or 4\r");
   \                     ??IAP_Menu_4: (+1)
   \      0x11C   0x....             LDR.N    R0,??DataTable2_39
   \      0x11E   0x.... 0x....      BL       printf
    235          	break;
   \      0x122   0xE789             B.N      ??IAP_Menu_0
    236              }
    237            }
    238          }

   \                                 In section .text, align 4, keep-with-next
   \                     ??DataTable2:
   \        0x0   0x....'....        DC32     ?_0

   \                                 In section .text, align 4, keep-with-next
   \                     ??DataTable2_1:
   \        0x0   0x....'....        DC32     ?_1

   \                                 In section .text, align 4, keep-with-next
   \                     ??DataTable2_2:
   \        0x0   0x....'....        DC32     aFileName

   \                                 In section .text, align 4, keep-with-next
   \                     ??DataTable2_3:
   \        0x0   0x....'....        DC32     ?_2

   \                                 In section .text, align 4, keep-with-next
   \                     ??DataTable2_4:
   \        0x0   0x....'....        DC32     ?_3

   \                                 In section .text, align 4, keep-with-next
   \                     ??DataTable2_5:
   \        0x0   0x....'....        DC32     ?_4

   \                                 In section .text, align 4, keep-with-next
   \                     ??DataTable2_6:
   \        0x0   0x....'....        DC32     ?_5

   \                                 In section .text, align 4, keep-with-next
   \                     ??DataTable2_7:
   \        0x0   0x....'....        DC32     ?_6

   \                                 In section .text, align 4, keep-with-next
   \                     ??DataTable2_8:
   \        0x0   0x....'....        DC32     ?_7

   \                                 In section .text, align 4, keep-with-next
   \                     ??DataTable2_9:
   \        0x0   0x....'....        DC32     ?_8

   \                                 In section .text, align 4, keep-with-next
   \                     ??DataTable2_10:
   \        0x0   0x....'....        DC32     ?_9

   \                                 In section .text, align 4, keep-with-next
   \                     ??DataTable2_11:
   \        0x0   0x....'....        DC32     huart2

   \                                 In section .text, align 4, keep-with-next
   \                     ??DataTable2_12:
   \        0x0   0x....'....        DC32     ?_10

   \                                 In section .text, align 4, keep-with-next
   \                     ??DataTable2_13:
   \        0x0   0x0802'0000        DC32     0x8020000

   \                                 In section .text, align 4, keep-with-next
   \                     ??DataTable2_14:
   \        0x0   0x....'....        DC32     ?_11

   \                                 In section .text, align 4, keep-with-next
   \                     ??DataTable2_15:
   \        0x0   0x....'....        DC32     ?_12

   \                                 In section .text, align 4, keep-with-next
   \                     ??DataTable2_16:
   \        0x0   0x....'....        DC32     ?_13

   \                                 In section .text, align 4, keep-with-next
   \                     ??DataTable2_17:
   \        0x0   0x....'....        DC32     ?_14

   \                                 In section .text, align 4, keep-with-next
   \                     ??DataTable2_18:
   \        0x0   0x....'....        DC32     ?_15

   \                                 In section .text, align 4, keep-with-next
   \                     ??DataTable2_19:
   \        0x0   0x....'....        DC32     ?_16

   \                                 In section .text, align 4, keep-with-next
   \                     ??DataTable2_20:
   \        0x0   0x....'....        DC32     ?_17

   \                                 In section .text, align 4, keep-with-next
   \                     ??DataTable2_21:
   \        0x0   0x....'....        DC32     ?_18

   \                                 In section .text, align 4, keep-with-next
   \                     ??DataTable2_22:
   \        0x0   0x....'....        DC32     FlashProtection

   \                                 In section .text, align 4, keep-with-next
   \                     ??DataTable2_23:
   \        0x0   0x....'....        DC32     ?_19

   \                                 In section .text, align 4, keep-with-next
   \                     ??DataTable2_24:
   \        0x0   0x....'....        DC32     ?_20

   \                                 In section .text, align 4, keep-with-next
   \                     ??DataTable2_25:
   \        0x0   0x....'....        DC32     ?_21

   \                                 In section .text, align 4, keep-with-next
   \                     ??DataTable2_26:
   \        0x0   0x....'....        DC32     ?_22

   \                                 In section .text, align 4, keep-with-next
   \                     ??DataTable2_27:
   \        0x0   0x....'....        DC32     ?_23

   \                                 In section .text, align 4, keep-with-next
   \                     ??DataTable2_28:
   \        0x0   0x....'....        DC32     ?_24

   \                                 In section .text, align 4, keep-with-next
   \                     ??DataTable2_29:
   \        0x0   0x....'....        DC32     ?_25

   \                                 In section .text, align 4, keep-with-next
   \                     ??DataTable2_30:
   \        0x0   0x....'....        DC32     ?_26

   \                                 In section .text, align 4, keep-with-next
   \                     ??DataTable2_31:
   \        0x0   0x....'....        DC32     JumpAddress

   \                                 In section .text, align 4, keep-with-next
   \                     ??DataTable2_32:
   \        0x0   0x0802'0004        DC32     0x8020004

   \                                 In section .text, align 4, keep-with-next
   \                     ??DataTable2_33:
   \        0x0   0x....'....        DC32     JumpToApplication

   \                                 In section .text, align 4, keep-with-next
   \                     ??DataTable2_34:
   \        0x0   0x....'....        DC32     ?_27

   \                                 In section .text, align 4, keep-with-next
   \                     ??DataTable2_35:
   \        0x0   0x....'....        DC32     ?_28

   \                                 In section .text, align 4, keep-with-next
   \                     ??DataTable2_36:
   \        0x0   0x....'....        DC32     ?_29

   \                                 In section .text, align 4, keep-with-next
   \                     ??DataTable2_37:
   \        0x0   0x....'....        DC32     ?_30

   \                                 In section .text, align 4, keep-with-next
   \                     ??DataTable2_38:
   \        0x0   0x....'....        DC32     ?_31

   \                                 In section .text, align 4, keep-with-next
   \                     ??DataTable2_39:
   \        0x0   0x....'....        DC32     ?_32

   \                                 In section .rodata, align 4
   \                     ?_0:
   \        0x0   0x57 0x61          DC8 0x57, 0x61, 0x69, 0x74, 0x69, 0x6E, 0x67, 0x20

   \              0x69 0x74    

   \              0x69 0x6E    

   \              0x67 0x20
   \        0x8   0x66 0x6F          DC8 0x66, 0x6F, 0x72, 0x20, 0x74, 0x68, 0x65, 0x20

   \              0x72 0x20    

   \              0x74 0x68    

   \              0x65 0x20
   \       0x10   0x66 0x69          DC8 0x66, 0x69, 0x6C, 0x65, 0x20, 0x74, 0x6F, 0x20

   \              0x6C 0x65    

   \              0x20 0x74    

   \              0x6F 0x20
   \       0x18   0x62 0x65          DC8 0x62, 0x65, 0x20, 0x73, 0x65, 0x6E, 0x74, 0x20

   \              0x20 0x73    

   \              0x65 0x6E    

   \              0x74 0x20
   \       0x20   0x2E 0x2E          DC8 0x2E, 0x2E, 0x2E, 0x20, 0x28, 0x70, 0x72, 0x65

   \              0x2E 0x20    

   \              0x28 0x70    

   \              0x72 0x65
   \       0x28   0x73 0x73          DC8 0x73, 0x73, 0x20, 0x27, 0x61, 0x27, 0x20, 0x74

   \              0x20 0x27    

   \              0x61 0x27    

   \              0x20 0x74
   \       0x30   0x6F 0x20          DC8 0x6F, 0x20, 0x61, 0x62, 0x6F, 0x72, 0x74, 0x29

   \              0x61 0x62    

   \              0x6F 0x72    

   \              0x74 0x29
   \       0x38   0x0A 0x0D          DC8 0x0A, 0x0D, 0

   \              0x00
   \       0x3B                      DS8 1

   \                                 In section .rodata, align 4
   \                     ?_1:
   \        0x0   0x0A 0x0A          DC8 0x0A, 0x0A, 0x0D, 0x20, 0x50, 0x72, 0x6F, 0x67

   \              0x0D 0x20    

   \              0x50 0x72    

   \              0x6F 0x67
   \        0x8   0x72 0x61          DC8 0x72, 0x61, 0x6D, 0x6D, 0x69, 0x6E, 0x67, 0x20

   \              0x6D 0x6D    

   \              0x69 0x6E    

   \              0x67 0x20
   \       0x10   0x43 0x6F          DC8 0x43, 0x6F, 0x6D, 0x70, 0x6C, 0x65, 0x74, 0x65

   \              0x6D 0x70    

   \              0x6C 0x65    

   \              0x74 0x65
   \       0x18   0x64 0x20          DC8 0x64, 0x20, 0x53, 0x75, 0x63, 0x63, 0x65, 0x73

   \              0x53 0x75    

   \              0x63 0x63    

   \              0x65 0x73
   \       0x20   0x73 0x66          DC8 0x73, 0x66, 0x75, 0x6C, 0x6C, 0x79, 0x21, 0x0A

   \              0x75 0x6C    

   \              0x6C 0x79    

   \              0x21 0x0A
   \       0x28   0x0D 0x2D          DC8 0x0D, 0x2D, 0x2D, 0x2D, 0x2D, 0x2D, 0x2D, 0x2D

   \              0x2D 0x2D    

   \              0x2D 0x2D    

   \              0x2D 0x2D
   \       0x30   0x2D 0x2D          DC8 0x2D, 0x2D, 0x2D, 0x2D, 0x2D, 0x2D, 0x2D, 0x2D

   \              0x2D 0x2D    

   \              0x2D 0x2D    

   \              0x2D 0x2D
   \       0x38   0x2D 0x2D          DC8 0x2D, 0x2D, 0x2D, 0x2D, 0x2D, 0x2D, 0x2D, 0x2D

   \              0x2D 0x2D    

   \              0x2D 0x2D    

   \              0x2D 0x2D
   \       0x40   0x2D 0x2D          DC8 0x2D, 0x2D, 0x2D, 0x2D, 0x2D, 0x2D, 0x2D, 0x2D

   \              0x2D 0x2D    

   \              0x2D 0x2D    

   \              0x2D 0x2D
   \       0x48   0x2D 0x0D          DC8 0x2D, 0x0D, 0x0A, 0x20, 0x4E, 0x61, 0x6D, 0x65

   \              0x0A 0x20    

   \              0x4E 0x61    

   \              0x6D 0x65
   \       0x50   0x3A 0x20          DC8 0x3A, 0x20, 0

   \              0x00
   \       0x53                      DS8 1

   \                                 In section .rodata, align 4
   \                     ?_2:
   \        0x0   0x0A 0x0D          DC8 "\012\015 Size: "

   \              0x20 0x53    

   \              0x69 0x7A    

   \              0x65 0x3A    

   \              0x20 0x00
   \        0xA                      DS8 2

   \                                 In section .rodata, align 4
   \                     ?_3:
   \        0x0   0x20 0x42          DC8 " Bytes\015\012"

   \              0x79 0x74    

   \              0x65 0x73    

   \              0x0D 0x0A    

   \              0x00
   \        0x9                      DS8 3

   \                                 In section .rodata, align 4
   \                     ?_4:
   \        0x0   0x2D 0x2D          DC8 "-------------------\012"

   \              0x2D 0x2D    

   \              0x2D 0x2D    

   \              0x2D 0x2D    

   \              0x2D 0x2D    

   \              0x2D 0x2D    

   \              0x2D 0x2D    

   \              0x2D 0x2D    

   \              0x2D 0x2D    

   \              0x2D 0x0A    

   \              0x00
   \       0x15                      DS8 3

   \                                 In section .rodata, align 4
   \                     ?_5:
   \        0x0   0x0A 0x0A          DC8 0x0A, 0x0A, 0x0D, 0x54, 0x68, 0x65, 0x20, 0x69

   \              0x0D 0x54    

   \              0x68 0x65    

   \              0x20 0x69
   \        0x8   0x6D 0x61          DC8 0x6D, 0x61, 0x67, 0x65, 0x20, 0x73, 0x69, 0x7A

   \              0x67 0x65    

   \              0x20 0x73    

   \              0x69 0x7A
   \       0x10   0x65 0x20          DC8 0x65, 0x20, 0x69, 0x73, 0x20, 0x68, 0x69, 0x67

   \              0x69 0x73    

   \              0x20 0x68    

   \              0x69 0x67
   \       0x18   0x68 0x65          DC8 0x68, 0x65, 0x72, 0x20, 0x74, 0x68, 0x61, 0x6E

   \              0x72 0x20    

   \              0x74 0x68    

   \              0x61 0x6E
   \       0x20   0x20 0x74          DC8 0x20, 0x74, 0x68, 0x65, 0x20, 0x61, 0x6C, 0x6C

   \              0x68 0x65    

   \              0x20 0x61    

   \              0x6C 0x6C
   \       0x28   0x6F 0x77          DC8 0x6F, 0x77, 0x65, 0x64, 0x20, 0x73, 0x70, 0x61

   \              0x65 0x64    

   \              0x20 0x73    

   \              0x70 0x61
   \       0x30   0x63 0x65          DC8 0x63, 0x65, 0x20, 0x6D, 0x65, 0x6D, 0x6F, 0x72

   \              0x20 0x6D    

   \              0x65 0x6D    

   \              0x6F 0x72
   \       0x38   0x79 0x21          DC8 0x79, 0x21, 0x0A, 0x0D, 0

   \              0x0A 0x0D    

   \              0x00
   \       0x3D                      DS8 3

   \                                 In section .rodata, align 4
   \                     ?_6:
   \        0x0   0x0A 0x0A          DC8 "\012\012\015Verification failed!\012\015"

   \              0x0D 0x56    

   \              0x65 0x72    

   \              0x69 0x66    

   \              0x69 0x63    

   \              0x61 0x74    

   \              0x69 0x6F    

   \              0x6E 0x20    

   \              0x66 0x61    

   \              0x69 0x6C    

   \              0x65 0x64    

   \              0x21 0x0A    

   \              0x0D 0x00
   \       0x1A                      DS8 2

   \                                 In section .rodata, align 4
   \                     ?_7:
   \        0x0   0x0D 0x0A          DC8 "\015\012\012Aborted by user.\012\015"

   \              0x0A 0x41    

   \              0x62 0x6F    

   \              0x72 0x74    

   \              0x65 0x64    

   \              0x20 0x62    

   \              0x79 0x20    

   \              0x75 0x73    

   \              0x65 0x72    

   \              0x2E 0x0A    

   \              0x0D 0x00
   \       0x16                      DS8 2

   \                                 In section .rodata, align 4
   \                     ?_8:
   \        0x0   0x0A 0x0D          DC8 "\012\015Failed to receive the file!\012\015"

   \              0x46 0x61    

   \              0x69 0x6C    

   \              0x65 0x64    

   \              0x20 0x74    

   \              0x6F 0x20    

   \              0x72 0x65    

   \              0x63 0x65    

   \              0x69 0x76    

   \              0x65 0x20    

   \              0x74 0x68    

   \              0x65 0x20    

   \              0x66 0x69    

   \              0x6C 0x65    

   \              0x21 0x0A    

   \              0x0D 0x00

   \                                 In section .rodata, align 4
   \                     ?_9:
   \        0x0   0x0A 0x0A          DC8 "\012\012\015Select Receive File\012\015"

   \              0x0D 0x53    

   \              0x65 0x6C    

   \              0x65 0x63    

   \              0x74 0x20    

   \              0x52 0x65    

   \              0x63 0x65    

   \              0x69 0x76    

   \              0x65 0x20    

   \              0x46 0x69    

   \              0x6C 0x65    

   \              0x0A 0x0D    

   \              0x00
   \       0x19                      DS8 3

   \                                 In section .rodata, align 4
   \                     ?_10:
   \        0x0   0x55 0x70          DC8 "UploadedFlashImage.bin"

   \              0x6C 0x6F    

   \              0x61 0x64    

   \              0x65 0x64    

   \              0x46 0x6C    

   \              0x61 0x73    

   \              0x68 0x49    

   \              0x6D 0x61    

   \              0x67 0x65    

   \              0x2E 0x62    

   \              0x69 0x6E    

   \              0x00
   \       0x17                      DS8 1

   \                                 In section .rodata, align 4
   \                     ?_11:
   \        0x0   0x0A 0x0D          DC8 "\012\015Error Occurred while Transmitting File\012\015"

   \              0x45 0x72    

   \              0x72 0x6F    

   \              0x72 0x20    

   \              0x4F 0x63    

   \              0x63 0x75    

   \              0x72 0x72    

   \              0x65 0x64    

   \              0x20 0x77    

   \              0x68 0x69    

   \              0x6C 0x65    

   \              0x20 0x54    

   \              0x72 0x61    

   \              0x6E 0x73    

   \              0x6D 0x69    

   \              0x74 0x74    

   \              0x69 0x6E    

   \              0x67 0x20    

   \              0x46 0x69    

   \              0x6C 0x65    

   \              0x0A 0x0D    

   \              0x00
   \       0x2B                      DS8 1

   \                                 In section .rodata, align 4
   \                     ?_12:
   \        0x0   0x0A 0x0D          DC8 "\012\015File uploaded successfully \012\015"

   \              0x46 0x69    

   \              0x6C 0x65    

   \              0x20 0x75    

   \              0x70 0x6C    

   \              0x6F 0x61    

   \              0x64 0x65    

   \              0x64 0x20    

   \              0x73 0x75    

   \              0x63 0x63    

   \              0x65 0x73    

   \              0x73 0x66    

   \              0x75 0x6C    

   \              0x6C 0x79    

   \              0x20 0x0A    

   \              0x0D 0x00

   \                                 In section .rodata, align 4
   \                     ?_13:
   \        0x0   0x0D 0x0A          DC8 0x0D, 0x0A, 0x3D, 0x3D, 0x3D, 0x3D, 0x3D, 0x3D

   \              0x3D 0x3D    

   \              0x3D 0x3D    

   \              0x3D 0x3D
   \        0x8   0x3D 0x3D          DC8 0x3D, 0x3D, 0x3D, 0x3D, 0x3D, 0x3D, 0x3D, 0x3D

   \              0x3D 0x3D    

   \              0x3D 0x3D    

   \              0x3D 0x3D
   \       0x10   0x3D 0x3D          DC8 0x3D, 0x3D, 0x3D, 0x3D, 0x3D, 0x3D, 0x3D, 0x3D

   \              0x3D 0x3D    

   \              0x3D 0x3D    

   \              0x3D 0x3D
   \       0x18   0x3D 0x3D          DC8 0x3D, 0x3D, 0x3D, 0x3D, 0x3D, 0x3D, 0x3D, 0x3D

   \              0x3D 0x3D    

   \              0x3D 0x3D    

   \              0x3D 0x3D
   \       0x20   0x3D 0x3D          DC8 0x3D, 0x3D, 0x3D, 0x3D, 0x3D, 0x3D, 0x3D, 0x3D

   \              0x3D 0x3D    

   \              0x3D 0x3D    

   \              0x3D 0x3D
   \       0x28   0x3D 0x3D          DC8 0x3D, 0x3D, 0x3D, 0x3D, 0x3D, 0x3D, 0x3D, 0x3D

   \              0x3D 0x3D    

   \              0x3D 0x3D    

   \              0x3D 0x3D
   \       0x30   0x3D 0x3D          DC8 0x3D, 0x3D, 0x3D, 0x3D, 0x3D, 0x3D, 0x3D, 0x3D

   \              0x3D 0x3D    

   \              0x3D 0x3D    

   \              0x3D 0x3D
   \       0x38   0x3D 0x3D          DC8 0x3D, 0x3D, 0x3D, 0x3D, 0x3D, 0x3D, 0x3D, 0x3D

   \              0x3D 0x3D    

   \              0x3D 0x3D    

   \              0x3D 0x3D
   \       0x40   0x3D 0x3D          DC8 0x3D, 0x3D, 0x3D, 0x3D, 0x3D, 0x3D, 0x3D, 0x3D

   \              0x3D 0x3D    

   \              0x3D 0x3D    

   \              0x3D 0x3D
   \       0x48   0x00               DC8 0
   \       0x49                      DS8 3

   \                                 In section .rodata, align 4
   \                     ?_14:
   \        0x0   0x0D 0x0A          DC8 0x0D, 0x0A, 0x3D, 0x20, 0x20, 0x20, 0x20, 0x20

   \              0x3D 0x20    

   \              0x20 0x20    

   \              0x20 0x20
   \        0x8   0x20 0x20          DC8 0x20, 0x20, 0x20, 0x20, 0x20, 0x20, 0x20, 0x20

   \              0x20 0x20    

   \              0x20 0x20    

   \              0x20 0x20
   \       0x10   0x20 0x28          DC8 0x20, 0x28, 0x43, 0x29, 0x20, 0x43, 0x4F, 0x50

   \              0x43 0x29    

   \              0x20 0x43    

   \              0x4F 0x50
   \       0x18   0x59 0x52          DC8 0x59, 0x52, 0x49, 0x47, 0x48, 0x54, 0x20, 0x32

   \              0x49 0x47    

   \              0x48 0x54    

   \              0x20 0x32
   \       0x20   0x30 0x31          DC8 0x30, 0x31, 0x38, 0x20, 0x53, 0x54, 0x4D, 0x69

   \              0x38 0x20    

   \              0x53 0x54    

   \              0x4D 0x69
   \       0x28   0x63 0x72          DC8 0x63, 0x72, 0x6F, 0x65, 0x6C, 0x65, 0x63, 0x74

   \              0x6F 0x65    

   \              0x6C 0x65    

   \              0x63 0x74
   \       0x30   0x72 0x6F          DC8 0x72, 0x6F, 0x6E, 0x69, 0x63, 0x73, 0x20, 0x20

   \              0x6E 0x69    

   \              0x63 0x73    

   \              0x20 0x20
   \       0x38   0x20 0x20          DC8 0x20, 0x20, 0x20, 0x20, 0x20, 0x20, 0x20, 0x20

   \              0x20 0x20    

   \              0x20 0x20    

   \              0x20 0x20
   \       0x40   0x20 0x20          DC8 0x20, 0x20, 0x20, 0x20, 0x20, 0x20, 0x20, 0x3D

   \              0x20 0x20    

   \              0x20 0x20    

   \              0x20 0x3D
   \       0x48   0x00               DC8 0
   \       0x49                      DS8 3

   \                                 In section .rodata, align 4
   \                     ?_15:
   \        0x0   0x0D 0x0A          DC8 0x0D, 0x0A, 0x3D, 0x20, 0x20, 0x20, 0x20, 0x20

   \              0x3D 0x20    

   \              0x20 0x20    

   \              0x20 0x20
   \        0x8   0x20 0x20          DC8 0x20, 0x20, 0x20, 0x20, 0x20, 0x20, 0x20, 0x20

   \              0x20 0x20    

   \              0x20 0x20    

   \              0x20 0x20
   \       0x10   0x20 0x20          DC8 0x20, 0x20, 0x20, 0x20, 0x20, 0x20, 0x20, 0x20

   \              0x20 0x20    

   \              0x20 0x20    

   \              0x20 0x20
   \       0x18   0x20 0x20          DC8 0x20, 0x20, 0x20, 0x20, 0x20, 0x20, 0x20, 0x20

   \              0x20 0x20    

   \              0x20 0x20    

   \              0x20 0x20
   \       0x20   0x20 0x20          DC8 0x20, 0x20, 0x20, 0x20, 0x20, 0x20, 0x20, 0x20

   \              0x20 0x20    

   \              0x20 0x20    

   \              0x20 0x20
   \       0x28   0x20 0x20          DC8 0x20, 0x20, 0x20, 0x20, 0x20, 0x20, 0x20, 0x20

   \              0x20 0x20    

   \              0x20 0x20    

   \              0x20 0x20
   \       0x30   0x20 0x20          DC8 0x20, 0x20, 0x20, 0x20, 0x20, 0x20, 0x20, 0x20

   \              0x20 0x20    

   \              0x20 0x20    

   \              0x20 0x20
   \       0x38   0x20 0x20          DC8 0x20, 0x20, 0x20, 0x20, 0x20, 0x20, 0x20, 0x20

   \              0x20 0x20    

   \              0x20 0x20    

   \              0x20 0x20
   \       0x40   0x20 0x20          DC8 0x20, 0x20, 0x20, 0x20, 0x20, 0x20, 0x20, 0x3D

   \              0x20 0x20    

   \              0x20 0x20    

   \              0x20 0x3D
   \       0x48   0x00               DC8 0
   \       0x49                      DS8 3

   \                                 In section .rodata, align 4
   \                     ?_16:
   \        0x0   0x0D 0x0A          DC8 0x0D, 0x0A, 0x3D, 0x20, 0x20, 0x20, 0x20, 0x20

   \              0x3D 0x20    

   \              0x20 0x20    

   \              0x20 0x20
   \        0x8   0x20 0x20          DC8 0x20, 0x20, 0x20, 0x20, 0x20, 0x53, 0x54, 0x4D

   \              0x20 0x20    

   \              0x20 0x53    

   \              0x54 0x4D
   \       0x10   0x33 0x32          DC8 0x33, 0x32, 0x46, 0x32, 0x78, 0x78, 0x20, 0x49

   \              0x46 0x32    

   \              0x78 0x78    

   \              0x20 0x49
   \       0x18   0x6E 0x2D          DC8 0x6E, 0x2D, 0x41, 0x70, 0x70, 0x6C, 0x69, 0x63

   \              0x41 0x70    

   \              0x70 0x6C    

   \              0x69 0x63
   \       0x20   0x61 0x74          DC8 0x61, 0x74, 0x69, 0x6F, 0x6E, 0x20, 0x50, 0x72

   \              0x69 0x6F    

   \              0x6E 0x20    

   \              0x50 0x72
   \       0x28   0x6F 0x67          DC8 0x6F, 0x67, 0x72, 0x61, 0x6D, 0x6D, 0x69, 0x6E

   \              0x72 0x61    

   \              0x6D 0x6D    

   \              0x69 0x6E
   \       0x30   0x67 0x20          DC8 0x67, 0x20, 0x41, 0x70, 0x70, 0x6C, 0x69, 0x63

   \              0x41 0x70    

   \              0x70 0x6C    

   \              0x69 0x63
   \       0x38   0x61 0x74          DC8 0x61, 0x74, 0x69, 0x6F, 0x6E, 0x20, 0x20, 0x20

   \              0x69 0x6F    

   \              0x6E 0x20    

   \              0x20 0x20
   \       0x40   0x20 0x20          DC8 0x20, 0x20, 0x20, 0x20, 0x20, 0x20, 0x20, 0x3D

   \              0x20 0x20    

   \              0x20 0x20    

   \              0x20 0x3D
   \       0x48   0x00               DC8 0
   \       0x49                      DS8 3

   \                                 In section .rodata, align 4
   \                     ?_17:
   \        0x0   0x0D 0x0A          DC8 0x0D, 0x0A, 0x3D, 0x20, 0x20, 0x20, 0x20, 0x20

   \              0x3D 0x20    

   \              0x20 0x20    

   \              0x20 0x20
   \        0x8   0x20 0x20          DC8 0x20, 0x20, 0x20, 0x20, 0x20, 0x20, 0x20, 0x20

   \              0x20 0x20    

   \              0x20 0x20    

   \              0x20 0x20
   \       0x10   0x20 0x20          DC8 0x20, 0x20, 0x20, 0x20, 0x20, 0x20, 0x20, 0x20

   \              0x20 0x20    

   \              0x20 0x20    

   \              0x20 0x20
   \       0x18   0x20 0x20          DC8 0x20, 0x20, 0x42, 0x79, 0x20, 0x4D, 0x43, 0x44

   \              0x42 0x79    

   \              0x20 0x4D    

   \              0x43 0x44
   \       0x20   0x20 0x41          DC8 0x20, 0x41, 0x70, 0x70, 0x6C, 0x69, 0x63, 0x61

   \              0x70 0x70    

   \              0x6C 0x69    

   \              0x63 0x61
   \       0x28   0x74 0x69          DC8 0x74, 0x69, 0x6F, 0x6E, 0x20, 0x54, 0x65, 0x61

   \              0x6F 0x6E    

   \              0x20 0x54    

   \              0x65 0x61
   \       0x30   0x6D 0x20          DC8 0x6D, 0x20, 0x20, 0x20, 0x20, 0x20, 0x20, 0x20

   \              0x20 0x20    

   \              0x20 0x20    

   \              0x20 0x20
   \       0x38   0x20 0x20          DC8 0x20, 0x20, 0x20, 0x20, 0x20, 0x20, 0x20, 0x20

   \              0x20 0x20    

   \              0x20 0x20    

   \              0x20 0x20
   \       0x40   0x20 0x20          DC8 0x20, 0x20, 0x20, 0x20, 0x20, 0x20, 0x20, 0x3D

   \              0x20 0x20    

   \              0x20 0x20    

   \              0x20 0x3D
   \       0x48   0x00               DC8 0
   \       0x49                      DS8 3

   \                                 In section .rodata, align 4
   \                     ?_18:
   \        0x0   0x0D 0x0A          DC8 "\015\012\015\012"

   \              0x0D 0x0A    

   \              0x00
   \        0x5                      DS8 3

   \                                 In section .rodata, align 4
   \                     ?_19:
   \        0x0   0x0D 0x0A          DC8 0x0D, 0x0A, 0x3D, 0x3D, 0x3D, 0x3D, 0x3D, 0x3D

   \              0x3D 0x3D    

   \              0x3D 0x3D    

   \              0x3D 0x3D
   \        0x8   0x3D 0x3D          DC8 0x3D, 0x3D, 0x3D, 0x3D, 0x3D, 0x3D, 0x3D, 0x3D

   \              0x3D 0x3D    

   \              0x3D 0x3D    

   \              0x3D 0x3D
   \       0x10   0x3D 0x3D          DC8 0x3D, 0x3D, 0x3D, 0x3D, 0x3D, 0x20, 0x4D, 0x61

   \              0x3D 0x3D    

   \              0x3D 0x20    

   \              0x4D 0x61
   \       0x18   0x69 0x6E          DC8 0x69, 0x6E, 0x20, 0x4D, 0x65, 0x6E, 0x75, 0x20

   \              0x20 0x4D    

   \              0x65 0x6E    

   \              0x75 0x20
   \       0x20   0x3D 0x3D          DC8 0x3D, 0x3D, 0x3D, 0x3D, 0x3D, 0x3D, 0x3D, 0x3D

   \              0x3D 0x3D    

   \              0x3D 0x3D    

   \              0x3D 0x3D
   \       0x28   0x3D 0x3D          DC8 0x3D, 0x3D, 0x3D, 0x3D, 0x3D, 0x3D, 0x3D, 0x3D

   \              0x3D 0x3D    

   \              0x3D 0x3D    

   \              0x3D 0x3D
   \       0x30   0x3D 0x3D          DC8 0x3D, 0x3D, 0x3D, 0x3D, 0x3D, 0x3D, 0x3D, 0x3D

   \              0x3D 0x3D    

   \              0x3D 0x3D    

   \              0x3D 0x3D
   \       0x38   0x3D 0x3D          DC8 0x3D, 0x3D, 0x3D, 0x3D, 0x0D, 0x0A, 0x0A, 0

   \              0x3D 0x3D    

   \              0x0D 0x0A    

   \              0x0A 0x00

   \                                 In section .rodata, align 4
   \                     ?_20:
   \        0x0   0x20 0x20          DC8 0x20, 0x20, 0x44, 0x6F, 0x77, 0x6E, 0x6C, 0x6F

   \              0x44 0x6F    

   \              0x77 0x6E    

   \              0x6C 0x6F
   \        0x8   0x61 0x64          DC8 0x61, 0x64, 0x20, 0x69, 0x6D, 0x61, 0x67, 0x65

   \              0x20 0x69    

   \              0x6D 0x61    

   \              0x67 0x65
   \       0x10   0x20 0x74          DC8 0x20, 0x74, 0x6F, 0x20, 0x74, 0x68, 0x65, 0x20

   \              0x6F 0x20    

   \              0x74 0x68    

   \              0x65 0x20
   \       0x18   0x69 0x6E          DC8 0x69, 0x6E, 0x74, 0x65, 0x72, 0x6E, 0x61, 0x6C

   \              0x74 0x65    

   \              0x72 0x6E    

   \              0x61 0x6C
   \       0x20   0x20 0x46          DC8 0x20, 0x46, 0x6C, 0x61, 0x73, 0x68, 0x20, 0x2D

   \              0x6C 0x61    

   \              0x73 0x68    

   \              0x20 0x2D
   \       0x28   0x2D 0x2D          DC8 0x2D, 0x2D, 0x2D, 0x2D, 0x2D, 0x2D, 0x2D, 0x2D

   \              0x2D 0x2D    

   \              0x2D 0x2D    

   \              0x2D 0x2D
   \       0x30   0x2D 0x2D          DC8 0x2D, 0x2D, 0x2D, 0x2D, 0x2D, 0x2D, 0x2D, 0x2D

   \              0x2D 0x2D    

   \              0x2D 0x2D    

   \              0x2D 0x2D
   \       0x38   0x20 0x31          DC8 0x20, 0x31, 0x0D, 0x0A, 0x0A, 0

   \              0x0D 0x0A    

   \              0x0A 0x00
   \       0x3E                      DS8 2

   \                                 In section .rodata, align 4
   \                     ?_21:
   \        0x0   0x20 0x20          DC8 0x20, 0x20, 0x55, 0x70, 0x6C, 0x6F, 0x61, 0x64

   \              0x55 0x70    

   \              0x6C 0x6F    

   \              0x61 0x64
   \        0x8   0x20 0x69          DC8 0x20, 0x69, 0x6D, 0x61, 0x67, 0x65, 0x20, 0x66

   \              0x6D 0x61    

   \              0x67 0x65    

   \              0x20 0x66
   \       0x10   0x72 0x6F          DC8 0x72, 0x6F, 0x6D, 0x20, 0x74, 0x68, 0x65, 0x20

   \              0x6D 0x20    

   \              0x74 0x68    

   \              0x65 0x20
   \       0x18   0x69 0x6E          DC8 0x69, 0x6E, 0x74, 0x65, 0x72, 0x6E, 0x61, 0x6C

   \              0x74 0x65    

   \              0x72 0x6E    

   \              0x61 0x6C
   \       0x20   0x20 0x46          DC8 0x20, 0x46, 0x6C, 0x61, 0x73, 0x68, 0x20, 0x2D

   \              0x6C 0x61    

   \              0x73 0x68    

   \              0x20 0x2D
   \       0x28   0x2D 0x2D          DC8 0x2D, 0x2D, 0x2D, 0x2D, 0x2D, 0x2D, 0x2D, 0x2D

   \              0x2D 0x2D    

   \              0x2D 0x2D    

   \              0x2D 0x2D
   \       0x30   0x2D 0x2D          DC8 0x2D, 0x2D, 0x2D, 0x2D, 0x2D, 0x2D, 0x2D, 0x2D

   \              0x2D 0x2D    

   \              0x2D 0x2D    

   \              0x2D 0x2D
   \       0x38   0x20 0x32          DC8 0x20, 0x32, 0x0D, 0x0A, 0x0A, 0

   \              0x0D 0x0A    

   \              0x0A 0x00
   \       0x3E                      DS8 2

   \                                 In section .rodata, align 4
   \                     ?_22:
   \        0x0   0x20 0x20          DC8 0x20, 0x20, 0x45, 0x78, 0x65, 0x63, 0x75, 0x74

   \              0x45 0x78    

   \              0x65 0x63    

   \              0x75 0x74
   \        0x8   0x65 0x20          DC8 0x65, 0x20, 0x74, 0x68, 0x65, 0x20, 0x6C, 0x6F

   \              0x74 0x68    

   \              0x65 0x20    

   \              0x6C 0x6F
   \       0x10   0x61 0x64          DC8 0x61, 0x64, 0x65, 0x64, 0x20, 0x61, 0x70, 0x70

   \              0x65 0x64    

   \              0x20 0x61    

   \              0x70 0x70
   \       0x18   0x6C 0x69          DC8 0x6C, 0x69, 0x63, 0x61, 0x74, 0x69, 0x6F, 0x6E

   \              0x63 0x61    

   \              0x74 0x69    

   \              0x6F 0x6E
   \       0x20   0x20 0x2D          DC8 0x20, 0x2D, 0x2D, 0x2D, 0x2D, 0x2D, 0x2D, 0x2D

   \              0x2D 0x2D    

   \              0x2D 0x2D    

   \              0x2D 0x2D
   \       0x28   0x2D 0x2D          DC8 0x2D, 0x2D, 0x2D, 0x2D, 0x2D, 0x2D, 0x2D, 0x2D

   \              0x2D 0x2D    

   \              0x2D 0x2D    

   \              0x2D 0x2D
   \       0x30   0x2D 0x2D          DC8 0x2D, 0x2D, 0x2D, 0x2D, 0x2D, 0x2D, 0x2D, 0x2D

   \              0x2D 0x2D    

   \              0x2D 0x2D    

   \              0x2D 0x2D
   \       0x38   0x20 0x33          DC8 0x20, 0x33, 0x0D, 0x0A, 0x0A, 0

   \              0x0D 0x0A    

   \              0x0A 0x00
   \       0x3E                      DS8 2

   \                                 In section .rodata, align 4
   \                     ?_23:
   \        0x0   0x20 0x20          DC8 0x20, 0x20, 0x44, 0x69, 0x73, 0x61, 0x62, 0x6C

   \              0x44 0x69    

   \              0x73 0x61    

   \              0x62 0x6C
   \        0x8   0x65 0x20          DC8 0x65, 0x20, 0x74, 0x68, 0x65, 0x20, 0x77, 0x72

   \              0x74 0x68    

   \              0x65 0x20    

   \              0x77 0x72
   \       0x10   0x69 0x74          DC8 0x69, 0x74, 0x65, 0x20, 0x70, 0x72, 0x6F, 0x74

   \              0x65 0x20    

   \              0x70 0x72    

   \              0x6F 0x74
   \       0x18   0x65 0x63          DC8 0x65, 0x63, 0x74, 0x69, 0x6F, 0x6E, 0x20, 0x2D

   \              0x74 0x69    

   \              0x6F 0x6E    

   \              0x20 0x2D
   \       0x20   0x2D 0x2D          DC8 0x2D, 0x2D, 0x2D, 0x2D, 0x2D, 0x2D, 0x2D, 0x2D

   \              0x2D 0x2D    

   \              0x2D 0x2D    

   \              0x2D 0x2D
   \       0x28   0x2D 0x2D          DC8 0x2D, 0x2D, 0x2D, 0x2D, 0x2D, 0x2D, 0x2D, 0x2D

   \              0x2D 0x2D    

   \              0x2D 0x2D    

   \              0x2D 0x2D
   \       0x30   0x2D 0x2D          DC8 0x2D, 0x2D, 0x2D, 0x2D, 0x2D, 0x2D, 0x2D, 0x2D

   \              0x2D 0x2D    

   \              0x2D 0x2D    

   \              0x2D 0x2D
   \       0x38   0x20 0x34          DC8 0x20, 0x34, 0x0D, 0x0A, 0x0A, 0

   \              0x0D 0x0A    

   \              0x0A 0x00
   \       0x3E                      DS8 2

   \                                 In section .rodata, align 4
   \                     ?_24:
   \        0x0   0x20 0x20          DC8 0x20, 0x20, 0x45, 0x6E, 0x61, 0x62, 0x6C, 0x65

   \              0x45 0x6E    

   \              0x61 0x62    

   \              0x6C 0x65
   \        0x8   0x20 0x74          DC8 0x20, 0x74, 0x68, 0x65, 0x20, 0x77, 0x72, 0x69

   \              0x68 0x65    

   \              0x20 0x77    

   \              0x72 0x69
   \       0x10   0x74 0x65          DC8 0x74, 0x65, 0x20, 0x70, 0x72, 0x6F, 0x74, 0x65

   \              0x20 0x70    

   \              0x72 0x6F    

   \              0x74 0x65
   \       0x18   0x63 0x74          DC8 0x63, 0x74, 0x69, 0x6F, 0x6E, 0x20, 0x2D, 0x2D

   \              0x69 0x6F    

   \              0x6E 0x20    

   \              0x2D 0x2D
   \       0x20   0x2D 0x2D          DC8 0x2D, 0x2D, 0x2D, 0x2D, 0x2D, 0x2D, 0x2D, 0x2D

   \              0x2D 0x2D    

   \              0x2D 0x2D    

   \              0x2D 0x2D
   \       0x28   0x2D 0x2D          DC8 0x2D, 0x2D, 0x2D, 0x2D, 0x2D, 0x2D, 0x2D, 0x2D

   \              0x2D 0x2D    

   \              0x2D 0x2D    

   \              0x2D 0x2D
   \       0x30   0x2D 0x2D          DC8 0x2D, 0x2D, 0x2D, 0x2D, 0x2D, 0x2D, 0x2D, 0x2D

   \              0x2D 0x2D    

   \              0x2D 0x2D    

   \              0x2D 0x2D
   \       0x38   0x20 0x34          DC8 0x20, 0x34, 0x0D, 0x0A, 0x0A, 0

   \              0x0D 0x0A    

   \              0x0A 0x00
   \       0x3E                      DS8 2

   \                                 In section .rodata, align 4
   \                     ?_25:
   \        0x0   0x3D 0x3D          DC8 0x3D, 0x3D, 0x3D, 0x3D, 0x3D, 0x3D, 0x3D, 0x3D

   \              0x3D 0x3D    

   \              0x3D 0x3D    

   \              0x3D 0x3D
   \        0x8   0x3D 0x3D          DC8 0x3D, 0x3D, 0x3D, 0x3D, 0x3D, 0x3D, 0x3D, 0x3D

   \              0x3D 0x3D    

   \              0x3D 0x3D    

   \              0x3D 0x3D
   \       0x10   0x3D 0x3D          DC8 0x3D, 0x3D, 0x3D, 0x3D, 0x3D, 0x3D, 0x3D, 0x3D

   \              0x3D 0x3D    

   \              0x3D 0x3D    

   \              0x3D 0x3D
   \       0x18   0x3D 0x3D          DC8 0x3D, 0x3D, 0x3D, 0x3D, 0x3D, 0x3D, 0x3D, 0x3D

   \              0x3D 0x3D    

   \              0x3D 0x3D    

   \              0x3D 0x3D
   \       0x20   0x3D 0x3D          DC8 0x3D, 0x3D, 0x3D, 0x3D, 0x3D, 0x3D, 0x3D, 0x3D

   \              0x3D 0x3D    

   \              0x3D 0x3D    

   \              0x3D 0x3D
   \       0x28   0x3D 0x3D          DC8 0x3D, 0x3D, 0x3D, 0x3D, 0x3D, 0x3D, 0x3D, 0x3D

   \              0x3D 0x3D    

   \              0x3D 0x3D    

   \              0x3D 0x3D
   \       0x30   0x3D 0x3D          DC8 0x3D, 0x3D, 0x3D, 0x3D, 0x3D, 0x3D, 0x3D, 0x3D

   \              0x3D 0x3D    

   \              0x3D 0x3D    

   \              0x3D 0x3D
   \       0x38   0x3D 0x3D          DC8 0x3D, 0x3D, 0x0D, 0x0A, 0x0A, 0

   \              0x0D 0x0A    

   \              0x0A 0x00
   \       0x3E                      DS8 2

   \                                 In section .rodata, align 4
   \                     ?_26:
   \        0x0   0x53 0x74          DC8 "Start program execution......\015\012\012"

   \              0x61 0x72    

   \              0x74 0x20    

   \              0x70 0x72    

   \              0x6F 0x67    

   \              0x72 0x61    

   \              0x6D 0x20    

   \              0x65 0x78    

   \              0x65 0x63    

   \              0x75 0x74    

   \              0x69 0x6F    

   \              0x6E 0x2E    

   \              0x2E 0x2E    

   \              0x2E 0x2E    

   \              0x2E 0x0D    

   \              0x0A 0x0A    

   \              0x00
   \       0x21                      DS8 3

   \                                 In section .rodata, align 4
   \                     ?_27:
   \        0x0   0x57 0x72          DC8 "Write Protection disabled...\015\012"

   \              0x69 0x74    

   \              0x65 0x20    

   \              0x50 0x72    

   \              0x6F 0x74    

   \              0x65 0x63    

   \              0x74 0x69    

   \              0x6F 0x6E    

   \              0x20 0x64    

   \              0x69 0x73    

   \              0x61 0x62    

   \              0x6C 0x65    

   \              0x64 0x2E    

   \              0x2E 0x2E    

   \              0x0D 0x0A    

   \              0x00
   \       0x1F                      DS8 1

   \                                 In section .rodata, align 4
   \                     ?_28:
   \        0x0   0x53 0x79          DC8 "System will now restart...\015\012"

   \              0x73 0x74    

   \              0x65 0x6D    

   \              0x20 0x77    

   \              0x69 0x6C    

   \              0x6C 0x20    

   \              0x6E 0x6F    

   \              0x77 0x20    

   \              0x72 0x65    

   \              0x73 0x74    

   \              0x61 0x72    

   \              0x74 0x2E    

   \              0x2E 0x2E    

   \              0x0D 0x0A    

   \              0x00
   \       0x1D                      DS8 3

   \                                 In section .rodata, align 4
   \                     ?_29:
   \        0x0   0x45 0x72          DC8 "Error: Flash write un-protection failed...\015\012"

   \              0x72 0x6F    

   \              0x72 0x3A    

   \              0x20 0x46    

   \              0x6C 0x61    

   \              0x73 0x68    

   \              0x20 0x77    

   \              0x72 0x69    

   \              0x74 0x65    

   \              0x20 0x75    

   \              0x6E 0x2D    

   \              0x70 0x72    

   \              0x6F 0x74    

   \              0x65 0x63    

   \              0x74 0x69    

   \              0x6F 0x6E    

   \              0x20 0x66    

   \              0x61 0x69    

   \              0x6C 0x65    

   \              0x64 0x2E    

   \              0x2E 0x2E    

   \              0x0D 0x0A    

   \              0x00
   \       0x2D                      DS8 3

   \                                 In section .rodata, align 4
   \                     ?_30:
   \        0x0   0x57 0x72          DC8 "Write Protection enabled...\015\012"

   \              0x69 0x74    

   \              0x65 0x20    

   \              0x50 0x72    

   \              0x6F 0x74    

   \              0x65 0x63    

   \              0x74 0x69    

   \              0x6F 0x6E    

   \              0x20 0x65    

   \              0x6E 0x61    

   \              0x62 0x6C    

   \              0x65 0x64    

   \              0x2E 0x2E    

   \              0x2E 0x0D    

   \              0x0A 0x00
   \       0x1E                      DS8 2

   \                                 In section .rodata, align 4
   \                     ?_31:
   \        0x0   0x45 0x72          DC8 "Error: Flash write protection failed...\015\012"

   \              0x72 0x6F    

   \              0x72 0x3A    

   \              0x20 0x46    

   \              0x6C 0x61    

   \              0x73 0x68    

   \              0x20 0x77    

   \              0x72 0x69    

   \              0x74 0x65    

   \              0x20 0x70    

   \              0x72 0x6F    

   \              0x74 0x65    

   \              0x63 0x74    

   \              0x69 0x6F    

   \              0x6E 0x20    

   \              0x66 0x61    

   \              0x69 0x6C    

   \              0x65 0x64    

   \              0x2E 0x2E    

   \              0x2E 0x0D    

   \              0x0A 0x00
   \       0x2A                      DS8 2

   \                                 In section .rodata, align 4
   \                     ?_32:
   \        0x0   0x49 0x6E          DC8 0x49, 0x6E, 0x76, 0x61, 0x6C, 0x69, 0x64, 0x20

   \              0x76 0x61    

   \              0x6C 0x69    

   \              0x64 0x20
   \        0x8   0x4E 0x75          DC8 0x4E, 0x75, 0x6D, 0x62, 0x65, 0x72, 0x20, 0x21

   \              0x6D 0x62    

   \              0x65 0x72    

   \              0x20 0x21
   \       0x10   0x20 0x3D          DC8 0x20, 0x3D, 0x3D, 0x3E, 0x20, 0x54, 0x68, 0x65

   \              0x3D 0x3E    

   \              0x20 0x54    

   \              0x68 0x65
   \       0x18   0x20 0x6E          DC8 0x20, 0x6E, 0x75, 0x6D, 0x62, 0x65, 0x72, 0x20

   \              0x75 0x6D    

   \              0x62 0x65    

   \              0x72 0x20
   \       0x20   0x73 0x68          DC8 0x73, 0x68, 0x6F, 0x75, 0x6C, 0x64, 0x20, 0x62

   \              0x6F 0x75    

   \              0x6C 0x64    

   \              0x20 0x62
   \       0x28   0x65 0x20          DC8 0x65, 0x20, 0x65, 0x69, 0x74, 0x68, 0x65, 0x72

   \              0x65 0x69    

   \              0x74 0x68    

   \              0x65 0x72
   \       0x30   0x20 0x31          DC8 0x20, 0x31, 0x2C, 0x20, 0x32, 0x2C, 0x20, 0x33

   \              0x2C 0x20    

   \              0x32 0x2C    

   \              0x20 0x33
   \       0x38   0x20 0x6F          DC8 0x20, 0x6F, 0x72, 0x20, 0x34, 0x0D, 0

   \              0x72 0x20    

   \              0x34 0x0D    

   \              0x00
   \       0x3F                      DS8 1
    239          
    240          /**
    241            * @}
    242            */
    243          
    244          /************************ (C) COPYRIGHT STMicroelectronics *****END OF FILE****/

   Maximum stack usage in bytes:

   .cstack Function
   ------- --------
      16   IAP_Menu
        16   -- Indirect call
        16   -> FLASH_If_GetWriteProtectionStatus
        16   -> FLASH_If_WriteProtectionConfig
        16   -> HAL_DeInit
        16   -> HAL_FLASH_OB_Launch
        16   -> HAL_FLASH_Unlock
        16   -> SerialDownload
        16   -> SerialUpload
        16   -> getchar
        16   -> printf
        16   -> vPortEnterCritical
      24   SerialDownload
        24   -> Int2Str
        24   -> Ymodem_Receive
        24   -> memset
        24   -> printf
       8   SerialUpload
         8   -> HAL_UART_Receive
         8   -> Ymodem_Transmit
         8   -> printf


   Section sizes:

   Bytes  Function/Label
   -----  --------------
       4  ??DataTable2
       4  ??DataTable2_1
       4  ??DataTable2_10
       4  ??DataTable2_11
       4  ??DataTable2_12
       4  ??DataTable2_13
       4  ??DataTable2_14
       4  ??DataTable2_15
       4  ??DataTable2_16
       4  ??DataTable2_17
       4  ??DataTable2_18
       4  ??DataTable2_19
       4  ??DataTable2_2
       4  ??DataTable2_20
       4  ??DataTable2_21
       4  ??DataTable2_22
       4  ??DataTable2_23
       4  ??DataTable2_24
       4  ??DataTable2_25
       4  ??DataTable2_26
       4  ??DataTable2_27
       4  ??DataTable2_28
       4  ??DataTable2_29
       4  ??DataTable2_3
       4  ??DataTable2_30
       4  ??DataTable2_31
       4  ??DataTable2_32
       4  ??DataTable2_33
       4  ??DataTable2_34
       4  ??DataTable2_35
       4  ??DataTable2_36
       4  ??DataTable2_37
       4  ??DataTable2_38
       4  ??DataTable2_39
       4  ??DataTable2_4
       4  ??DataTable2_5
       4  ??DataTable2_6
       4  ??DataTable2_7
       4  ??DataTable2_8
       4  ??DataTable2_9
      60  ?_0
      84  ?_1
      24  ?_10
      44  ?_11
      32  ?_12
      76  ?_13
      76  ?_14
      76  ?_15
      76  ?_16
      76  ?_17
       8  ?_18
      64  ?_19
      12  ?_2
      64  ?_20
      64  ?_21
      64  ?_22
      64  ?_23
      64  ?_24
      64  ?_25
      36  ?_26
      32  ?_27
      32  ?_28
      48  ?_29
      12  ?_3
      32  ?_30
      44  ?_31
      64  ?_32
      24  ?_4
      64  ?_5
      28  ?_6
      24  ?_7
      32  ?_8
      28  ?_9
       4  FlashProtection
     292  IAP_Menu
       4  JumpToApplication
     140  SerialDownload
      76  SerialUpload
      64  aFileName

 
    72 bytes in section .bss
 1'592 bytes in section .rodata
   668 bytes in section .text
 
   668 bytes of CODE  memory
 1'592 bytes of CONST memory
    72 bytes of DATA  memory

Errors: none
Warnings: 6
