###############################################################################
#
#                                                         30/Sep/2022  17:12:36
# IAR ANSI C/C++ Compiler V9.20.3.326/W64 for ARM Functional Safety
# Copyright 1999-2022 IAR Systems AB.
#
#    Cpu mode                 =  thumb
#    Endian                   =  little
#    Source file              =
#        C:\D\Git_Hub\STM_IAR_SIL_Change\Library\upgrade.c
#    Command line             =
#        -f C:\D\Git_Hub\STM_IAR_SIL_Change\EWARM\RFM\Obj\Library\upgrade.o.rsp
#        (C:\D\Git_Hub\STM_IAR_SIL_Change\Library\upgrade.c -D USE_HAL_DRIVER
#        -D STM32F407xx -lC
#        C:\D\Git_Hub\STM_IAR_SIL_Change\EWARM\RFM\List\Library -o
#        C:\D\Git_Hub\STM_IAR_SIL_Change\EWARM\RFM\Obj\Library --no_cse
#        --no_unroll --no_inline --no_code_motion --no_tbaa --no_clustering
#        --no_scheduling --debug --endian=little --cpu=Cortex-M4 -e
#        --fpu=VFPv4_sp --dlib_config "C:\Program Files\IAR Systems\Embedded
#        Workbench 9.0 EWARM FS 9.20.3\arm\inc\c\DLib_Config_Full.h" -I
#        C:\D\Git_Hub\STM_IAR_SIL_Change\EWARM/../USB_DEVICE/App\ -I
#        C:\D\Git_Hub\STM_IAR_SIL_Change\EWARM/../USB_DEVICE/Target\ -I
#        C:\D\Git_Hub\STM_IAR_SIL_Change\EWARM/../Core/Inc\ -I
#        C:\D\Git_Hub\STM_IAR_SIL_Change\EWARM/../Drivers/STM32F4xx_HAL_Driver/Inc\
#        -I
#        C:\D\Git_Hub\STM_IAR_SIL_Change\EWARM/../Drivers/STM32F4xx_HAL_Driver/Inc/Legacy\
#        -I
#        C:\D\Git_Hub\STM_IAR_SIL_Change\EWARM/../Middlewares/ST/STM32_USB_Device_Library/Core/Inc\
#        -I
#        C:\D\Git_Hub\STM_IAR_SIL_Change\EWARM/../Middlewares/ST/STM32_USB_Device_Library/Class/CDC/Inc\
#        -I
#        C:\D\Git_Hub\STM_IAR_SIL_Change\EWARM/../Drivers/CMSIS/Device/ST/STM32F4xx/Include\
#        -I C:\D\Git_Hub\STM_IAR_SIL_Change\EWARM/../Drivers/CMSIS/Include\ -I
#        C:\D\Git_Hub\STM_IAR_SIL_Change\EWARM/../Drivers/radio\ -I
#        C:\D\Git_Hub\STM_IAR_SIL_Change\EWARM/../Drivers/radio/Si446x\ -I
#        C:\D\Git_Hub\STM_IAR_SIL_Change\EWARM/../Drivers/display\ -I
#        C:\D\Git_Hub\STM_IAR_SIL_Change\EWARM/../Library\ -I
#        C:\D\Git_Hub\STM_IAR_SIL_Change\EWARM\..\Drivers\display\fonts\ -I
#        C:\D\Git_Hub\STM_IAR_SIL_Change\EWARM\..\Drivers\STM32F4xx_HAL_Driver\Src\
#        -On --use_c++_inline -I "C:\Program Files\IAR Systems\Embedded
#        Workbench 9.0 EWARM FS 9.20.3\arm\CMSIS\Core\Include\\")
#        --dependencies=n
#        C:\D\Git_Hub\STM_IAR_SIL_Change\EWARM\RFM\Obj\Library\upgrade.o.d
#    Locale                   =  C
#    List file                =
#        C:\D\Git_Hub\STM_IAR_SIL_Change\EWARM\RFM\List\Library\upgrade.lst
#    Object file              =
#        C:\D\Git_Hub\STM_IAR_SIL_Change\EWARM\RFM\Obj\Library\upgrade.o
#    Runtime model:              
#      __CPP_Runtime          =  1
#      __SystemLibrary        =  DLib
#      __dlib_file_descriptor =  1
#      __dlib_version         =  6
#      __iar_require _Printf  =  flags,widths
#      __iar_require _Scanf      
#
###############################################################################

C:\D\Git_Hub\STM_IAR_SIL_Change\Library\upgrade.c
      1          /*------------------------------------------------------------------------------------------
      2          	Project			: It Library
      3          	Description		: 
      4          
      5          	Writer			: $Author: zlkit $
      6          	Revision		: $Rev: 1891 $
      7          	Date			: 2019. 10.
      8          	Copyright		: Piranti Corp.	( sw@piranti.co.kr )
      9          	 
     10          	Revision History 
     11          	1. 2019. 10.	: Created
     12          -------------------------------------------------------------------------------------------*/
     13          
     14          //========================================================================
     15          // Header
     16          
     17          #include <stdio.h>			//	printf()
     18          
     19          #include <stdint.h>			//	uint32_t
     20          
     21          #include <string.h>			//	memset()
     22          
     23          #include "typedef.h"			//	uint32_t, ...
     24          #include "compiler_defs.h"		//	U8,

  # warning unrecognized compiler
    ^
"C:\D\Git_Hub\STM_IAR_SIL_Change\Drivers\radio\compiler_defs.h",744  Warning[Pa183]: 
          #warning directive: unrecognized compiler

  typedef unsigned char U8;
                        ^
"C:\D\Git_Hub\STM_IAR_SIL_Change\Drivers\radio\compiler_defs.h",788  Warning[Pe301]: 
          typedef name has already been declared (with same type)

  typedef unsigned int U16;
                       ^
"C:\D\Git_Hub\STM_IAR_SIL_Change\Drivers\radio\compiler_defs.h",789  Warning[Pe301]: 
          typedef name has already been declared (with same type)

  typedef unsigned long U32;
                        ^
"C:\D\Git_Hub\STM_IAR_SIL_Change\Drivers\radio\compiler_defs.h",790  Warning[Pe301]: 
          typedef name has already been declared (with same type)

  typedef signed char S8;
                      ^
"C:\D\Git_Hub\STM_IAR_SIL_Change\Drivers\radio\compiler_defs.h",792  Warning[Pe301]: 
          typedef name has already been declared (with same type)

  typedef signed int S16;
                     ^
"C:\D\Git_Hub\STM_IAR_SIL_Change\Drivers\radio\compiler_defs.h",793  Warning[Pe301]: 
          typedef name has already been declared (with same type)

  typedef signed long S32;
                      ^
"C:\D\Git_Hub\STM_IAR_SIL_Change\Drivers\radio\compiler_defs.h",794  Warning[Pe301]: 
          typedef name has already been declared (with same type)
     25          
     26          #include "upgrade.h"
     27          
     28          #include "rfm.h"				//	g_idxTrainSet

  	};
  	 ^
"C:\D\Git_Hub\STM_IAR_SIL_Change\Library\RFMProtocol.h",293  Warning[Pe040]: 
          expected an identifier

  	};
  	 ^
"C:\D\Git_Hub\STM_IAR_SIL_Change\Library\RFMProtocol.h",311  Warning[Pe040]: 
          expected an identifier

  	};
  	 ^
"C:\D\Git_Hub\STM_IAR_SIL_Change\Library\RFMProtocol.h",419  Warning[Pe040]: 
          expected an identifier

  	};
  	 ^
"C:\D\Git_Hub\STM_IAR_SIL_Change\Library\RFMProtocol.h",457  Warning[Pe040]: 
          expected an identifier

  	};
  	 ^
"C:\D\Git_Hub\STM_IAR_SIL_Change\Library\RFMProtocol.h",462  Warning[Pe040]: 
          expected an identifier

  	};
  	 ^
"C:\D\Git_Hub\STM_IAR_SIL_Change\Library\RFMProtocol.h",484  Warning[Pe040]: 
          expected an identifier

  	};
  	 ^
"C:\D\Git_Hub\STM_IAR_SIL_Change\Library\RFMProtocol.h",510  Warning[Pe040]: 
          expected an identifier

  	};
  	 ^
"C:\D\Git_Hub\STM_IAR_SIL_Change\Library\RFMProtocol.h",518  Warning[Pe040]: 
          expected an identifier
     29          
     30          #include "radio.h"				//	pRadioConfiguration
     31          
     32          #include "flash_if.h"			//	ADDR_FLASH_BOOT
     33          
     34          #include "main.h"				//	hiwdg
     35          
     36          //========================================================================
     37          // Define
     38          

   \                                 In section .bss, align 2
     39          static uint16_t s_bUpgrRetry = 0;		//	Upgrade Retry
   \                     s_bUpgrRetry:
   \        0x0                      DS8 2
     40          
     41          //========================================================================
     42          // Function
     43          
     44          //========================================================================

   \                                 In section .text, align 2, keep-with-next
     45          void SetUpgrReTry( uint16_t _bUpgrRetry )
     46          //========================================================================
     47          {
     48          	s_bUpgrRetry = _bUpgrRetry;
   \                     SetUpgrReTry: (+1)
   \        0x0   0x....             LDR.N    R1,??DataTable4_1
   \        0x2   0x8008             STRH     R0,[R1, #+0]
     49          }
   \        0x4   0x4770             BX       LR
     50          
     51          //========================================================================

   \                                 In section .text, align 2, keep-with-next
     52          uint16_t GetUpgrReTry( void )
     53          //========================================================================
     54          {
     55          	return (uint16_t)s_bUpgrRetry;
   \                     GetUpgrReTry: (+1)
   \        0x0   0x....             LDR.N    R0,??DataTable4_1
   \        0x2   0x8800             LDRH     R0,[R0, #+0]
   \        0x4   0x4770             BX       LR
     56          }
     57          
     58          
     59          //========================================================================

   \                                 In section .text, align 2, keep-with-next
     60          uint32_t UpgrSendImage		( uint32_t nAddrBase, uint32_t nSizeImage )
     61          //========================================================================
     62          {
   \                     UpgrSendImage: (+1)
   \        0x0   0xE92D 0x4FF8      PUSH     {R3-R11,LR}
   \        0x4   0xB0B4             SUB      SP,SP,#+208
   \        0x6   0x0006             MOVS     R6,R0
   \        0x8   0x000F             MOVS     R7,R1
     63          	//	송신기 Upgrade 명령.
     64          	printf( "%s(%d) - baseAddr(0x%08X) / size(%d)\n", __func__, __LINE__, nAddrBase, nSizeImage );
   \        0xA   0x9700             STR      R7,[SP, #+0]
   \        0xC   0x0033             MOVS     R3,R6
   \        0xE   0x2240             MOVS     R2,#+64
   \       0x10   0x....             LDR.N    R1,??DataTable4_2
   \       0x12   0x....             LDR.N    R0,??DataTable4_3
   \       0x14   0x.... 0x....      BL       printf
     65          
     66          	uint32_t	nAddrTarget;
     67          
     68          	uint8_t		sBuf[100];
     69          	uint32_t	nSize;
     70          
     71          	//========================================================================
     72          	//	0x0800 0000 ~ 0x0807 FFFF	:	Bootloader + Application
     73          	//========================================================================
     74          	//	0x0808 0000 ~ 0x080F FFFF	:	Upgrade Image
     75          	//========================================================================
     76          	nAddrTarget		=	nAddrBase + 0x80000;// + SIZE_FLASH_BOOTAPP;
   \       0x18   0xF516 0x2000      ADDS     R0,R6,#+524288
   \       0x1C   0x9001             STR      R0,[SP, #+4]
     77          
     78          	uint32_t i, j;
     79          //	int nTotPkt = ( ( nSizeImage + 49 ) / 50 );
     80          	uint32_t nTotPkt = (uint32_t)( ( (uint32_t)nSizeImage + ((uint32_t)PktUpgrDataSize - 1) ) / (uint32_t)PktUpgrDataSize );
   \       0x1E   0xF117 0x002F      ADDS     R0,R7,#+47
   \       0x22   0x2130             MOVS     R1,#+48
   \       0x24   0xFBB0 0xF8F1      UDIV     R8,R0,R1
     81          
     82          	char	sLCD[100];
     83          
     84          	LCDEnableDebug( 0 );	//	LCD - console printf Off
                 	^
Warning[Pe223]: function "LCDEnableDebug" declared implicitly
   \       0x28   0x2000             MOVS     R0,#+0
   \       0x2A   0x.... 0x....      BL       LCDEnableDebug
     85          
     86          	for ( i = 0; i < nTotPkt; i++ )
   \       0x2E   0x2400             MOVS     R4,#+0
   \                     ??UpgrSendImage_0: (+1)
   \       0x30   0x4544             CMP      R4,R8
   \       0x32   0xD264             BCS.N    ??UpgrSendImage_1
     87          	{
     88          		//	Flash Data 전송.
     89          //		memcpy( sBuf, (__IO uint8_t*)(nAddrBase + (i * 50)), 50 );
     90          //		SendUpgrData( nAddrTarget, nTotPkt, i, sBuf, 50 );
     91          		memcpy( &sBuf[0], ( uint8_t *)(nAddrBase + (i * PktUpgrDataSize)),(uint32_t) PktUpgrDataSize );
   \       0x34   0xF05F 0x0930      MOVS     R9,#+48
   \       0x38   0xF05F 0x0A30      MOVS     R10,#+48
   \       0x3C   0xFB0A 0x6A04      MLA      R10,R10,R4,R6
   \       0x40   0xF10D 0x0B6C      ADD      R11,SP,#+108
   \       0x44   0x464A             MOV      R2,R9
   \       0x46   0x4651             MOV      R1,R10
   \       0x48   0x4658             MOV      R0,R11
   \       0x4A   0x.... 0x....      BL       __aeabi_memcpy
     92                  
     93          		SendUpgrData( nAddrTarget, (uint16_t)nTotPkt, (uint16_t)i, &sBuf[0], (uint8_t)PktUpgrDataSize );
   \       0x4E   0x2030             MOVS     R0,#+48
   \       0x50   0x9000             STR      R0,[SP, #+0]
   \       0x52   0xAB1B             ADD      R3,SP,#+108
   \       0x54   0x0022             MOVS     R2,R4
   \       0x56   0xB292             UXTH     R2,R2
   \       0x58   0x4641             MOV      R1,R8
   \       0x5A   0xB289             UXTH     R1,R1
   \       0x5C   0x9801             LDR      R0,[SP, #+4]
   \       0x5E   0x.... 0x....      BL       SendUpgrData
     94          
     95          		//========================================================================
     96          		if ( i == 0 && GetUpgrReTry() == 0 )
   \       0x62   0x2C00             CMP      R4,#+0
   \       0x64   0xD126             BNE.N    ??UpgrSendImage_2
   \       0x66   0x.... 0x....      BL       GetUpgrReTry
   \       0x6A   0x2800             CMP      R0,#+0
   \       0x6C   0xD122             BNE.N    ??UpgrSendImage_2
     97          		{
     98          			//	첫번째 패킷 전송후  Flash Erase Delay : 3 sec
     99          			__HAL_IWDG_RELOAD_COUNTER(&hiwdg);
   \       0x6E   0x.... 0x....      LDR.W    R9,??DataTable4_4
   \       0x72   0xF64A 0x2AAA      MOVW     R10,#+43690
   \       0x76   0xF8D9 0x0000      LDR      R0,[R9, #+0]
   \       0x7A   0xF8C0 0xA000      STR      R10,[R0, #+0]
    100          			sprintf( sLCD, "Upgr:FL Erase", i, nTotPkt );
                 			                                ^
Warning[Pe225]: the format string ends before this argument
   \       0x7E   0x4643             MOV      R3,R8
   \       0x80   0x0022             MOVS     R2,R4
   \       0x82   0x....             LDR.N    R1,??DataTable4_5
   \       0x84   0xA802             ADD      R0,SP,#+8
   \       0x86   0x.... 0x....      BL       sprintf
    101          			LCDSetCursor( 1, 13 );
                 			^
Warning[Pe223]: function "LCDSetCursor" declared implicitly
   \       0x8A   0x210D             MOVS     R1,#+13
   \       0x8C   0x2001             MOVS     R0,#+1
   \       0x8E   0x.... 0x....      BL       LCDSetCursor
    102          			LCDPrintf( sLCD );
                 			^
Warning[Pe223]: function "LCDPrintf" declared implicitly
   \       0x92   0xA802             ADD      R0,SP,#+8
   \       0x94   0x.... 0x....      BL       LCDPrintf
    103          //			HAL_Delay( 3000 );		//	sleep 3 sec
    104          			for( j = 0; j < 7; j++ )	//	sleep 7 sec
   \       0x98   0x2000             MOVS     R0,#+0
   \       0x9A   0x0005             MOVS     R5,R0
   \                     ??UpgrSendImage_3: (+1)
   \       0x9C   0x2D07             CMP      R5,#+7
   \       0x9E   0xD209             BCS.N    ??UpgrSendImage_2
    105          			{
    106          				HAL_Delay( (uint32_t)1000 );
   \       0xA0   0xF44F 0x707A      MOV      R0,#+1000
   \       0xA4   0x.... 0x....      BL       HAL_Delay
    107          				__HAL_IWDG_RELOAD_COUNTER(&hiwdg);	//	Watchdog Re-Flash
   \       0xA8   0xF8D9 0x0000      LDR      R0,[R9, #+0]
   \       0xAC   0xF8C0 0xA000      STR      R10,[R0, #+0]
    108          			}
   \       0xB0   0x1C6D             ADDS     R5,R5,#+1
   \       0xB2   0xE7F3             B.N      ??UpgrSendImage_3
    109          		}
    110          		//========================================================================
    111          
    112          		//	수신기 Message 표시.
    113          		//	159,596 Byte = 3191 Pkt * 50 Byte
    114          		//	Upgr:[   1 / 3191 ]
    115          		if ( ( i % 10 ) == 0 )
   \                     ??UpgrSendImage_2: (+1)
   \       0xB4   0x200A             MOVS     R0,#+10
   \       0xB6   0xFBB4 0xF1F0      UDIV     R1,R4,R0
   \       0xBA   0xFB00 0x4011      MLS      R0,R0,R1,R4
   \       0xBE   0x2800             CMP      R0,#+0
   \       0xC0   0xD10C             BNE.N    ??UpgrSendImage_4
    116          		{
    117          			sprintf( sLCD, "Upgr:[%4d/%4d]", i, nTotPkt );
   \       0xC2   0x4643             MOV      R3,R8
   \       0xC4   0x0022             MOVS     R2,R4
   \       0xC6   0x....             LDR.N    R1,??DataTable4_6
   \       0xC8   0xA802             ADD      R0,SP,#+8
   \       0xCA   0x.... 0x....      BL       sprintf
    118          			LCDSetCursor( 1, 13 );
                 			^
Warning[Pe223]: function "LCDSetCursor" declared implicitly
   \       0xCE   0x210D             MOVS     R1,#+13
   \       0xD0   0x2001             MOVS     R0,#+1
   \       0xD2   0x.... 0x....      BL       LCDSetCursor
    119          			LCDPrintf( sLCD );
                 			^
Warning[Pe223]: function "LCDPrintf" declared implicitly
   \       0xD6   0xA802             ADD      R0,SP,#+8
   \       0xD8   0x.... 0x....      BL       LCDPrintf
    120          		}
    121          
    122          //		HAL_Delay( 4 );	//	4 msec Delay
    123          //		HAL_Delay( 3 );	//	2 msec Delay
    124          		HAL_Delay( (uint32_t)2 );	//	2 msec Delay
   \                     ??UpgrSendImage_4: (+1)
   \       0xDC   0x2002             MOVS     R0,#+2
   \       0xDE   0x.... 0x....      BL       HAL_Delay
    125          
    126          		//========================================================================
    127          		//	Watchdog Reload
    128          		if ( ( i % 50 ) == 0 )
   \       0xE2   0x2032             MOVS     R0,#+50
   \       0xE4   0xFBB4 0xF1F0      UDIV     R1,R4,R0
   \       0xE8   0xFB00 0x4011      MLS      R0,R0,R1,R4
   \       0xEC   0x2800             CMP      R0,#+0
   \       0xEE   0xD104             BNE.N    ??UpgrSendImage_5
    129          		{
    130          			__HAL_IWDG_RELOAD_COUNTER(&hiwdg);
   \       0xF0   0xF64A 0x20AA      MOVW     R0,#+43690
   \       0xF4   0x....             LDR.N    R1,??DataTable4_4
   \       0xF6   0x6809             LDR      R1,[R1, #+0]
   \       0xF8   0x6008             STR      R0,[R1, #+0]
    131          		}
    132          		//========================================================================
    133          	}
   \                     ??UpgrSendImage_5: (+1)
   \       0xFA   0x1C64             ADDS     R4,R4,#+1
   \       0xFC   0xE798             B.N      ??UpgrSendImage_0
    134          
    135          	sprintf( sLCD, "Upgr:[%4d/%4d]", i, nTotPkt );
   \                     ??UpgrSendImage_1: (+1)
   \       0xFE   0x4643             MOV      R3,R8
   \      0x100   0x0022             MOVS     R2,R4
   \      0x102   0x....             LDR.N    R1,??DataTable4_6
   \      0x104   0xA802             ADD      R0,SP,#+8
   \      0x106   0x.... 0x....      BL       sprintf
    136          	LCDSetCursor( 1, 13 );
                 	^
Warning[Pe223]: function "LCDSetCursor" declared implicitly
   \      0x10A   0x210D             MOVS     R1,#+13
   \      0x10C   0x2001             MOVS     R0,#+1
   \      0x10E   0x.... 0x....      BL       LCDSetCursor
    137          	LCDPrintf( sLCD );
                 	^
Warning[Pe223]: function "LCDPrintf" declared implicitly
   \      0x112   0xA802             ADD      R0,SP,#+8
   \      0x114   0x.... 0x....      BL       LCDPrintf
    138          }
                 ^
Warning[Pe940]: missing return statement at end of non-void function
          "UpgrSendImage"

  	uint32_t	nSize;
  	        	^
"C:\D\Git_Hub\STM_IAR_SIL_Change\Library\upgrade.c",69  Warning[Pe177]: 
          variable "nSize" was declared but never referenced
   \      0x118   0xB035             ADD      SP,SP,#+212
   \      0x11A   0xE8BD 0x8FF0      POP      {R4-R11,PC}
    139          
    140          
    141          //========================================================================

   \                                 In section .text, align 2, keep-with-next
    142          uint32_t UpgrSendImageBoot	( void )
    143          //========================================================================
    144          {
   \                     UpgrSendImageBoot: (+1)
   \        0x0   0xB580             PUSH     {R7,LR}
    145          	//	송신기 Upgrade 명령. - Bootloader
    146          	UpgrSendImage( ADDR_FLASH_BOOT, FLASH_If_GetBootSize() );
   \        0x2   0x.... 0x....      BL       FLASH_If_GetBootSize
   \        0x6   0x0001             MOVS     R1,R0
   \        0x8   0xF05F 0x6000      MOVS     R0,#+134217728
   \        0xC   0x.... 0x....      BL       UpgrSendImage
    147          }
                 ^
Warning[Pe940]: missing return statement at end of non-void function
          "UpgrSendImageBoot"
   \       0x10   0xBD02             POP      {R1,PC}
    148          
    149          //========================================================================

   \                                 In section .text, align 2, keep-with-next
    150          uint32_t UpgrSendImageApp	( void )
    151          //========================================================================
    152          {
   \                     UpgrSendImageApp: (+1)
   \        0x0   0xB580             PUSH     {R7,LR}
    153          	//	송신기 Upgrade 명령. - Application
    154          	UpgrSendImage( ADDR_FLASH_APP, FLASH_If_GetAppSize() );
   \        0x2   0x.... 0x....      BL       FLASH_If_GetAppSize
   \        0x6   0x0001             MOVS     R1,R0
   \        0x8   0x....             LDR.N    R0,??DataTable4_7
   \        0xA   0x.... 0x....      BL       UpgrSendImage
    155          }
                 ^
Warning[Pe940]: missing return statement at end of non-void function
          "UpgrSendImageApp"
   \        0xE   0xBD02             POP      {R1,PC}
    156          
    157          //========================================================================

   \                                 In section .text, align 2, keep-with-next
    158          uint8_t cmd_upgrade	( uint8_t argc, char * argv[] )
    159          //========================================================================
    160          {
   \                     cmd_upgrade: (+1)
   \        0x0   0xB57C             PUSH     {R2-R6,LR}
   \        0x2   0x0004             MOVS     R4,R0
   \        0x4   0x000D             MOVS     R5,R1
    161          	//========================================================================
    162          	//	Upgrade 수신측에서 동작.
    163          	//========================================================================
    164          	//	upgrade ch 1	//	Upgrade 채널 변경.
    165          	//	upgrade [1/0]	//	1(Start) / 0(End)
    166          
    167          	int nVal = 1;
   \        0x6   0x2001             MOVS     R0,#+1
   \        0x8   0x9000             STR      R0,[SP, #+0]
    168          
    169          	printf( "%s(%d)\n", __func__, __LINE__ );
   \        0xA   0x22A9             MOVS     R2,#+169
   \        0xC   0x....             LDR.N    R1,??DataTable4_8
   \        0xE   0x....             LDR.N    R0,??DataTable4_9
   \       0x10   0x.... 0x....      BL       printf
    170          
    171          	//========================================================================
    172          	switch ( argc )
   \       0x14   0x0020             MOVS     R0,R4
   \       0x16   0xB2C0             UXTB     R0,R0
   \       0x18   0x2802             CMP      R0,#+2
   \       0x1A   0xD104             BNE.N    ??cmd_upgrade_0
    173          	{
    174          	case 2:		sscanf( argv[2], "%d", &nVal );			//	cmd [address] [value]
   \       0x1C   0x466A             MOV      R2,SP
   \       0x1E   0x....             ADR.N    R1,??DataTable4
   \       0x20   0x68A8             LDR      R0,[R5, #+8]
   \       0x22   0x.... 0x....      BL       sscanf
    175          //    case 2:		sscanf( argv[1], "%d", &nAddr );		//	cmd [address]
    176          		break;
    177          	}
    178          
    179          	if ( nVal == 1 )
   \                     ??cmd_upgrade_0: (+1)
   \       0x26   0x9800             LDR      R0,[SP, #+0]
   \       0x28   0x2801             CMP      R0,#+1
   \       0x2A   0xD112             BNE.N    ??cmd_upgrade_1
    180          	{
    181          		//========================================================================
    182          		//	Upgrade Start
    183          
    184          		//========================================================================
    185          		//	채널변경. => CH #1
    186          		g_nChRx = ChUpgrDst;		//	Upgrade Channel
   \       0x2C   0x....             LDR.N    R0,??DataTable4_10
   \       0x2E   0x2103             MOVS     R1,#+3
   \       0x30   0x7001             STRB     R1,[R0, #+0]
    187          
    188          		vRadio_StartRX (
    189          			g_nChRx,	//g_idxTrainSet,	//	pRadioConfiguration->Radio_ChannelNumber,
    190          			pRadioConfiguration->Radio_PacketLength );
   \       0x32   0x....             LDR.N    R1,??DataTable4_11
   \       0x34   0x6809             LDR      R1,[R1, #+0]
   \       0x36   0x7949             LDRB     R1,[R1, #+5]
   \       0x38   0x7800             LDRB     R0,[R0, #+0]
   \       0x3A   0x.... 0x....      BL       vRadio_StartRX
    191          
    192          		//========================================================================
    193          		//	Upgrade시 수신기 조명 점등.
    194          		HAL_GPIO_WritePin ( LIGHT_ON_GPIO_Port, LIGHT_ON_Pin, GPIO_PIN_SET );
   \       0x3E   0x2201             MOVS     R2,#+1
   \       0x40   0xF44F 0x7100      MOV      R1,#+512
   \       0x44   0x....             LDR.N    R0,??DataTable4_12
   \       0x46   0x.... 0x....      BL       HAL_GPIO_WritePin
    195          
    196          		//========================================================================
    197          		//	Log 출력 Off
    198          
    199          		//========================================================================
    200          		//	Upgrade Mode
    201          		SetRFMMode( (uint8_t)RFMModeUpgr );		//	Upgrade Mode 설정. ( 상태정보 전송 X )
   \       0x4A   0x2004             MOVS     R0,#+4
   \       0x4C   0x.... 0x....      BL       SetRFMMode
   \       0x50   0xE00F             B.N      ??cmd_upgrade_2
    202          		//========================================================================
    203          	}
    204          	else if ( nVal == 0 )
   \                     ??cmd_upgrade_1: (+1)
   \       0x52   0x9800             LDR      R0,[SP, #+0]
   \       0x54   0x2800             CMP      R0,#+0
   \       0x56   0xD10C             BNE.N    ??cmd_upgrade_2
    205          	{
    206          		//========================================================================
    207          		//	Normal Mode
    208          		SetRFMMode( (uint8_t)RFMModeNormal );	//	Normal Mode 로 변경
   \       0x58   0x2000             MOVS     R0,#+0
   \       0x5A   0x.... 0x....      BL       SetRFMMode
    209          		//========================================================================
    210          
    211          		//  RF 수신 Start
    212          		g_nChRx = GetChRx();	//	ChTS1_1 + g_idxTrainSet * 2 + ((g_nCarNo+1) % 2);	// 현재 호차 채널
   \       0x5E   0x....             LDR.N    R6,??DataTable4_10
   \       0x60   0x.... 0x....      BL       GetChRx
   \       0x64   0x7030             STRB     R0,[R6, #+0]
    213          
    214          		vRadio_StartRX(
    215          			g_nChRx,	//g_idxTrainSet,	//		pRadioConfiguration->Radio_ChannelNumber,
    216          			pRadioConfiguration->Radio_PacketLength );
   \       0x66   0x....             LDR.N    R0,??DataTable4_11
   \       0x68   0x6800             LDR      R0,[R0, #+0]
   \       0x6A   0x7941             LDRB     R1,[R0, #+5]
   \       0x6C   0x7830             LDRB     R0,[R6, #+0]
   \       0x6E   0x.... 0x....      BL       vRadio_StartRX
    217          	}
    218          }
                 ^
Warning[Pe940]: missing return statement at end of non-void function
          "cmd_upgrade"
   \                     ??cmd_upgrade_2: (+1)
   \       0x72   0xBD76             POP      {R1,R2,R4-R6,PC}

   \                                 In section .text, align 4, keep-with-next
   \                     ??DataTable4:
   \        0x0   0x25 0x64          DC8      0x25, 0x64, 0x00, 0x00

   \              0x00 0x00

   \                                 In section .text, align 4, keep-with-next
   \                     ??DataTable4_1:
   \        0x0   0x....'....        DC32     s_bUpgrRetry

   \                                 In section .text, align 4, keep-with-next
   \                     ??DataTable4_2:
   \        0x0   0x....'....        DC32     `UpgrSendImage::__func__`

   \                                 In section .text, align 4, keep-with-next
   \                     ??DataTable4_3:
   \        0x0   0x....'....        DC32     ?_0

   \                                 In section .text, align 4, keep-with-next
   \                     ??DataTable4_4:
   \        0x0   0x....'....        DC32     hiwdg

   \                                 In section .text, align 4, keep-with-next
   \                     ??DataTable4_5:
   \        0x0   0x....'....        DC32     ?_1

   \                                 In section .text, align 4, keep-with-next
   \                     ??DataTable4_6:
   \        0x0   0x....'....        DC32     ?_2

   \                                 In section .text, align 4, keep-with-next
   \                     ??DataTable4_7:
   \        0x0   0x0802'0000        DC32     0x8020000

   \                                 In section .text, align 4, keep-with-next
   \                     ??DataTable4_8:
   \        0x0   0x....'....        DC32     `cmd_upgrade::__func__`

   \                                 In section .text, align 4, keep-with-next
   \                     ??DataTable4_9:
   \        0x0   0x....'....        DC32     ?_3

   \                                 In section .text, align 4, keep-with-next
   \                     ??DataTable4_10:
   \        0x0   0x....'....        DC32     g_nChRx

   \                                 In section .text, align 4, keep-with-next
   \                     ??DataTable4_11:
   \        0x0   0x....'....        DC32     pRadioConfiguration

   \                                 In section .text, align 4, keep-with-next
   \                     ??DataTable4_12:
   \        0x0   0x4002'1000        DC32     0x40021000

   \                                 In section .rodata, align 4
   \                     ?_0:
   \        0x0   0x25 0x73          DC8 "%s(%d) - baseAddr(0x%08X) / size(%d)\012"

   \              0x28 0x25    

   \              0x64 0x29    

   \              0x20 0x2D    

   \              0x20 0x62    

   \              0x61 0x73    

   \              0x65 0x41    

   \              0x64 0x64    

   \              0x72 0x28    

   \              0x30 0x78    

   \              0x25 0x30    

   \              0x38 0x58    

   \              0x29 0x20    

   \              0x2F 0x20    

   \              0x73 0x69    

   \              0x7A 0x65    

   \              0x28 0x25    

   \              0x64 0x29    

   \              0x0A 0x00
   \       0x26                      DS8 2

   \                                 In section .rodata, align 4
   \                     ?_1:
   \        0x0   0x55 0x70          DC8 "Upgr:FL Erase"

   \              0x67 0x72    

   \              0x3A 0x46    

   \              0x4C 0x20    

   \              0x45 0x72    

   \              0x61 0x73    

   \              0x65 0x00
   \        0xE                      DS8 2

   \                                 In section .rodata, align 4
   \                     ?_2:
   \        0x0   0x55 0x70          DC8 "Upgr:[%4d/%4d]"

   \              0x67 0x72    

   \              0x3A 0x5B    

   \              0x25 0x34    

   \              0x64 0x2F    

   \              0x25 0x34    

   \              0x64 0x5D    

   \              0x00
   \        0xF                      DS8 1

   \                                 In section .rodata, align 4
   \                     ?_3:
   \        0x0   0x25 0x73          DC8 "%s(%d)\012"

   \              0x28 0x25    

   \              0x64 0x29    

   \              0x0A 0x00

   \                                 In section .rodata, align 4
   \        0x0   0x25 0x64          DC8 "%d"

   \              0x00
   \        0x3                      DS8 1
    219          //========================================================================
    220          

   Maximum stack usage in bytes:

   .cstack Function
   ------- --------
       0   GetUpgrReTry
       0   SetUpgrReTry
     248   UpgrSendImage
       248   -> GetUpgrReTry
       248   -> HAL_Delay
       248   -> LCDEnableDebug
       248   -> LCDPrintf
       248   -> LCDSetCursor
       248   -> SendUpgrData
       248   -> __aeabi_memcpy
       248   -> printf
       248   -> sprintf
       8   UpgrSendImageApp
         8   -> FLASH_If_GetAppSize
         8   -> UpgrSendImage
       8   UpgrSendImageBoot
         8   -> FLASH_If_GetBootSize
         8   -> UpgrSendImage
      24   cmd_upgrade
        24   -> GetChRx
        24   -> HAL_GPIO_WritePin
        24   -> SetRFMMode
        24   -> printf
        24   -> sscanf
        24   -> vRadio_StartRX


   Section sizes:

   Bytes  Function/Label
   -----  --------------
       4  ??DataTable4
       4  ??DataTable4_1
       4  ??DataTable4_10
       4  ??DataTable4_11
       4  ??DataTable4_12
       4  ??DataTable4_2
       4  ??DataTable4_3
       4  ??DataTable4_4
       4  ??DataTable4_5
       4  ??DataTable4_6
       4  ??DataTable4_7
       4  ??DataTable4_8
       4  ??DataTable4_9
      40  ?_0
      16  ?_1
      16  ?_2
       8  ?_3
       4  ?_4
       6  GetUpgrReTry
       6  SetUpgrReTry
     286  UpgrSendImage
      16  UpgrSendImageApp
      18  UpgrSendImageBoot
     116  cmd_upgrade
       2  s_bUpgrRetry
      28  -- Other

 
   2 bytes in section .bss
 112 bytes in section .rodata
 500 bytes in section .text
 
 500 bytes of CODE  memory
 112 bytes of CONST memory
   2 bytes of DATA  memory

Errors: none
Warnings: 28
