###############################################################################
#
# IAR ANSI C/C++ Compiler V9.30.1.335/W64 for ARM         21/Sep/2022  13:06:25
# Copyright 1999-2022 IAR Systems AB.
#
#    Cpu mode                     =  thumb
#    Endian                       =  little
#    Source file                  =
#        C:\D\Git_Hub\STM_IAR_SIL_Change\Library\VerInfo.c
#    Command line                 =
#        -f C:\D\Git_Hub\STM_IAR_SIL_Change\EWARM\RFM\Obj\Library\VerInfo.o.rsp
#        (C:\D\Git_Hub\STM_IAR_SIL_Change\Library\VerInfo.c -D USE_HAL_DRIVER
#        -D STM32F407xx -lC
#        C:\D\Git_Hub\STM_IAR_SIL_Change\EWARM\RFM\List\Library -o
#        C:\D\Git_Hub\STM_IAR_SIL_Change\EWARM\RFM\Obj\Library --no_cse
#        --no_unroll --no_inline --no_code_motion --no_tbaa --no_clustering
#        --no_scheduling --debug --endian=little --cpu=Cortex-M4 -e
#        --fpu=VFPv4_sp --dlib_config "C:\Program Files\IAR Systems\Embedded
#        Workbench 9.1\arm\inc\c\DLib_Config_Full.h" -I
#        C:\D\Git_Hub\STM_IAR_SIL_Change\EWARM/../USB_DEVICE/App\ -I
#        C:\D\Git_Hub\STM_IAR_SIL_Change\EWARM/../USB_DEVICE/Target\ -I
#        C:\D\Git_Hub\STM_IAR_SIL_Change\EWARM/../Core/Inc\ -I
#        C:\D\Git_Hub\STM_IAR_SIL_Change\EWARM/../Drivers/STM32F4xx_HAL_Driver/Inc\
#        -I
#        C:\D\Git_Hub\STM_IAR_SIL_Change\EWARM/../Drivers/STM32F4xx_HAL_Driver/Inc/Legacy\
#        -I
#        C:\D\Git_Hub\STM_IAR_SIL_Change\EWARM/../Middlewares/ST/STM32_USB_Device_Library/Core/Inc\
#        -I
#        C:\D\Git_Hub\STM_IAR_SIL_Change\EWARM/../Middlewares/ST/STM32_USB_Device_Library/Class/CDC/Inc\
#        -I
#        C:\D\Git_Hub\STM_IAR_SIL_Change\EWARM/../Drivers/CMSIS/Device/ST/STM32F4xx/Include\
#        -I C:\D\Git_Hub\STM_IAR_SIL_Change\EWARM/../Drivers/CMSIS/Include\ -I
#        C:\D\Git_Hub\STM_IAR_SIL_Change\EWARM/../Drivers/radio\ -I
#        C:\D\Git_Hub\STM_IAR_SIL_Change\EWARM/../Drivers/radio/Si446x\ -I
#        C:\D\Git_Hub\STM_IAR_SIL_Change\EWARM/../Drivers/display\ -I
#        C:\D\Git_Hub\STM_IAR_SIL_Change\EWARM/../Library\ -I
#        C:\D\Git_Hub\STM_IAR_SIL_Change\EWARM\..\Drivers\display\fonts\ -I
#        C:\D\Git_Hub\STM_IAR_SIL_Change\EWARM\..\Drivers\STM32F4xx_HAL_Driver\Src\
#        -On --use_c++_inline -I "C:\Program Files\IAR Systems\Embedded
#        Workbench 9.1\arm\CMSIS\Core\Include\\") --dependencies=n
#        C:\D\Git_Hub\STM_IAR_SIL_Change\EWARM\RFM\Obj\Library\VerInfo.o.d
#    Locale                       =  C
#    List file                    =
#        C:\D\Git_Hub\STM_IAR_SIL_Change\EWARM\RFM\List\Library\VerInfo.lst
#    Object file                  =
#        C:\D\Git_Hub\STM_IAR_SIL_Change\EWARM\RFM\Obj\Library\VerInfo.o
#    Runtime model:                  
#      __CPP_Runtime              =  1
#      __SystemLibrary            =  DLib
#      __dlib_file_descriptor     =  1
#      __dlib_full_locale_support =  1
#      __dlib_version             =  6
#      __iar_require _Printf         
#      __iar_require _Scanf          
#
###############################################################################

C:\D\Git_Hub\STM_IAR_SIL_Change\Library\VerInfo.c
      1          /*------------------------------------------------------------------------------------------
      2          	Project			: LED
      3          	Description		: 
      4          
      5          	Writer			: $Author: zlkit $
      6          	Revision		: $Rev: 1891 $
      7          	Date			: 2019. 01.
      8          	Copyright		: Piranti Corp. ( zlkit@piranti.co.kr )
      9          	 
     10          	Revision History 
     11          	1. 2019. 01.	: Created
     12          -------------------------------------------------------------------------------------------*/
     13          
     14          //========================================================================
     15          // Header
     16          
     17          #include <stdio.h>
     18          #include <stdlib.h>
     19          #include <string.h>
     20          
     21          //#include <tchar.h>			// TCHAR
     22          
     23          #include "VerInfo.h"
     24          
     25          //========================================================================
     26          // Define
     27          

   \                                 In section .data, align 4
     28          const char_t *g_sCompileDate = __DATE__;
   \                     g_sCompileDate:
   \        0x0   0x....'....        DC32 ?_0

   \                                 In section .data, align 4
     29          const char_t *g_sCompileTime = __TIME__;
   \                     g_sCompileTime:
   \        0x0   0x....'....        DC32 ?_1
     30          
     31          //========================================================================
     32          // Function
     33          

   \                                 In section .text, align 2, keep-with-next
     34          VER_INFO *GetAppVer() { return &g_Version; }
   \                     GetAppVer: (+1)
   \        0x0   0x....             LDR.N    R0,??DataTable1_1
   \        0x2   0x4770             BX       LR
     35          
     36          //========================================================================

   \                                 In section .text, align 2, keep-with-next
     37          void	init_Version( void )			// Init Version	버전정포 Parsing
     38          //========================================================================
     39          {
   \                     init_Version: (+1)
   \        0x0   0xE92D 0x41F0      PUSH     {R4-R8,LR}
   \        0x4   0xB094             SUB      SP,SP,#+80
     40          	VER_INFO *pThis = &g_Version;
   \        0x6   0x....             LDR.N    R4,??DataTable1_1
     41          
     42          	static const char_t *const monthnames[] =
     43          	{
     44          		"Jan", "Feb", "Mar", "Apr", "May", "Jun",
     45          		"Jul", "Aug", "Sep", "Oct", "Nov", "Dec"
     46          	};
     47          
     48          	char_t	_year[10],	_month[10],		_day[10];
     49          	char_t	_hour[10],	_min[10],		_sec[10];
     50          	int32_t i;
     51          
     52          	sscanf	(	g_sCompileDate, "%s %s %s",
     53          					_month,
     54          					_day,
     55          					_year					);
   \        0x8   0x....             LDR.N    R5,??DataTable1_2
   \        0xA   0xA811             ADD      R0,SP,#+68
   \        0xC   0x9000             STR      R0,[SP, #+0]
   \        0xE   0xAB0B             ADD      R3,SP,#+44
   \       0x10   0xAA0E             ADD      R2,SP,#+56
   \       0x12   0x....             LDR.N    R1,??DataTable1_3
   \       0x14   0x6828             LDR      R0,[R5, #+0]
   \       0x16   0x.... 0x....      BL       sscanf
     56          
     57          	pThis->year	=	atoi(_year);
   \       0x1A   0xA811             ADD      R0,SP,#+68
   \       0x1C   0x.... 0x....      BL       atoi
   \       0x20   0x8120             STRH     R0,[R4, #+8]
     58          
     59          	for( i = 0; i < 12; i++ )
   \       0x22   0x2600             MOVS     R6,#+0
   \                     ??init_Version_0: (+1)
   \       0x24   0x2E0C             CMP      R6,#+12
   \       0x26   0xDA0C             BGE.N    ??init_Version_1
     60          	{
     61          		if( strcmp( _month, monthnames[ i ] ) == 0 )
   \       0x28   0x....             LDR.N    R0,??DataTable1_4
   \       0x2A   0xF850 0x1026      LDR      R1,[R0, R6, LSL #+2]
   \       0x2E   0xA80E             ADD      R0,SP,#+56
   \       0x30   0x.... 0x....      BL       strcmp
   \       0x34   0x2800             CMP      R0,#+0
   \       0x36   0xD102             BNE.N    ??init_Version_2
     62          		{
     63          			pThis->month = i + 1U;
   \       0x38   0x1C70             ADDS     R0,R6,#+1
   \       0x3A   0x72A0             STRB     R0,[R4, #+10]
     64          			break;
   \       0x3C   0xE001             B.N      ??init_Version_1
     65          		}
     66          	}
   \                     ??init_Version_2: (+1)
   \       0x3E   0x1C76             ADDS     R6,R6,#+1
   \       0x40   0xE7F0             B.N      ??init_Version_0
     67          
     68          	pThis->day	=	atoi( _day );
   \                     ??init_Version_1: (+1)
   \       0x42   0xA80B             ADD      R0,SP,#+44
   \       0x44   0x.... 0x....      BL       atoi
   \       0x48   0x72E0             STRB     R0,[R4, #+11]
     69          	
     70          	sscanf( g_sCompileTime,	"%s",	_hour);//,	_countof(_hour)	);
   \       0x4A   0x....             LDR.N    R7,??DataTable1_5
   \       0x4C   0x.... 0x....      ADR.W    R8,??DataTable1
   \       0x50   0xAA08             ADD      R2,SP,#+32
   \       0x52   0x4641             MOV      R1,R8
   \       0x54   0x6838             LDR      R0,[R7, #+0]
   \       0x56   0x.... 0x....      BL       sscanf
     71          	sscanf( g_sCompileTime+3,	"%s",	_min);//,	_countof(_min)	);
   \       0x5A   0xAA05             ADD      R2,SP,#+20
   \       0x5C   0x4641             MOV      R1,R8
   \       0x5E   0x6838             LDR      R0,[R7, #+0]
   \       0x60   0x1CC0             ADDS     R0,R0,#+3
   \       0x62   0x.... 0x....      BL       sscanf
     72          	sscanf( g_sCompileTime+6,	"%s",	_sec);//,	_countof(_sec)	);
   \       0x66   0xAA02             ADD      R2,SP,#+8
   \       0x68   0x4641             MOV      R1,R8
   \       0x6A   0x6838             LDR      R0,[R7, #+0]
   \       0x6C   0x1D80             ADDS     R0,R0,#+6
   \       0x6E   0x.... 0x....      BL       sscanf
     73          
     74          	pThis->hour	=	atoi( _hour	);
   \       0x72   0xA808             ADD      R0,SP,#+32
   \       0x74   0x.... 0x....      BL       atoi
   \       0x78   0x7320             STRB     R0,[R4, #+12]
     75          	pThis->min	=	atoi( _min	);
   \       0x7A   0xA805             ADD      R0,SP,#+20
   \       0x7C   0x.... 0x....      BL       atoi
   \       0x80   0x7360             STRB     R0,[R4, #+13]
     76          	pThis->sec	=	atoi( _sec	);
   \       0x82   0xA802             ADD      R0,SP,#+8
   \       0x84   0x.... 0x....      BL       atoi
   \       0x88   0x73A0             STRB     R0,[R4, #+14]
     77          	
     78          	pThis->ver_id	=	0;//VER_PC_INFOMEDIA;	// Version ID InfoMedia
   \       0x8A   0x2000             MOVS     R0,#+0
   \       0x8C   0x73E0             STRB     R0,[R4, #+15]
     79          
     80          	printf( "%s Compile Date - %s - %s\n",	__FUNCTION__, g_sCompileDate, g_sCompileTime );
   \       0x8E   0x.... 0x....      LDR.W    R8,??DataTable1_6
   \       0x92   0x683B             LDR      R3,[R7, #+0]
   \       0x94   0x682A             LDR      R2,[R5, #+0]
   \       0x96   0x4641             MOV      R1,R8
   \       0x98   0x....             LDR.N    R0,??DataTable1_7
   \       0x9A   0x.... 0x....      BL       printf
     81          	printf( "%s Version - %d.%d.%d.%d\n",	__FUNCTION__, pThis->ver_main, pThis->ver_sub, pThis->ver_det, pThis->ver_build );
   \       0x9E   0x88E0             LDRH     R0,[R4, #+6]
   \       0xA0   0x9001             STR      R0,[SP, #+4]
   \       0xA2   0x88A0             LDRH     R0,[R4, #+4]
   \       0xA4   0x9000             STR      R0,[SP, #+0]
   \       0xA6   0x8863             LDRH     R3,[R4, #+2]
   \       0xA8   0x8822             LDRH     R2,[R4, #+0]
   \       0xAA   0x4641             MOV      R1,R8
   \       0xAC   0x....             LDR.N    R0,??DataTable1_8
   \       0xAE   0x.... 0x....      BL       printf
     82          }
   \       0xB2   0xB014             ADD      SP,SP,#+80
   \       0xB4   0xE8BD 0x81F0      POP      {R4-R8,PC}

   \                                 In section .rodata, align 4
   \                     `init_Version::monthnames`:
   \        0x0   0x....'....        DC32 ?_6, ?_7, ?_8, ?_9, ?_10, ?_11, ?_12, ?_13, ?_14, ?_15, ?_16, ?_17

   \              0x....'....  

   \              0x....'....  

   \              0x....'....  

   \              0x....'....  

   \              0x....'....  

   \              0x....'....  

   \              0x....'....  

   \              0x....'....  

   \              0x....'....  

   \              0x....'....  

   \              0x....'....

   \                                 In section .text, align 4, keep-with-next
   \                     ??DataTable1:
   \        0x0   0x25 0x73          DC8      0x25, 0x73, 0x00, 0x00

   \              0x00 0x00

   \                                 In section .text, align 4, keep-with-next
   \                     ??DataTable1_1:
   \        0x0   0x....'....        DC32     g_Version

   \                                 In section .text, align 4, keep-with-next
   \                     ??DataTable1_2:
   \        0x0   0x....'....        DC32     g_sCompileDate

   \                                 In section .text, align 4, keep-with-next
   \                     ??DataTable1_3:
   \        0x0   0x....'....        DC32     ?_2

   \                                 In section .text, align 4, keep-with-next
   \                     ??DataTable1_4:
   \        0x0   0x....'....        DC32     `init_Version::monthnames`

   \                                 In section .text, align 4, keep-with-next
   \                     ??DataTable1_5:
   \        0x0   0x....'....        DC32     g_sCompileTime

   \                                 In section .text, align 4, keep-with-next
   \                     ??DataTable1_6:
   \        0x0   0x....'....        DC32     `init_Version::__FUNCTION__`

   \                                 In section .text, align 4, keep-with-next
   \                     ??DataTable1_7:
   \        0x0   0x....'....        DC32     ?_4

   \                                 In section .text, align 4, keep-with-next
   \                     ??DataTable1_8:
   \        0x0   0x....'....        DC32     ?_5

   \                                 In section .rodata, align 4
   \                     ?_0:
   \        0x0   0x53 0x65          DC8 "Sep 21 2022"

   \              0x70 0x20    

   \              0x32 0x31    

   \              0x20 0x32    

   \              0x30 0x32    

   \              0x32 0x00

   \                                 In section .rodata, align 4
   \                     ?_1:
   \        0x0   0x31 0x33          DC8 "13:06:25"

   \              0x3A 0x30    

   \              0x36 0x3A    

   \              0x32 0x35    

   \              0x00
   \        0x9                      DS8 3

   \                                 In section .rodata, align 4
   \                     ?_2:
   \        0x0   0x25 0x73          DC8 "%s %s %s"

   \              0x20 0x25    

   \              0x73 0x20    

   \              0x25 0x73    

   \              0x00
   \        0x9                      DS8 3

   \                                 In section .rodata, align 4
   \        0x0   0x25 0x73          DC8 "%s"

   \              0x00
   \        0x3                      DS8 1

   \                                 In section .rodata, align 4
   \                     ?_4:
   \        0x0   0x25 0x73          DC8 "%s Compile Date - %s - %s\012"

   \              0x20 0x43    

   \              0x6F 0x6D    

   \              0x70 0x69    

   \              0x6C 0x65    

   \              0x20 0x44    

   \              0x61 0x74    

   \              0x65 0x20    

   \              0x2D 0x20    

   \              0x25 0x73    

   \              0x20 0x2D    

   \              0x20 0x25    

   \              0x73 0x0A    

   \              0x00
   \       0x1B                      DS8 1

   \                                 In section .rodata, align 4
   \                     ?_5:
   \        0x0   0x25 0x73          DC8 "%s Version - %d.%d.%d.%d\012"

   \              0x20 0x56    

   \              0x65 0x72    

   \              0x73 0x69    

   \              0x6F 0x6E    

   \              0x20 0x2D    

   \              0x20 0x25    

   \              0x64 0x2E    

   \              0x25 0x64    

   \              0x2E 0x25    

   \              0x64 0x2E    

   \              0x25 0x64    

   \              0x0A 0x00
   \       0x1A                      DS8 2

   \                                 In section .rodata, align 4
   \                     ?_6:
   \        0x0   0x4A 0x61          DC8 "Jan"

   \              0x6E 0x00

   \                                 In section .rodata, align 4
   \                     ?_7:
   \        0x0   0x46 0x65          DC8 "Feb"

   \              0x62 0x00

   \                                 In section .rodata, align 4
   \                     ?_8:
   \        0x0   0x4D 0x61          DC8 "Mar"

   \              0x72 0x00

   \                                 In section .rodata, align 4
   \                     ?_9:
   \        0x0   0x41 0x70          DC8 "Apr"

   \              0x72 0x00

   \                                 In section .rodata, align 4
   \                     ?_10:
   \        0x0   0x4D 0x61          DC8 "May"

   \              0x79 0x00

   \                                 In section .rodata, align 4
   \                     ?_11:
   \        0x0   0x4A 0x75          DC8 "Jun"

   \              0x6E 0x00

   \                                 In section .rodata, align 4
   \                     ?_12:
   \        0x0   0x4A 0x75          DC8 "Jul"

   \              0x6C 0x00

   \                                 In section .rodata, align 4
   \                     ?_13:
   \        0x0   0x41 0x75          DC8 "Aug"

   \              0x67 0x00

   \                                 In section .rodata, align 4
   \                     ?_14:
   \        0x0   0x53 0x65          DC8 "Sep"

   \              0x70 0x00

   \                                 In section .rodata, align 4
   \                     ?_15:
   \        0x0   0x4F 0x63          DC8 "Oct"

   \              0x74 0x00

   \                                 In section .rodata, align 4
   \                     ?_16:
   \        0x0   0x4E 0x6F          DC8 "Nov"

   \              0x76 0x00

   \                                 In section .rodata, align 4
   \                     ?_17:
   \        0x0   0x44 0x65          DC8 "Dec"

   \              0x63 0x00

   Maximum stack usage in bytes:

   .cstack Function
   ------- --------
       0   GetAppVer
     104   init_Version
       104   -> atoi
       104   -> printf
       104   -> sscanf
       104   -> strcmp


   Section sizes:

   Bytes  Function/Label
   -----  --------------
       4  ??DataTable1
       4  ??DataTable1_1
       4  ??DataTable1_2
       4  ??DataTable1_3
       4  ??DataTable1_4
       4  ??DataTable1_5
       4  ??DataTable1_6
       4  ??DataTable1_7
       4  ??DataTable1_8
      12  ?_0
      12  ?_1
       4  ?_10
       4  ?_11
       4  ?_12
       4  ?_13
       4  ?_14
       4  ?_15
       4  ?_16
       4  ?_17
      12  ?_2
       4  ?_3
      28  ?_4
      28  ?_5
       4  ?_6
       4  ?_7
       4  ?_8
       4  ?_9
       4  GetAppVer
       4  g_sCompileDate
       4  g_sCompileTime
     184  init_Version
      48  monthnames
      16  -- Other

 
   8 bytes in section .data
 208 bytes in section .rodata
 224 bytes in section .text
 
 224 bytes of CODE  memory
 208 bytes of CONST memory
   8 bytes of DATA  memory

Errors: none
Warnings: none
