###############################################################################
#
# IAR ANSI C/C++ Compiler V9.30.1.335/W64 for ARM         20/Sep/2022  23:37:20
# Copyright 1999-2022 IAR Systems AB.
#
#    Cpu mode          =  thumb
#    Endian            =  little
#    Source file       =
#        C:\D\Git_Hub\STM_IAR_SIL_Change\Drivers\display\fonts\PHanFontEng.c
#    Command line      =
#        -f
#        C:\D\Git_Hub\STM_IAR_SIL_Change\EWARM\RFM\Obj\Drivers\display\PHanFontEng.o.rsp
#        (C:\D\Git_Hub\STM_IAR_SIL_Change\Drivers\display\fonts\PHanFontEng.c
#        -D USE_HAL_DRIVER -D STM32F407xx -lC
#        C:\D\Git_Hub\STM_IAR_SIL_Change\EWARM\RFM\List\Drivers\display -o
#        C:\D\Git_Hub\STM_IAR_SIL_Change\EWARM\RFM\Obj\Drivers\display --no_cse
#        --no_unroll --no_inline --no_code_motion --no_tbaa --no_clustering
#        --no_scheduling --debug --endian=little --cpu=Cortex-M4 -e
#        --fpu=VFPv4_sp --dlib_config "C:\Program Files\IAR Systems\Embedded
#        Workbench 9.1\arm\inc\c\DLib_Config_Full.h" -I
#        C:\D\Git_Hub\STM_IAR_SIL_Change\EWARM/../USB_DEVICE/App\ -I
#        C:\D\Git_Hub\STM_IAR_SIL_Change\EWARM/../USB_DEVICE/Target\ -I
#        C:\D\Git_Hub\STM_IAR_SIL_Change\EWARM/../Core/Inc\ -I
#        C:\D\Git_Hub\STM_IAR_SIL_Change\EWARM/../Drivers/STM32F4xx_HAL_Driver/Inc\
#        -I
#        C:\D\Git_Hub\STM_IAR_SIL_Change\EWARM/../Drivers/STM32F4xx_HAL_Driver/Inc/Legacy\
#        -I
#        C:\D\Git_Hub\STM_IAR_SIL_Change\EWARM/../Middlewares/ST/STM32_USB_Device_Library/Core/Inc\
#        -I
#        C:\D\Git_Hub\STM_IAR_SIL_Change\EWARM/../Middlewares/ST/STM32_USB_Device_Library/Class/CDC/Inc\
#        -I
#        C:\D\Git_Hub\STM_IAR_SIL_Change\EWARM/../Drivers/CMSIS/Device/ST/STM32F4xx/Include\
#        -I C:\D\Git_Hub\STM_IAR_SIL_Change\EWARM/../Drivers/CMSIS/Include\ -I
#        C:\D\Git_Hub\STM_IAR_SIL_Change\EWARM/../Drivers/radio\ -I
#        C:\D\Git_Hub\STM_IAR_SIL_Change\EWARM/../Drivers/radio/Si446x\ -I
#        C:\D\Git_Hub\STM_IAR_SIL_Change\EWARM/../Drivers/display\ -I
#        C:\D\Git_Hub\STM_IAR_SIL_Change\EWARM/../Library\ -I
#        C:\D\Git_Hub\STM_IAR_SIL_Change\EWARM\..\Drivers\display\fonts\ -I
#        C:\D\Git_Hub\STM_IAR_SIL_Change\EWARM\..\Drivers\STM32F4xx_HAL_Driver\Src\
#        -On --use_c++_inline -I "C:\Program Files\IAR Systems\Embedded
#        Workbench 9.1\arm\CMSIS\Core\Include\\") --dependencies=n
#        C:\D\Git_Hub\STM_IAR_SIL_Change\EWARM\RFM\Obj\Drivers\display\PHanFontEng.o.d
#    Locale            =  C
#    List file         =
#        C:\D\Git_Hub\STM_IAR_SIL_Change\EWARM\RFM\List\Drivers\display\PHanFontEng.lst
#    Object file       =
#        C:\D\Git_Hub\STM_IAR_SIL_Change\EWARM\RFM\Obj\Drivers\display\PHanFontEng.o
#    Runtime model:       
#      __CPP_Runtime   =  1
#      __SystemLibrary =  DLib
#      __dlib_version  =  6
#
###############################################################################

C:\D\Git_Hub\STM_IAR_SIL_Change\Drivers\display\fonts\PHanFontEng.c
      1          /*------------------------------------------------------------------------------------------
      2          	Project			: Font
      3          	Description		:
      4          
      5          	Writer			:
      6          	Revision		:
      7          	Date			: 2020. 1.
      8          	Copyright		: Piranti Corp.
      9          
     10          	Revision History
     11          	1. 2020. 1.	: Created
     12          -------------------------------------------------------------------------------------------*/
     13          
     14          #include "PHan_Lib.h"		//	PHANFONTENG_LOCAL
     15          
     16          //========================================================================
     17          #if defined(PHANFONTENG_LOCAL)
     18          //========================================================================
     19          
     20          #include "PHanFontEng.h"
     21          

   \                                 In section .rodata, align 4
     22          const int wEngFon[0x060][16] =
   \                     wEngFon:
   \        0x0   0x0000'0000        DC32 0, 0, 0, 0, 0, 0, 0, 0, 0, 0, 0, 0, 0, 0, 0, 0, 0, 24, 60, 60, 60

   \              0x0000'0000  

   \              0x0000'0000  

   \              0x0000'0000  

   \              0x0000'0000  

   \              0x0000'0000  

   \              0x0000'0000  

   \              0x0000'0000  

   \              0x0000'0000  

   \              0x0000'0000  

   \              0x0000'0000  

   \              0x0000'0000  

   \              0x0000'0000  

   \              0x0000'0000  

   \              0x0000'0000  

   \              0x0000'0000  

   \              0x0000'0000  

   \              0x0000'0018  

   \              0x0000'003C  

   \              0x0000'003C  

   \              0x0000'003C
   \       0x54   0x0000'003C        DC32 60, 24, 24, 24, 24, 0, 24, 24, 0, 0, 0, 0, 54, 54, 18, 36, 0, 0, 0

   \              0x0000'0018  

   \              0x0000'0018  

   \              0x0000'0018  

   \              0x0000'0018  

   \              0x0000'0000  

   \              0x0000'0018  

   \              0x0000'0018  

   \              0x0000'0000  

   \              0x0000'0000  

   \              0x0000'0000  

   \              0x0000'0000  

   \              0x0000'0036  

   \              0x0000'0036  

   \              0x0000'0012  

   \              0x0000'0024  

   \              0x0000'0000  

   \              0x0000'0000  

   \              0x0000'0000
   \       0xA0   0x0000'0000        DC32 0, 0, 0, 0, 0, 0, 0, 0, 0, 54, 54, 55, 62, 118, 54, 55, 62, 118

   \              0x0000'0000  

   \              0x0000'0000  

   \              0x0000'0000  

   \              0x0000'0000  

   \              0x0000'0000  

   \              0x0000'0000  

   \              0x0000'0000  

   \              0x0000'0000  

   \              0x0000'0036  

   \              0x0000'0036  

   \              0x0000'0037  

   \              0x0000'003E  

   \              0x0000'0076  

   \              0x0000'0036  

   \              0x0000'0037  

   \              0x0000'003E  

   \              0x0000'0076
   \       0xE8   0x0000'0036        DC32 54, 54, 54, 0, 0, 0, 0, 20, 62, 85, 85, 52, 28, 22, 21, 85, 85, 62

   \              0x0000'0036  

   \              0x0000'0036  

   \              0x0000'0000  

   \              0x0000'0000  

   \              0x0000'0000  

   \              0x0000'0000  

   \              0x0000'0014  

   \              0x0000'003E  

   \              0x0000'0055  

   \              0x0000'0055  

   \              0x0000'0034  

   \              0x0000'001C  

   \              0x0000'0016  

   \              0x0000'0015  

   \              0x0000'0055  

   \              0x0000'0055  

   \              0x0000'003E
   \      0x130   0x0000'0014        DC32 20, 0, 0, 0, 0, 99, 99, 102, 102, 12, 12, 24, 24, 51, 51, 99, 99

   \              0x0000'0000  

   \              0x0000'0000  

   \              0x0000'0000  

   \              0x0000'0000  

   \              0x0000'0063  

   \              0x0000'0063  

   \              0x0000'0066  

   \              0x0000'0066  

   \              0x0000'000C  

   \              0x0000'000C  

   \              0x0000'0018  

   \              0x0000'0018  

   \              0x0000'0033  

   \              0x0000'0033  

   \              0x0000'0063  

   \              0x0000'0063
   \      0x174   0x0000'0000        DC32 0, 0, 0, 0, 56, 108, 108, 100, 48, 48, 91, 91, 109, 109, 102, 59

   \              0x0000'0000  

   \              0x0000'0000  

   \              0x0000'0000  

   \              0x0000'0038  

   \              0x0000'006C  

   \              0x0000'006C  

   \              0x0000'0064  

   \              0x0000'0030  

   \              0x0000'0030  

   \              0x0000'005B  

   \              0x0000'005B  

   \              0x0000'006D  

   \              0x0000'006D  

   \              0x0000'0066  

   \              0x0000'003B
   \      0x1B4   0x0000'0000        DC32 0, 0, 0, 0, 48, 48, 16, 32, 0, 0, 0, 0, 0, 0, 0, 0, 0, 0, 0, 0, 6

   \              0x0000'0000  

   \              0x0000'0000  

   \              0x0000'0000  

   \              0x0000'0030  

   \              0x0000'0030  

   \              0x0000'0010  

   \              0x0000'0020  

   \              0x0000'0000  

   \              0x0000'0000  

   \              0x0000'0000  

   \              0x0000'0000  

   \              0x0000'0000  

   \              0x0000'0000  

   \              0x0000'0000  

   \              0x0000'0000  

   \              0x0000'0000  

   \              0x0000'0000  

   \              0x0000'0000  

   \              0x0000'0000  

   \              0x0000'0006
   \      0x208   0x0000'000C        DC32 12, 24, 24, 48, 48, 48, 48, 24, 24, 12, 6, 0, 0, 0, 0, 48, 24, 12

   \              0x0000'0018  

   \              0x0000'0018  

   \              0x0000'0030  

   \              0x0000'0030  

   \              0x0000'0030  

   \              0x0000'0030  

   \              0x0000'0018  

   \              0x0000'0018  

   \              0x0000'000C  

   \              0x0000'0006  

   \              0x0000'0000  

   \              0x0000'0000  

   \              0x0000'0000  

   \              0x0000'0000  

   \              0x0000'0030  

   \              0x0000'0018  

   \              0x0000'000C
   \      0x250   0x0000'000C        DC32 12, 6, 6, 6, 6, 12, 12, 24, 48, 0, 0, 0, 0, 0, 24, 24, 219, 126

   \              0x0000'0006  

   \              0x0000'0006  

   \              0x0000'0006  

   \              0x0000'0006  

   \              0x0000'000C  

   \              0x0000'000C  

   \              0x0000'0018  

   \              0x0000'0030  

   \              0x0000'0000  

   \              0x0000'0000  

   \              0x0000'0000  

   \              0x0000'0000  

   \              0x0000'0000  

   \              0x0000'0018  

   \              0x0000'0018  

   \              0x0000'00DB  

   \              0x0000'007E
   \      0x298   0x0000'003C        DC32 60, 126, 219, 24, 24, 0, 0, 0, 0, 0, 0, 0, 0, 24, 24, 24, 126, 24

   \              0x0000'007E  

   \              0x0000'00DB  

   \              0x0000'0018  

   \              0x0000'0018  

   \              0x0000'0000  

   \              0x0000'0000  

   \              0x0000'0000  

   \              0x0000'0000  

   \              0x0000'0000  

   \              0x0000'0000  

   \              0x0000'0000  

   \              0x0000'0000  

   \              0x0000'0018  

   \              0x0000'0018  

   \              0x0000'0018  

   \              0x0000'007E  

   \              0x0000'0018
   \      0x2E0   0x0000'0018        DC32 24, 24, 0, 0, 0, 0, 0, 0, 0, 0, 0, 0, 0, 0, 0, 0, 0, 0, 0, 96, 96

   \              0x0000'0018  

   \              0x0000'0000  

   \              0x0000'0000  

   \              0x0000'0000  

   \              0x0000'0000  

   \              0x0000'0000  

   \              0x0000'0000  

   \              0x0000'0000  

   \              0x0000'0000  

   \              0x0000'0000  

   \              0x0000'0000  

   \              0x0000'0000  

   \              0x0000'0000  

   \              0x0000'0000  

   \              0x0000'0000  

   \              0x0000'0000  

   \              0x0000'0000  

   \              0x0000'0000  

   \              0x0000'0060  

   \              0x0000'0060
   \      0x334   0x0000'0020        DC32 32, 64, 0, 0, 0, 0, 0, 0, 127, 127, 0, 0, 0, 0, 0, 0, 0, 0, 0, 0

   \              0x0000'0040  

   \              0x0000'0000  

   \              0x0000'0000  

   \              0x0000'0000  

   \              0x0000'0000  

   \              0x0000'0000  

   \              0x0000'0000  

   \              0x0000'007F  

   \              0x0000'007F  

   \              0x0000'0000  

   \              0x0000'0000  

   \              0x0000'0000  

   \              0x0000'0000  

   \              0x0000'0000  

   \              0x0000'0000  

   \              0x0000'0000  

   \              0x0000'0000  

   \              0x0000'0000  

   \              0x0000'0000
   \      0x384   0x0000'0000        DC32 0, 0, 0, 0, 0, 0, 0, 0, 0, 0, 0, 96, 96, 0, 0, 0, 3, 3, 6, 6, 12

   \              0x0000'0000  

   \              0x0000'0000  

   \              0x0000'0000  

   \              0x0000'0000  

   \              0x0000'0000  

   \              0x0000'0000  

   \              0x0000'0000  

   \              0x0000'0000  

   \              0x0000'0000  

   \              0x0000'0000  

   \              0x0000'0060  

   \              0x0000'0060  

   \              0x0000'0000  

   \              0x0000'0000  

   \              0x0000'0000  

   \              0x0000'0003  

   \              0x0000'0003  

   \              0x0000'0006  

   \              0x0000'0006  

   \              0x0000'000C
   \      0x3D8   0x0000'000C        DC32 12, 24, 24, 48, 48, 96, 96, 96, 0, 0, 0, 62, 103, 103, 103, 107

   \              0x0000'0018  

   \              0x0000'0018  

   \              0x0000'0030  

   \              0x0000'0030  

   \              0x0000'0060  

   \              0x0000'0060  

   \              0x0000'0060  

   \              0x0000'0000  

   \              0x0000'0000  

   \              0x0000'0000  

   \              0x0000'003E  

   \              0x0000'0067  

   \              0x0000'0067  

   \              0x0000'0067  

   \              0x0000'006B
   \      0x418   0x0000'006B        DC32 107, 107, 107, 115, 115, 115, 62, 0, 0, 0, 0, 12, 28, 60, 108, 12

   \              0x0000'006B  

   \              0x0000'006B  

   \              0x0000'0073  

   \              0x0000'0073  

   \              0x0000'0073  

   \              0x0000'003E  

   \              0x0000'0000  

   \              0x0000'0000  

   \              0x0000'0000  

   \              0x0000'0000  

   \              0x0000'000C  

   \              0x0000'001C  

   \              0x0000'003C  

   \              0x0000'006C  

   \              0x0000'000C
   \      0x458   0x0000'000C        DC32 12, 12, 12, 12, 12, 12, 12, 0, 0, 0, 0, 62, 99, 99, 99, 6, 12, 24

   \              0x0000'000C  

   \              0x0000'000C  

   \              0x0000'000C  

   \              0x0000'000C  

   \              0x0000'000C  

   \              0x0000'000C  

   \              0x0000'0000  

   \              0x0000'0000  

   \              0x0000'0000  

   \              0x0000'0000  

   \              0x0000'003E  

   \              0x0000'0063  

   \              0x0000'0063  

   \              0x0000'0063  

   \              0x0000'0006  

   \              0x0000'000C  

   \              0x0000'0018
   \      0x4A0   0x0000'0030        DC32 48, 96, 96, 96, 127, 0, 0, 0, 0, 62, 99, 99, 99, 3, 30, 3, 3, 99

   \              0x0000'0060  

   \              0x0000'0060  

   \              0x0000'0060  

   \              0x0000'007F  

   \              0x0000'0000  

   \              0x0000'0000  

   \              0x0000'0000  

   \              0x0000'0000  

   \              0x0000'003E  

   \              0x0000'0063  

   \              0x0000'0063  

   \              0x0000'0063  

   \              0x0000'0003  

   \              0x0000'001E  

   \              0x0000'0003  

   \              0x0000'0003  

   \              0x0000'0063
   \      0x4E8   0x0000'0063        DC32 99, 99, 62, 0, 0, 0, 0, 24, 24, 24, 48, 54, 54, 102, 102, 127, 6

   \              0x0000'0063  

   \              0x0000'003E  

   \              0x0000'0000  

   \              0x0000'0000  

   \              0x0000'0000  

   \              0x0000'0000  

   \              0x0000'0018  

   \              0x0000'0018  

   \              0x0000'0018  

   \              0x0000'0030  

   \              0x0000'0036  

   \              0x0000'0036  

   \              0x0000'0066  

   \              0x0000'0066  

   \              0x0000'007F  

   \              0x0000'0006
   \      0x52C   0x0000'0006        DC32 6, 6, 0, 0, 0, 0, 127, 96, 96, 96, 126, 3, 3, 3, 99, 99, 99, 62, 0

   \              0x0000'0006  

   \              0x0000'0000  

   \              0x0000'0000  

   \              0x0000'0000  

   \              0x0000'0000  

   \              0x0000'007F  

   \              0x0000'0060  

   \              0x0000'0060  

   \              0x0000'0060  

   \              0x0000'007E  

   \              0x0000'0003  

   \              0x0000'0003  

   \              0x0000'0003  

   \              0x0000'0063  

   \              0x0000'0063  

   \              0x0000'0063  

   \              0x0000'003E  

   \              0x0000'0000
   \      0x578   0x0000'0000        DC32 0, 0, 0, 14, 24, 48, 48, 96, 126, 99, 99, 99, 99, 99, 62, 0, 0, 0

   \              0x0000'0000  

   \              0x0000'0000  

   \              0x0000'000E  

   \              0x0000'0018  

   \              0x0000'0030  

   \              0x0000'0030  

   \              0x0000'0060  

   \              0x0000'007E  

   \              0x0000'0063  

   \              0x0000'0063  

   \              0x0000'0063  

   \              0x0000'0063  

   \              0x0000'0063  

   \              0x0000'003E  

   \              0x0000'0000  

   \              0x0000'0000  

   \              0x0000'0000
   \      0x5C0   0x0000'0000        DC32 0, 127, 3, 6, 6, 12, 12, 24, 24, 48, 48, 96, 96, 0, 0, 0, 0, 62

   \              0x0000'007F  

   \              0x0000'0003  

   \              0x0000'0006  

   \              0x0000'0006  

   \              0x0000'000C  

   \              0x0000'000C  

   \              0x0000'0018  

   \              0x0000'0018  

   \              0x0000'0030  

   \              0x0000'0030  

   \              0x0000'0060  

   \              0x0000'0060  

   \              0x0000'0000  

   \              0x0000'0000  

   \              0x0000'0000  

   \              0x0000'0000  

   \              0x0000'003E
   \      0x608   0x0000'0063        DC32 99, 99, 99, 99, 62, 99, 99, 99, 99, 99, 62, 0, 0, 0, 0, 62, 99, 99

   \              0x0000'0063  

   \              0x0000'0063  

   \              0x0000'0063  

   \              0x0000'003E  

   \              0x0000'0063  

   \              0x0000'0063  

   \              0x0000'0063  

   \              0x0000'0063  

   \              0x0000'0063  

   \              0x0000'003E  

   \              0x0000'0000  

   \              0x0000'0000  

   \              0x0000'0000  

   \              0x0000'0000  

   \              0x0000'003E  

   \              0x0000'0063  

   \              0x0000'0063
   \      0x650   0x0000'0063        DC32 99, 99, 99, 63, 3, 6, 6, 12, 24, 0, 0, 0, 0, 0, 0, 24, 24, 0, 0, 0

   \              0x0000'0063  

   \              0x0000'0063  

   \              0x0000'003F  

   \              0x0000'0003  

   \              0x0000'0006  

   \              0x0000'0006  

   \              0x0000'000C  

   \              0x0000'0018  

   \              0x0000'0000  

   \              0x0000'0000  

   \              0x0000'0000  

   \              0x0000'0000  

   \              0x0000'0000  

   \              0x0000'0000  

   \              0x0000'0018  

   \              0x0000'0018  

   \              0x0000'0000  

   \              0x0000'0000  

   \              0x0000'0000
   \      0x6A0   0x0000'0018        DC32 24, 24, 0, 0, 0, 0, 0, 0, 0, 0, 0, 24, 24, 0, 0, 0, 24, 24, 8, 16

   \              0x0000'0018  

   \              0x0000'0000  

   \              0x0000'0000  

   \              0x0000'0000  

   \              0x0000'0000  

   \              0x0000'0000  

   \              0x0000'0000  

   \              0x0000'0000  

   \              0x0000'0000  

   \              0x0000'0000  

   \              0x0000'0018  

   \              0x0000'0018  

   \              0x0000'0000  

   \              0x0000'0000  

   \              0x0000'0000  

   \              0x0000'0018  

   \              0x0000'0018  

   \              0x0000'0008  

   \              0x0000'0010
   \      0x6F0   0x0000'0000        DC32 0, 0, 0, 0, 0, 3, 6, 12, 24, 48, 96, 192, 96, 48, 24, 12, 6, 3, 0

   \              0x0000'0000  

   \              0x0000'0000  

   \              0x0000'0000  

   \              0x0000'0000  

   \              0x0000'0003  

   \              0x0000'0006  

   \              0x0000'000C  

   \              0x0000'0018  

   \              0x0000'0030  

   \              0x0000'0060  

   \              0x0000'00C0  

   \              0x0000'0060  

   \              0x0000'0030  

   \              0x0000'0018  

   \              0x0000'000C  

   \              0x0000'0006  

   \              0x0000'0003  

   \              0x0000'0000
   \      0x73C   0x0000'0000        DC32 0, 0, 0, 0, 0, 127, 127, 0, 127, 127, 0, 0, 0, 0, 0, 0, 0, 0, 192

   \              0x0000'0000  

   \              0x0000'0000  

   \              0x0000'0000  

   \              0x0000'0000  

   \              0x0000'007F  

   \              0x0000'007F  

   \              0x0000'0000  

   \              0x0000'007F  

   \              0x0000'007F  

   \              0x0000'0000  

   \              0x0000'0000  

   \              0x0000'0000  

   \              0x0000'0000  

   \              0x0000'0000  

   \              0x0000'0000  

   \              0x0000'0000  

   \              0x0000'0000  

   \              0x0000'00C0
   \      0x788   0x0000'0060        DC32 96, 48, 24, 12, 6, 3, 6, 12, 24, 48, 96, 192, 0, 0, 0, 62, 99, 99

   \              0x0000'0030  

   \              0x0000'0018  

   \              0x0000'000C  

   \              0x0000'0006  

   \              0x0000'0003  

   \              0x0000'0006  

   \              0x0000'000C  

   \              0x0000'0018  

   \              0x0000'0030  

   \              0x0000'0060  

   \              0x0000'00C0  

   \              0x0000'0000  

   \              0x0000'0000  

   \              0x0000'0000  

   \              0x0000'003E  

   \              0x0000'0063  

   \              0x0000'0063
   \      0x7D0   0x0000'0063        DC32 99, 6, 12, 24, 24, 24, 0, 24, 24, 0, 0, 0, 0, 28, 34, 89, 69, 77

   \              0x0000'0006  

   \              0x0000'000C  

   \              0x0000'0018  

   \              0x0000'0018  

   \              0x0000'0018  

   \              0x0000'0000  

   \              0x0000'0018  

   \              0x0000'0018  

   \              0x0000'0000  

   \              0x0000'0000  

   \              0x0000'0000  

   \              0x0000'0000  

   \              0x0000'001C  

   \              0x0000'0022  

   \              0x0000'0059  

   \              0x0000'0045  

   \              0x0000'004D
   \      0x818   0x0000'0055        DC32 85, 85, 85, 77, 71, 34, 28, 0, 0, 0, 0, 8, 28, 54, 99, 99, 99, 127

   \              0x0000'0055  

   \              0x0000'0055  

   \              0x0000'004D  

   \              0x0000'0047  

   \              0x0000'0022  

   \              0x0000'001C  

   \              0x0000'0000  

   \              0x0000'0000  

   \              0x0000'0000  

   \              0x0000'0000  

   \              0x0000'0008  

   \              0x0000'001C  

   \              0x0000'0036  

   \              0x0000'0063  

   \              0x0000'0063  

   \              0x0000'0063  

   \              0x0000'007F
   \      0x860   0x0000'007F        DC32 127, 99, 99, 99, 99, 0, 0, 0, 0, 126, 99, 99, 99, 99, 126, 99, 99

   \              0x0000'0063  

   \              0x0000'0063  

   \              0x0000'0063  

   \              0x0000'0063  

   \              0x0000'0000  

   \              0x0000'0000  

   \              0x0000'0000  

   \              0x0000'0000  

   \              0x0000'007E  

   \              0x0000'0063  

   \              0x0000'0063  

   \              0x0000'0063  

   \              0x0000'0063  

   \              0x0000'007E  

   \              0x0000'0063  

   \              0x0000'0063
   \      0x8A4   0x0000'0063        DC32 99, 99, 99, 126, 0, 0, 0, 0, 62, 99, 99, 99, 96, 96, 96, 96, 99

   \              0x0000'0063  

   \              0x0000'0063  

   \              0x0000'007E  

   \              0x0000'0000  

   \              0x0000'0000  

   \              0x0000'0000  

   \              0x0000'0000  

   \              0x0000'003E  

   \              0x0000'0063  

   \              0x0000'0063  

   \              0x0000'0063  

   \              0x0000'0060  

   \              0x0000'0060  

   \              0x0000'0060  

   \              0x0000'0060  

   \              0x0000'0063
   \      0x8E8   0x0000'0063        DC32 99, 99, 62, 0, 0, 0, 0, 124, 102, 99, 99, 99, 99, 99, 99, 99, 99

   \              0x0000'0063  

   \              0x0000'003E  

   \              0x0000'0000  

   \              0x0000'0000  

   \              0x0000'0000  

   \              0x0000'0000  

   \              0x0000'007C  

   \              0x0000'0066  

   \              0x0000'0063  

   \              0x0000'0063  

   \              0x0000'0063  

   \              0x0000'0063  

   \              0x0000'0063  

   \              0x0000'0063  

   \              0x0000'0063  

   \              0x0000'0063
   \      0x92C   0x0000'0066        DC32 102, 124, 0, 0, 0, 0, 127, 96, 96, 96, 96, 126, 96, 96, 96, 96, 96

   \              0x0000'007C  

   \              0x0000'0000  

   \              0x0000'0000  

   \              0x0000'0000  

   \              0x0000'0000  

   \              0x0000'007F  

   \              0x0000'0060  

   \              0x0000'0060  

   \              0x0000'0060  

   \              0x0000'0060  

   \              0x0000'007E  

   \              0x0000'0060  

   \              0x0000'0060  

   \              0x0000'0060  

   \              0x0000'0060  

   \              0x0000'0060
   \      0x970   0x0000'007F        DC32 127, 0, 0, 0, 0, 127, 96, 96, 96, 96, 126, 96, 96, 96, 96, 96, 96

   \              0x0000'0000  

   \              0x0000'0000  

   \              0x0000'0000  

   \              0x0000'0000  

   \              0x0000'007F  

   \              0x0000'0060  

   \              0x0000'0060  

   \              0x0000'0060  

   \              0x0000'0060  

   \              0x0000'007E  

   \              0x0000'0060  

   \              0x0000'0060  

   \              0x0000'0060  

   \              0x0000'0060  

   \              0x0000'0060  

   \              0x0000'0060
   \      0x9B4   0x0000'0000        DC32 0, 0, 0, 0, 62, 99, 99, 99, 96, 96, 111, 99, 99, 99, 99, 62, 0, 0

   \              0x0000'0000  

   \              0x0000'0000  

   \              0x0000'0000  

   \              0x0000'003E  

   \              0x0000'0063  

   \              0x0000'0063  

   \              0x0000'0063  

   \              0x0000'0060  

   \              0x0000'0060  

   \              0x0000'006F  

   \              0x0000'0063  

   \              0x0000'0063  

   \              0x0000'0063  

   \              0x0000'0063  

   \              0x0000'003E  

   \              0x0000'0000  

   \              0x0000'0000
   \      0x9FC   0x0000'0000        DC32 0, 0, 99, 99, 99, 99, 99, 127, 99, 99, 99, 99, 99, 99, 0, 0, 0, 0

   \              0x0000'0000  

   \              0x0000'0063  

   \              0x0000'0063  

   \              0x0000'0063  

   \              0x0000'0063  

   \              0x0000'0063  

   \              0x0000'007F  

   \              0x0000'0063  

   \              0x0000'0063  

   \              0x0000'0063  

   \              0x0000'0063  

   \              0x0000'0063  

   \              0x0000'0063  

   \              0x0000'0000  

   \              0x0000'0000  

   \              0x0000'0000  

   \              0x0000'0000
   \      0xA44   0x0000'0018        DC32 24, 24, 24, 24, 24, 24, 24, 24, 24, 24, 24, 24, 0, 0, 0, 0, 6, 6

   \              0x0000'0018  

   \              0x0000'0018  

   \              0x0000'0018  

   \              0x0000'0018  

   \              0x0000'0018  

   \              0x0000'0018  

   \              0x0000'0018  

   \              0x0000'0018  

   \              0x0000'0018  

   \              0x0000'0018  

   \              0x0000'0018  

   \              0x0000'0000  

   \              0x0000'0000  

   \              0x0000'0000  

   \              0x0000'0000  

   \              0x0000'0006  

   \              0x0000'0006
   \      0xA8C   0x0000'0006        DC32 6, 6, 6, 6, 6, 102, 102, 102, 102, 60, 0, 0, 0, 0, 99, 102, 108

   \              0x0000'0006  

   \              0x0000'0006  

   \              0x0000'0006  

   \              0x0000'0006  

   \              0x0000'0066  

   \              0x0000'0066  

   \              0x0000'0066  

   \              0x0000'0066  

   \              0x0000'003C  

   \              0x0000'0000  

   \              0x0000'0000  

   \              0x0000'0000  

   \              0x0000'0000  

   \              0x0000'0063  

   \              0x0000'0066  

   \              0x0000'006C
   \      0xAD0   0x0000'0078        DC32 120, 112, 120, 108, 108, 102, 102, 99, 99, 0, 0, 0, 0, 96, 96, 96

   \              0x0000'0070  

   \              0x0000'0078  

   \              0x0000'006C  

   \              0x0000'006C  

   \              0x0000'0066  

   \              0x0000'0066  

   \              0x0000'0063  

   \              0x0000'0063  

   \              0x0000'0000  

   \              0x0000'0000  

   \              0x0000'0000  

   \              0x0000'0000  

   \              0x0000'0060  

   \              0x0000'0060  

   \              0x0000'0060
   \      0xB10   0x0000'0060        DC32 96, 96, 96, 96, 96, 96, 96, 96, 127, 0, 0, 0, 0, 65, 99, 99, 119

   \              0x0000'0060  

   \              0x0000'0060  

   \              0x0000'0060  

   \              0x0000'0060  

   \              0x0000'0060  

   \              0x0000'0060  

   \              0x0000'0060  

   \              0x0000'007F  

   \              0x0000'0000  

   \              0x0000'0000  

   \              0x0000'0000  

   \              0x0000'0000  

   \              0x0000'0041  

   \              0x0000'0063  

   \              0x0000'0063  

   \              0x0000'0077
   \      0xB54   0x0000'007F        DC32 127, 107, 99, 99, 99, 99, 99, 99, 0, 0, 0, 0, 99, 99, 115, 115

   \              0x0000'006B  

   \              0x0000'0063  

   \              0x0000'0063  

   \              0x0000'0063  

   \              0x0000'0063  

   \              0x0000'0063  

   \              0x0000'0063  

   \              0x0000'0000  

   \              0x0000'0000  

   \              0x0000'0000  

   \              0x0000'0000  

   \              0x0000'0063  

   \              0x0000'0063  

   \              0x0000'0073  

   \              0x0000'0073
   \      0xB94   0x0000'007B        DC32 123, 123, 111, 111, 103, 103, 99, 99, 0, 0, 0, 0, 62, 99, 99, 99

   \              0x0000'007B  

   \              0x0000'006F  

   \              0x0000'006F  

   \              0x0000'0067  

   \              0x0000'0067  

   \              0x0000'0063  

   \              0x0000'0063  

   \              0x0000'0000  

   \              0x0000'0000  

   \              0x0000'0000  

   \              0x0000'0000  

   \              0x0000'003E  

   \              0x0000'0063  

   \              0x0000'0063  

   \              0x0000'0063
   \      0xBD4   0x0000'0063        DC32 99, 99, 99, 99, 99, 99, 99, 62, 0, 0, 0, 0, 126, 99, 99, 99, 99

   \              0x0000'0063  

   \              0x0000'0063  

   \              0x0000'0063  

   \              0x0000'0063  

   \              0x0000'0063  

   \              0x0000'0063  

   \              0x0000'003E  

   \              0x0000'0000  

   \              0x0000'0000  

   \              0x0000'0000  

   \              0x0000'0000  

   \              0x0000'007E  

   \              0x0000'0063  

   \              0x0000'0063  

   \              0x0000'0063  

   \              0x0000'0063
   \      0xC18   0x0000'007E        DC32 126, 96, 96, 96, 96, 96, 96, 0, 0, 0, 0, 62, 99, 99, 99, 99, 99

   \              0x0000'0060  

   \              0x0000'0060  

   \              0x0000'0060  

   \              0x0000'0060  

   \              0x0000'0060  

   \              0x0000'0060  

   \              0x0000'0000  

   \              0x0000'0000  

   \              0x0000'0000  

   \              0x0000'0000  

   \              0x0000'003E  

   \              0x0000'0063  

   \              0x0000'0063  

   \              0x0000'0063  

   \              0x0000'0063  

   \              0x0000'0063
   \      0xC5C   0x0000'0063        DC32 99, 99, 123, 109, 118, 59, 0, 0, 0, 0, 126, 99, 99, 99, 99, 126

   \              0x0000'0063  

   \              0x0000'007B  

   \              0x0000'006D  

   \              0x0000'0076  

   \              0x0000'003B  

   \              0x0000'0000  

   \              0x0000'0000  

   \              0x0000'0000  

   \              0x0000'0000  

   \              0x0000'007E  

   \              0x0000'0063  

   \              0x0000'0063  

   \              0x0000'0063  

   \              0x0000'0063  

   \              0x0000'007E
   \      0xC9C   0x0000'006C        DC32 108, 108, 102, 102, 99, 99, 0, 0, 0, 0, 62, 99, 99, 96, 48, 28, 6

   \              0x0000'006C  

   \              0x0000'0066  

   \              0x0000'0066  

   \              0x0000'0063  

   \              0x0000'0063  

   \              0x0000'0000  

   \              0x0000'0000  

   \              0x0000'0000  

   \              0x0000'0000  

   \              0x0000'003E  

   \              0x0000'0063  

   \              0x0000'0063  

   \              0x0000'0060  

   \              0x0000'0030  

   \              0x0000'001C  

   \              0x0000'0006
   \      0xCE0   0x0000'0003        DC32 3, 99, 99, 99, 62, 0, 0, 0, 0, 255, 24, 24, 24, 24, 24, 24, 24, 24

   \              0x0000'0063  

   \              0x0000'0063  

   \              0x0000'0063  

   \              0x0000'003E  

   \              0x0000'0000  

   \              0x0000'0000  

   \              0x0000'0000  

   \              0x0000'0000  

   \              0x0000'00FF  

   \              0x0000'0018  

   \              0x0000'0018  

   \              0x0000'0018  

   \              0x0000'0018  

   \              0x0000'0018  

   \              0x0000'0018  

   \              0x0000'0018  

   \              0x0000'0018
   \      0xD28   0x0000'0018        DC32 24, 24, 24, 0, 0, 0, 0, 99, 99, 99, 99, 99, 99, 99, 99, 99, 99, 99

   \              0x0000'0018  

   \              0x0000'0018  

   \              0x0000'0000  

   \              0x0000'0000  

   \              0x0000'0000  

   \              0x0000'0000  

   \              0x0000'0063  

   \              0x0000'0063  

   \              0x0000'0063  

   \              0x0000'0063  

   \              0x0000'0063  

   \              0x0000'0063  

   \              0x0000'0063  

   \              0x0000'0063  

   \              0x0000'0063  

   \              0x0000'0063  

   \              0x0000'0063
   \      0xD70   0x0000'003E        DC32 62, 0, 0, 0, 0, 99, 99, 99, 54, 54, 54, 54, 28, 28, 28, 8, 8, 0, 0

   \              0x0000'0000  

   \              0x0000'0000  

   \              0x0000'0000  

   \              0x0000'0000  

   \              0x0000'0063  

   \              0x0000'0063  

   \              0x0000'0063  

   \              0x0000'0036  

   \              0x0000'0036  

   \              0x0000'0036  

   \              0x0000'0036  

   \              0x0000'001C  

   \              0x0000'001C  

   \              0x0000'001C  

   \              0x0000'0008  

   \              0x0000'0008  

   \              0x0000'0000  

   \              0x0000'0000
   \      0xDBC   0x0000'0000        DC32 0, 0, 99, 99, 99, 99, 99, 99, 107, 127, 119, 99, 99, 65, 0, 0, 0

   \              0x0000'0000  

   \              0x0000'0063  

   \              0x0000'0063  

   \              0x0000'0063  

   \              0x0000'0063  

   \              0x0000'0063  

   \              0x0000'0063  

   \              0x0000'006B  

   \              0x0000'007F  

   \              0x0000'0077  

   \              0x0000'0063  

   \              0x0000'0063  

   \              0x0000'0041  

   \              0x0000'0000  

   \              0x0000'0000  

   \              0x0000'0000
   \      0xE00   0x0000'0000        DC32 0, 99, 99, 54, 54, 28, 28, 28, 28, 54, 54, 99, 99, 0, 0, 0, 0, 195

   \              0x0000'0063  

   \              0x0000'0063  

   \              0x0000'0036  

   \              0x0000'0036  

   \              0x0000'001C  

   \              0x0000'001C  

   \              0x0000'001C  

   \              0x0000'001C  

   \              0x0000'0036  

   \              0x0000'0036  

   \              0x0000'0063  

   \              0x0000'0063  

   \              0x0000'0000  

   \              0x0000'0000  

   \              0x0000'0000  

   \              0x0000'0000  

   \              0x0000'00C3
   \      0xE48   0x0000'00C3        DC32 195, 102, 102, 60, 60, 24, 24, 24, 24, 24, 24, 0, 0, 0, 0, 127, 3

   \              0x0000'0066  

   \              0x0000'0066  

   \              0x0000'003C  

   \              0x0000'003C  

   \              0x0000'0018  

   \              0x0000'0018  

   \              0x0000'0018  

   \              0x0000'0018  

   \              0x0000'0018  

   \              0x0000'0018  

   \              0x0000'0000  

   \              0x0000'0000  

   \              0x0000'0000  

   \              0x0000'0000  

   \              0x0000'007F  

   \              0x0000'0003
   \      0xE8C   0x0000'0006        DC32 6, 6, 12, 12, 24, 24, 48, 48, 96, 127, 0, 0, 0, 0, 31, 24, 24, 24

   \              0x0000'0006  

   \              0x0000'000C  

   \              0x0000'000C  

   \              0x0000'0018  

   \              0x0000'0018  

   \              0x0000'0030  

   \              0x0000'0030  

   \              0x0000'0060  

   \              0x0000'007F  

   \              0x0000'0000  

   \              0x0000'0000  

   \              0x0000'0000  

   \              0x0000'0000  

   \              0x0000'001F  

   \              0x0000'0018  

   \              0x0000'0018  

   \              0x0000'0018
   \      0xED4   0x0000'0018        DC32 24, 24, 24, 24, 24, 24, 24, 24, 31, 0, 0, 0, 96, 96, 48, 48, 48

   \              0x0000'0018  

   \              0x0000'0018  

   \              0x0000'0018  

   \              0x0000'0018  

   \              0x0000'0018  

   \              0x0000'0018  

   \              0x0000'0018  

   \              0x0000'001F  

   \              0x0000'0000  

   \              0x0000'0000  

   \              0x0000'0000  

   \              0x0000'0060  

   \              0x0000'0060  

   \              0x0000'0030  

   \              0x0000'0030  

   \              0x0000'0030
   \      0xF18   0x0000'0018        DC32 24, 24, 24, 12, 12, 12, 6, 6, 0, 0, 0, 124, 12, 12, 12, 12, 12, 12

   \              0x0000'0018  

   \              0x0000'0018  

   \              0x0000'000C  

   \              0x0000'000C  

   \              0x0000'000C  

   \              0x0000'0006  

   \              0x0000'0006  

   \              0x0000'0000  

   \              0x0000'0000  

   \              0x0000'0000  

   \              0x0000'007C  

   \              0x0000'000C  

   \              0x0000'000C  

   \              0x0000'000C  

   \              0x0000'000C  

   \              0x0000'000C  

   \              0x0000'000C
   \      0xF60   0x0000'000C        DC32 12, 12, 12, 12, 12, 124, 0, 0, 8, 28, 54, 99, 65, 0, 0, 0, 0, 0, 0

   \              0x0000'000C  

   \              0x0000'000C  

   \              0x0000'000C  

   \              0x0000'000C  

   \              0x0000'007C  

   \              0x0000'0000  

   \              0x0000'0000  

   \              0x0000'0008  

   \              0x0000'001C  

   \              0x0000'0036  

   \              0x0000'0063  

   \              0x0000'0041  

   \              0x0000'0000  

   \              0x0000'0000  

   \              0x0000'0000  

   \              0x0000'0000  

   \              0x0000'0000  

   \              0x0000'0000
   \      0xFAC   0x0000'0000        DC32 0, 0, 0, 0, 0, 0, 0, 0, 0, 0, 0, 0, 0, 0, 0, 0, 0, 0, 0, 127, 0, 0

   \              0x0000'0000  

   \              0x0000'0000  

   \              0x0000'0000  

   \              0x0000'0000  

   \              0x0000'0000  

   \              0x0000'0000  

   \              0x0000'0000  

   \              0x0000'0000  

   \              0x0000'0000  

   \              0x0000'0000  

   \              0x0000'0000  

   \              0x0000'0000  

   \              0x0000'0000  

   \              0x0000'0000  

   \              0x0000'0000  

   \              0x0000'0000  

   \              0x0000'0000  

   \              0x0000'0000  

   \              0x0000'007F  

   \              0x0000'0000  

   \              0x0000'0000
   \     0x1004   0x0000'000C        DC32 12, 12, 8, 4, 0, 0, 0, 0, 0, 0, 0, 0, 0, 0, 0, 0, 0, 0, 0, 0, 0

   \              0x0000'000C  

   \              0x0000'0008  

   \              0x0000'0004  

   \              0x0000'0000  

   \              0x0000'0000  

   \              0x0000'0000  

   \              0x0000'0000  

   \              0x0000'0000  

   \              0x0000'0000  

   \              0x0000'0000  

   \              0x0000'0000  

   \              0x0000'0000  

   \              0x0000'0000  

   \              0x0000'0000  

   \              0x0000'0000  

   \              0x0000'0000  

   \              0x0000'0000  

   \              0x0000'0000  

   \              0x0000'0000  

   \              0x0000'0000
   \     0x1058   0x0000'003C        DC32 60, 6, 62, 102, 102, 102, 63, 0, 0, 0, 0, 96, 96, 96, 96, 96, 126

   \              0x0000'0006  

   \              0x0000'003E  

   \              0x0000'0066  

   \              0x0000'0066  

   \              0x0000'0066  

   \              0x0000'003F  

   \              0x0000'0000  

   \              0x0000'0000  

   \              0x0000'0000  

   \              0x0000'0000  

   \              0x0000'0060  

   \              0x0000'0060  

   \              0x0000'0060  

   \              0x0000'0060  

   \              0x0000'0060  

   \              0x0000'007E
   \     0x109C   0x0000'0063        DC32 99, 99, 99, 99, 99, 126, 0, 0, 0, 0, 0, 0, 0, 0, 0, 62, 99, 96, 96

   \              0x0000'0063  

   \              0x0000'0063  

   \              0x0000'0063  

   \              0x0000'0063  

   \              0x0000'007E  

   \              0x0000'0000  

   \              0x0000'0000  

   \              0x0000'0000  

   \              0x0000'0000  

   \              0x0000'0000  

   \              0x0000'0000  

   \              0x0000'0000  

   \              0x0000'0000  

   \              0x0000'0000  

   \              0x0000'003E  

   \              0x0000'0063  

   \              0x0000'0060  

   \              0x0000'0060
   \     0x10E8   0x0000'0060        DC32 96, 99, 62, 0, 0, 0, 0, 3, 3, 3, 3, 3, 63, 99, 99, 99, 99, 99, 63

   \              0x0000'0063  

   \              0x0000'003E  

   \              0x0000'0000  

   \              0x0000'0000  

   \              0x0000'0000  

   \              0x0000'0000  

   \              0x0000'0003  

   \              0x0000'0003  

   \              0x0000'0003  

   \              0x0000'0003  

   \              0x0000'0003  

   \              0x0000'003F  

   \              0x0000'0063  

   \              0x0000'0063  

   \              0x0000'0063  

   \              0x0000'0063  

   \              0x0000'0063  

   \              0x0000'003F
   \     0x1134   0x0000'0000        DC32 0, 0, 0, 0, 0, 0, 0, 0, 0, 62, 99, 99, 127, 96, 99, 62, 0, 0, 0, 0

   \              0x0000'0000  

   \              0x0000'0000  

   \              0x0000'0000  

   \              0x0000'0000  

   \              0x0000'0000  

   \              0x0000'0000  

   \              0x0000'0000  

   \              0x0000'0000  

   \              0x0000'003E  

   \              0x0000'0063  

   \              0x0000'0063  

   \              0x0000'007F  

   \              0x0000'0060  

   \              0x0000'0063  

   \              0x0000'003E  

   \              0x0000'0000  

   \              0x0000'0000  

   \              0x0000'0000  

   \              0x0000'0000
   \     0x1184   0x0000'0000        DC32 0, 0, 24, 52, 48, 124, 48, 48, 48, 48, 48, 48, 0, 0, 0, 0, 0, 0, 0

   \              0x0000'0000  

   \              0x0000'0018  

   \              0x0000'0034  

   \              0x0000'0030  

   \              0x0000'007C  

   \              0x0000'0030  

   \              0x0000'0030  

   \              0x0000'0030  

   \              0x0000'0030  

   \              0x0000'0030  

   \              0x0000'0030  

   \              0x0000'0000  

   \              0x0000'0000  

   \              0x0000'0000  

   \              0x0000'0000  

   \              0x0000'0000  

   \              0x0000'0000  

   \              0x0000'0000
   \     0x11D0   0x0000'0000        DC32 0, 0, 63, 99, 99, 99, 99, 63, 3, 3, 99, 62, 0, 96, 96, 96, 96, 96

   \              0x0000'0000  

   \              0x0000'003F  

   \              0x0000'0063  

   \              0x0000'0063  

   \              0x0000'0063  

   \              0x0000'0063  

   \              0x0000'003F  

   \              0x0000'0003  

   \              0x0000'0003  

   \              0x0000'0063  

   \              0x0000'003E  

   \              0x0000'0000  

   \              0x0000'0060  

   \              0x0000'0060  

   \              0x0000'0060  

   \              0x0000'0060  

   \              0x0000'0060
   \     0x1218   0x0000'007E        DC32 126, 99, 99, 99, 99, 99, 99, 0, 0, 0, 0, 0, 0, 24, 24, 0, 24, 24

   \              0x0000'0063  

   \              0x0000'0063  

   \              0x0000'0063  

   \              0x0000'0063  

   \              0x0000'0063  

   \              0x0000'0063  

   \              0x0000'0000  

   \              0x0000'0000  

   \              0x0000'0000  

   \              0x0000'0000  

   \              0x0000'0000  

   \              0x0000'0000  

   \              0x0000'0018  

   \              0x0000'0018  

   \              0x0000'0000  

   \              0x0000'0018  

   \              0x0000'0018
   \     0x1260   0x0000'0018        DC32 24, 24, 24, 24, 24, 0, 0, 0, 0, 0, 0, 6, 6, 0, 6, 6, 6, 6, 6, 102

   \              0x0000'0018  

   \              0x0000'0018  

   \              0x0000'0018  

   \              0x0000'0018  

   \              0x0000'0000  

   \              0x0000'0000  

   \              0x0000'0000  

   \              0x0000'0000  

   \              0x0000'0000  

   \              0x0000'0000  

   \              0x0000'0006  

   \              0x0000'0006  

   \              0x0000'0000  

   \              0x0000'0006  

   \              0x0000'0006  

   \              0x0000'0006  

   \              0x0000'0006  

   \              0x0000'0006  

   \              0x0000'0066
   \     0x12B0   0x0000'0066        DC32 102, 102, 102, 60, 0, 0, 0, 96, 96, 96, 99, 102, 108, 120, 120

   \              0x0000'0066  

   \              0x0000'0066  

   \              0x0000'003C  

   \              0x0000'0000  

   \              0x0000'0000  

   \              0x0000'0000  

   \              0x0000'0060  

   \              0x0000'0060  

   \              0x0000'0060  

   \              0x0000'0063  

   \              0x0000'0066  

   \              0x0000'006C  

   \              0x0000'0078  

   \              0x0000'0078
   \     0x12EC   0x0000'006C        DC32 108, 103, 0, 0, 0, 0, 24, 24, 24, 24, 24, 24, 24, 24, 24, 24, 24

   \              0x0000'0067  

   \              0x0000'0000  

   \              0x0000'0000  

   \              0x0000'0000  

   \              0x0000'0000  

   \              0x0000'0018  

   \              0x0000'0018  

   \              0x0000'0018  

   \              0x0000'0018  

   \              0x0000'0018  

   \              0x0000'0018  

   \              0x0000'0018  

   \              0x0000'0018  

   \              0x0000'0018  

   \              0x0000'0018  

   \              0x0000'0018
   \     0x1330   0x0000'0018        DC32 24, 0, 0, 0, 0, 0, 0, 0, 0, 0, 118, 109, 109, 109, 109, 109, 109

   \              0x0000'0000  

   \              0x0000'0000  

   \              0x0000'0000  

   \              0x0000'0000  

   \              0x0000'0000  

   \              0x0000'0000  

   \              0x0000'0000  

   \              0x0000'0000  

   \              0x0000'0000  

   \              0x0000'0076  

   \              0x0000'006D  

   \              0x0000'006D  

   \              0x0000'006D  

   \              0x0000'006D  

   \              0x0000'006D  

   \              0x0000'006D
   \     0x1374   0x0000'0000        DC32 0, 0, 0, 0, 0, 0, 0, 0, 0, 110, 115, 99, 99, 99, 99, 99, 0, 0, 0

   \              0x0000'0000  

   \              0x0000'0000  

   \              0x0000'0000  

   \              0x0000'0000  

   \              0x0000'0000  

   \              0x0000'0000  

   \              0x0000'0000  

   \              0x0000'0000  

   \              0x0000'006E  

   \              0x0000'0073  

   \              0x0000'0063  

   \              0x0000'0063  

   \              0x0000'0063  

   \              0x0000'0063  

   \              0x0000'0063  

   \              0x0000'0000  

   \              0x0000'0000  

   \              0x0000'0000
   \     0x13C0   0x0000'0000        DC32 0, 0, 0, 0, 0, 0, 62, 99, 99, 99, 99, 99, 62, 0, 0, 0, 0, 0, 0, 0

   \              0x0000'0000  

   \              0x0000'0000  

   \              0x0000'0000  

   \              0x0000'0000  

   \              0x0000'0000  

   \              0x0000'003E  

   \              0x0000'0063  

   \              0x0000'0063  

   \              0x0000'0063  

   \              0x0000'0063  

   \              0x0000'0063  

   \              0x0000'003E  

   \              0x0000'0000  

   \              0x0000'0000  

   \              0x0000'0000  

   \              0x0000'0000  

   \              0x0000'0000  

   \              0x0000'0000  

   \              0x0000'0000
   \     0x1410   0x0000'0000        DC32 0, 0, 126, 99, 99, 99, 99, 99, 126, 96, 96, 96, 0, 0, 0, 0, 0, 0

   \              0x0000'0000  

   \              0x0000'007E  

   \              0x0000'0063  

   \              0x0000'0063  

   \              0x0000'0063  

   \              0x0000'0063  

   \              0x0000'0063  

   \              0x0000'007E  

   \              0x0000'0060  

   \              0x0000'0060  

   \              0x0000'0060  

   \              0x0000'0000  

   \              0x0000'0000  

   \              0x0000'0000  

   \              0x0000'0000  

   \              0x0000'0000  

   \              0x0000'0000
   \     0x1458   0x0000'003F        DC32 63, 99, 99, 99, 99, 99, 63, 3, 3, 3, 0, 0, 0, 0, 0, 0, 111, 112

   \              0x0000'0063  

   \              0x0000'0063  

   \              0x0000'0063  

   \              0x0000'0063  

   \              0x0000'0063  

   \              0x0000'003F  

   \              0x0000'0003  

   \              0x0000'0003  

   \              0x0000'0003  

   \              0x0000'0000  

   \              0x0000'0000  

   \              0x0000'0000  

   \              0x0000'0000  

   \              0x0000'0000  

   \              0x0000'0000  

   \              0x0000'006F  

   \              0x0000'0070
   \     0x14A0   0x0000'0060        DC32 96, 96, 96, 96, 96, 0, 0, 0, 0, 0, 0, 0, 0, 0, 62, 99, 96, 62, 3

   \              0x0000'0060  

   \              0x0000'0060  

   \              0x0000'0060  

   \              0x0000'0060  

   \              0x0000'0000  

   \              0x0000'0000  

   \              0x0000'0000  

   \              0x0000'0000  

   \              0x0000'0000  

   \              0x0000'0000  

   \              0x0000'0000  

   \              0x0000'0000  

   \              0x0000'0000  

   \              0x0000'003E  

   \              0x0000'0063  

   \              0x0000'0060  

   \              0x0000'003E  

   \              0x0000'0003
   \     0x14EC   0x0000'0063        DC32 99, 62, 0, 0, 0, 0, 0, 0, 0, 48, 48, 124, 48, 48, 48, 48, 54, 28

   \              0x0000'003E  

   \              0x0000'0000  

   \              0x0000'0000  

   \              0x0000'0000  

   \              0x0000'0000  

   \              0x0000'0000  

   \              0x0000'0000  

   \              0x0000'0000  

   \              0x0000'0030  

   \              0x0000'0030  

   \              0x0000'007C  

   \              0x0000'0030  

   \              0x0000'0030  

   \              0x0000'0030  

   \              0x0000'0030  

   \              0x0000'0036  

   \              0x0000'001C
   \     0x1534   0x0000'0000        DC32 0, 0, 0, 0, 0, 0, 0, 0, 0, 99, 99, 99, 99, 99, 103, 59, 0, 0, 0, 0

   \              0x0000'0000  

   \              0x0000'0000  

   \              0x0000'0000  

   \              0x0000'0000  

   \              0x0000'0000  

   \              0x0000'0000  

   \              0x0000'0000  

   \              0x0000'0000  

   \              0x0000'0063  

   \              0x0000'0063  

   \              0x0000'0063  

   \              0x0000'0063  

   \              0x0000'0063  

   \              0x0000'0067  

   \              0x0000'003B  

   \              0x0000'0000  

   \              0x0000'0000  

   \              0x0000'0000  

   \              0x0000'0000
   \     0x1584   0x0000'0000        DC32 0, 0, 0, 0, 0, 99, 99, 54, 54, 28, 28, 8, 0, 0, 0, 0, 0, 0, 0, 0

   \              0x0000'0000  

   \              0x0000'0000  

   \              0x0000'0000  

   \              0x0000'0000  

   \              0x0000'0063  

   \              0x0000'0063  

   \              0x0000'0036  

   \              0x0000'0036  

   \              0x0000'001C  

   \              0x0000'001C  

   \              0x0000'0008  

   \              0x0000'0000  

   \              0x0000'0000  

   \              0x0000'0000  

   \              0x0000'0000  

   \              0x0000'0000  

   \              0x0000'0000  

   \              0x0000'0000  

   \              0x0000'0000
   \     0x15D4   0x0000'0000        DC32 0, 99, 99, 99, 107, 127, 99, 65, 0, 0, 0, 0, 0, 0, 0, 0, 0, 99, 54

   \              0x0000'0063  

   \              0x0000'0063  

   \              0x0000'0063  

   \              0x0000'006B  

   \              0x0000'007F  

   \              0x0000'0063  

   \              0x0000'0041  

   \              0x0000'0000  

   \              0x0000'0000  

   \              0x0000'0000  

   \              0x0000'0000  

   \              0x0000'0000  

   \              0x0000'0000  

   \              0x0000'0000  

   \              0x0000'0000  

   \              0x0000'0000  

   \              0x0000'0063  

   \              0x0000'0036
   \     0x1620   0x0000'001C        DC32 28, 8, 28, 54, 99, 0, 0, 0, 0, 0, 0, 0, 0, 0, 99, 99, 54, 54, 28

   \              0x0000'0008  

   \              0x0000'001C  

   \              0x0000'0036  

   \              0x0000'0063  

   \              0x0000'0000  

   \              0x0000'0000  

   \              0x0000'0000  

   \              0x0000'0000  

   \              0x0000'0000  

   \              0x0000'0000  

   \              0x0000'0000  

   \              0x0000'0000  

   \              0x0000'0000  

   \              0x0000'0063  

   \              0x0000'0063  

   \              0x0000'0036  

   \              0x0000'0036  

   \              0x0000'001C
   \     0x166C   0x0000'001C        DC32 28, 24, 24, 48, 48, 0, 0, 0, 0, 0, 0, 127, 6, 12, 24, 48, 96, 127

   \              0x0000'0018  

   \              0x0000'0018  

   \              0x0000'0030  

   \              0x0000'0030  

   \              0x0000'0000  

   \              0x0000'0000  

   \              0x0000'0000  

   \              0x0000'0000  

   \              0x0000'0000  

   \              0x0000'0000  

   \              0x0000'007F  

   \              0x0000'0006  

   \              0x0000'000C  

   \              0x0000'0018  

   \              0x0000'0030  

   \              0x0000'0060  

   \              0x0000'007F
   \     0x16B4   0x0000'0000        DC32 0, 0, 0, 0, 7, 12, 12, 12, 12, 12, 24, 12, 12, 12, 12, 12, 7, 0, 0

   \              0x0000'0000  

   \              0x0000'0000  

   \              0x0000'0000  

   \              0x0000'0007  

   \              0x0000'000C  

   \              0x0000'000C  

   \              0x0000'000C  

   \              0x0000'000C  

   \              0x0000'000C  

   \              0x0000'0018  

   \              0x0000'000C  

   \              0x0000'000C  

   \              0x0000'000C  

   \              0x0000'000C  

   \              0x0000'000C  

   \              0x0000'0007  

   \              0x0000'0000  

   \              0x0000'0000
   \     0x1700   0x0000'0000        DC32 0, 24, 24, 24, 24, 24, 24, 24, 24, 24, 24, 24, 24, 24, 0, 0, 0

   \              0x0000'0018  

   \              0x0000'0018  

   \              0x0000'0018  

   \              0x0000'0018  

   \              0x0000'0018  

   \              0x0000'0018  

   \              0x0000'0018  

   \              0x0000'0018  

   \              0x0000'0018  

   \              0x0000'0018  

   \              0x0000'0018  

   \              0x0000'0018  

   \              0x0000'0018  

   \              0x0000'0000  

   \              0x0000'0000  

   \              0x0000'0000
   \     0x1744   0x0000'0070        DC32 112, 24, 24, 24, 24, 24, 12, 24, 24, 24, 24, 24, 112, 0, 0, 0, 59

   \              0x0000'0018  

   \              0x0000'0018  

   \              0x0000'0018  

   \              0x0000'0018  

   \              0x0000'0018  

   \              0x0000'000C  

   \              0x0000'0018  

   \              0x0000'0018  

   \              0x0000'0018  

   \              0x0000'0018  

   \              0x0000'0018  

   \              0x0000'0070  

   \              0x0000'0000  

   \              0x0000'0000  

   \              0x0000'0000  

   \              0x0000'003B
   \     0x1788   0x0000'006F        DC32 111, 102, 0, 0, 0, 0, 0, 0, 0, 0, 0, 0, 0, 0, 255, 255, 255, 255

   \              0x0000'0066  

   \              0x0000'0000  

   \              0x0000'0000  

   \              0x0000'0000  

   \              0x0000'0000  

   \              0x0000'0000  

   \              0x0000'0000  

   \              0x0000'0000  

   \              0x0000'0000  

   \              0x0000'0000  

   \              0x0000'0000  

   \              0x0000'0000  

   \              0x0000'0000  

   \              0x0000'00FF  

   \              0x0000'00FF  

   \              0x0000'00FF  

   \              0x0000'00FF
   \     0x17D0   0x0000'00FF        DC32 255, 255, 255, 255, 255, 255, 255, 255, 255, 255, 255, 255

   \              0x0000'00FF  

   \              0x0000'00FF  

   \              0x0000'00FF  

   \              0x0000'00FF  

   \              0x0000'00FF  

   \              0x0000'00FF  

   \              0x0000'00FF  

   \              0x0000'00FF  

   \              0x0000'00FF  

   \              0x0000'00FF  

   \              0x0000'00FF
     23          {
     24          0x00, 0x00, 0x00, 0x00, 0x00, 0x00, 0x00, 0x00, 0x00, 0x00, 0x00, 0x00, 0x00, 0x00, 0x00, 0x00, //0x20
     25          0x00, 0x18, 0x3C, 0x3C, 0x3C, 0x3C, 0x18, 0x18, 0x18, 0x18, 0x00, 0x18, 0x18, 0x00, 0x00, 0x00, //0x21 '!'
     26          0x00, 0x36, 0x36, 0x12, 0x24, 0x00, 0x00, 0x00, 0x00, 0x00, 0x00, 0x00, 0x00, 0x00, 0x00, 0x00, //0x22 '"'
     27          0x00, 0x36, 0x36, 0x37, 0x3E, 0x76, 0x36, 0x37, 0x3E, 0x76, 0x36, 0x36, 0x36, 0x00, 0x00, 0x00, //0x23 '#'
     28          0x00, 0x14, 0x3E, 0x55, 0x55, 0x34, 0x1C, 0x16, 0x15, 0x55, 0x55, 0x3E, 0x14, 0x00, 0x00, 0x00, //0x24 '$'
     29          0x00, 0x63, 0x63, 0x66, 0x66, 0x0C, 0x0C, 0x18, 0x18, 0x33, 0x33, 0x63, 0x63, 0x00, 0x00, 0x00, //0x25 '%'
     30          0x00, 0x38, 0x6C, 0x6C, 0x64, 0x30, 0x30, 0x5B, 0x5B, 0x6D, 0x6D, 0x66, 0x3B, 0x00, 0x00, 0x00, //0x26 '&'
     31          0x00, 0x30, 0x30, 0x10, 0x20, 0x00, 0x00, 0x00, 0x00, 0x00, 0x00, 0x00, 0x00, 0x00, 0x00, 0x00, //0x27 
     32          0x00, 0x06, 0x0C, 0x18, 0x18, 0x30, 0x30, 0x30, 0x30, 0x18, 0x18, 0x0C, 0x06, 0x00, 0x00, 0x00, //0x28
     33          0x00, 0x30, 0x18, 0x0C, 0x0C, 0x06, 0x06, 0x06, 0x06, 0x0C, 0x0C, 0x18, 0x30, 0x00, 0x00, 0x00, //0x29
     34          0x00, 0x00, 0x18, 0x18, 0xDB, 0x7E, 0x3C, 0x7E, 0xDB, 0x18, 0x18, 0x00, 0x00, 0x00, 0x00, 0x00, //0x2A
     35          0x00, 0x00, 0x00, 0x18, 0x18, 0x18, 0x7E, 0x18, 0x18, 0x18, 0x00, 0x00, 0x00, 0x00, 0x00, 0x00, //0x2B
     36          0x00, 0x00, 0x00, 0x00, 0x00, 0x00, 0x00, 0x00, 0x00, 0x00, 0x00, 0x60, 0x60, 0x20, 0x40, 0x00, //0x2C
     37          0x00, 0x00, 0x00, 0x00, 0x00, 0x7F, 0x7F, 0x00, 0x00, 0x00, 0x00, 0x00, 0x00, 0x00, 0x00, 0x00, //0x2D
     38          0x00, 0x00, 0x00, 0x00, 0x00, 0x00, 0x00, 0x00, 0x00, 0x00, 0x00, 0x00, 0x60, 0x60, 0x00, 0x00, //0x2E
     39          0x00, 0x03, 0x03, 0x06, 0x06, 0x0C, 0x0C, 0x18, 0x18, 0x30, 0x30, 0x60, 0x60, 0x60, 0x00, 0x00, //0x2F
     40          0x00, 0x3E, 0x67, 0x67, 0x67, 0x6B, 0x6B, 0x6B, 0x6B, 0x73, 0x73, 0x73, 0x3E, 0x00, 0x00, 0x00, //0x30 '0'
     41          0x00, 0x0C, 0x1C, 0x3C, 0x6C, 0x0C, 0x0C, 0x0C, 0x0C, 0x0C, 0x0C, 0x0C, 0x0C, 0x00, 0x00, 0x00, //0x31 '1'
     42          0x00, 0x3E, 0x63, 0x63, 0x63, 0x06, 0x0C, 0x18, 0x30, 0x60, 0x60, 0x60, 0x7F, 0x00, 0x00, 0x00, //0x32 '2'
     43          0x00, 0x3E, 0x63, 0x63, 0x63, 0x03, 0x1E, 0x03, 0x03, 0x63, 0x63, 0x63, 0x3E, 0x00, 0x00, 0x00, //0x33 '3'
     44          0x00, 0x18, 0x18, 0x18, 0x30, 0x36, 0x36, 0x66, 0x66, 0x7F, 0x06, 0x06, 0x06, 0x00, 0x00, 0x00, //0x34 '4'
     45          0x00, 0x7F, 0x60, 0x60, 0x60, 0x7E, 0x03, 0x03, 0x03, 0x63, 0x63, 0x63, 0x3E, 0x00, 0x00, 0x00, //0x35 '5'
     46          0x00, 0x0E, 0x18, 0x30, 0x30, 0x60, 0x7E, 0x63, 0x63, 0x63, 0x63, 0x63, 0x3E, 0x00, 0x00, 0x00, //0x36 '6' 
     47          0x00, 0x7F, 0x03, 0x06, 0x06, 0x0C, 0x0C, 0x18, 0x18, 0x30, 0x30, 0x60, 0x60, 0x00, 0x00, 0x00, //0x37 '7'
     48          0x00, 0x3E, 0x63, 0x63, 0x63, 0x63, 0x3E, 0x63, 0x63, 0x63, 0x63, 0x63, 0x3E, 0x00, 0x00, 0x00, //0x38 '8'
     49          0x00, 0x3E, 0x63, 0x63, 0x63, 0x63, 0x63, 0x3F, 0x03, 0x06, 0x06, 0x0C, 0x18, 0x00, 0x00, 0x00, //0x39 '9'
     50          0x00, 0x00, 0x00, 0x18, 0x18, 0x00, 0x00, 0x00, 0x18, 0x18, 0x00, 0x00, 0x00, 0x00, 0x00, 0x00, //0x3A
     51          0x00, 0x00, 0x00, 0x18, 0x18, 0x00, 0x00, 0x00, 0x18, 0x18, 0x08, 0x10, 0x00, 0x00, 0x00, 0x00, //0x3B
     52          0x00, 0x03, 0x06, 0x0C, 0x18, 0x30, 0x60, 0xC0, 0x60, 0x30, 0x18, 0x0C, 0x06, 0x03, 0x00, 0x00, //0x3C
     53          0x00, 0x00, 0x00, 0x00, 0x7F, 0x7F, 0x00, 0x7F, 0x7F, 0x00, 0x00, 0x00, 0x00, 0x00, 0x00, 0x00, //0x3D
     54          0x00, 0xC0, 0x60, 0x30, 0x18, 0x0C, 0x06, 0x03, 0x06, 0x0C, 0x18, 0x30, 0x60, 0xC0, 0x00, 0x00, //0x3E
     55          0x00, 0x3E, 0x63, 0x63, 0x63, 0x06, 0x0C, 0x18, 0x18, 0x18, 0x00, 0x18, 0x18, 0x00, 0x00, 0x00, //0x3F
     56          0x00, 0x1C, 0x22, 0x59, 0x45, 0x4D, 0x55, 0x55, 0x55, 0x4D, 0x47, 0x22, 0x1C, 0x00, 0x00, 0x00, //0x40
     57          0x00, 0x08, 0x1C, 0x36, 0x63, 0x63, 0x63, 0x7F, 0x7F, 0x63, 0x63, 0x63, 0x63, 0x00, 0x00, 0x00, //0x41 'A'
     58          0x00, 0x7E, 0x63, 0x63, 0x63, 0x63, 0x7E, 0x63, 0x63, 0x63, 0x63, 0x63, 0x7E, 0x00, 0x00, 0x00, //0x42
     59          0x00, 0x3E, 0x63, 0x63, 0x63, 0x60, 0x60, 0x60, 0x60, 0x63, 0x63, 0x63, 0x3E, 0x00, 0x00, 0x00, //0x43
     60          0x00, 0x7C, 0x66, 0x63, 0x63, 0x63, 0x63, 0x63, 0x63, 0x63, 0x63, 0x66, 0x7C, 0x00, 0x00, 0x00, //0x44
     61          0x00, 0x7F, 0x60, 0x60, 0x60, 0x60, 0x7E, 0x60, 0x60, 0x60, 0x60, 0x60, 0x7F, 0x00, 0x00, 0x00, //0x45
     62          0x00, 0x7F, 0x60, 0x60, 0x60, 0x60, 0x7E, 0x60, 0x60, 0x60, 0x60, 0x60, 0x60, 0x00, 0x00, 0x00, //0x46
     63          0x00, 0x3E, 0x63, 0x63, 0x63, 0x60, 0x60, 0x6F, 0x63, 0x63, 0x63, 0x63, 0x3E, 0x00, 0x00, 0x00, //0x47
     64          0x00, 0x63, 0x63, 0x63, 0x63, 0x63, 0x7F, 0x63, 0x63, 0x63, 0x63, 0x63, 0x63, 0x00, 0x00, 0x00, //0x48
     65          0x00, 0x18, 0x18, 0x18, 0x18, 0x18, 0x18, 0x18, 0x18, 0x18, 0x18, 0x18, 0x18, 0x00, 0x00, 0x00, //0x49
     66          0x00, 0x06, 0x06, 0x06, 0x06, 0x06, 0x06, 0x06, 0x66, 0x66, 0x66, 0x66, 0x3C, 0x00, 0x00, 0x00, //0x4A
     67          0x00, 0x63, 0x66, 0x6C, 0x78, 0x70, 0x78, 0x6C, 0x6C, 0x66, 0x66, 0x63, 0x63, 0x00, 0x00, 0x00, //0x4B
     68          0x00, 0x60, 0x60, 0x60, 0x60, 0x60, 0x60, 0x60, 0x60, 0x60, 0x60, 0x60, 0x7F, 0x00, 0x00, 0x00, //0x4C
     69          0x00, 0x41, 0x63, 0x63, 0x77, 0x7F, 0x6B, 0x63, 0x63, 0x63, 0x63, 0x63, 0x63, 0x00, 0x00, 0x00, //0x4D
     70          0x00, 0x63, 0x63, 0x73, 0x73, 0x7B, 0x7B, 0x6F, 0x6F, 0x67, 0x67, 0x63, 0x63, 0x00, 0x00, 0x00, //0x4E
     71          0x00, 0x3E, 0x63, 0x63, 0x63, 0x63, 0x63, 0x63, 0x63, 0x63, 0x63, 0x63, 0x3E, 0x00, 0x00, 0x00, //0x4F
     72          0x00, 0x7E, 0x63, 0x63, 0x63, 0x63, 0x7E, 0x60, 0x60, 0x60, 0x60, 0x60, 0x60, 0x00, 0x00, 0x00, //0x50
     73          0x00, 0x3E, 0x63, 0x63, 0x63, 0x63, 0x63, 0x63, 0x63, 0x7B, 0x6D, 0x76, 0x3B, 0x00, 0x00, 0x00, //0x51
     74          0x00, 0x7E, 0x63, 0x63, 0x63, 0x63, 0x7E, 0x6C, 0x6C, 0x66, 0x66, 0x63, 0x63, 0x00, 0x00, 0x00, //0x52
     75          0x00, 0x3E, 0x63, 0x63, 0x60, 0x30, 0x1C, 0x06, 0x03, 0x63, 0x63, 0x63, 0x3E, 0x00, 0x00, 0x00, //0x53
     76          0x00, 0xFF, 0x18, 0x18, 0x18, 0x18, 0x18, 0x18, 0x18, 0x18, 0x18, 0x18, 0x18, 0x00, 0x00, 0x00, //0x54
     77          0x00, 0x63, 0x63, 0x63, 0x63, 0x63, 0x63, 0x63, 0x63, 0x63, 0x63, 0x63, 0x3E, 0x00, 0x00, 0x00, //0x55
     78          0x00, 0x63, 0x63, 0x63, 0x36, 0x36, 0x36, 0x36, 0x1C, 0x1C, 0x1C, 0x08, 0x08, 0x00, 0x00, 0x00, //0x56
     79          0x00, 0x63, 0x63, 0x63, 0x63, 0x63, 0x63, 0x6B, 0x7F, 0x77, 0x63, 0x63, 0x41, 0x00, 0x00, 0x00, //0x57
     80          0x00, 0x63, 0x63, 0x36, 0x36, 0x1C, 0x1C, 0x1C, 0x1C, 0x36, 0x36, 0x63, 0x63, 0x00, 0x00, 0x00, //0x58
     81          0x00, 0xC3, 0xC3, 0x66, 0x66, 0x3C, 0x3C, 0x18, 0x18, 0x18, 0x18, 0x18, 0x18, 0x00, 0x00, 0x00, //0x59
     82          0x00, 0x7F, 0x03, 0x06, 0x06, 0x0C, 0x0C, 0x18, 0x18, 0x30, 0x30, 0x60, 0x7F, 0x00, 0x00, 0x00, //0x5A
     83          0x00, 0x1F, 0x18, 0x18, 0x18, 0x18, 0x18, 0x18, 0x18, 0x18, 0x18, 0x18, 0x18, 0x1F, 0x00, 0x00, //0x5B
     84          0x00, 0x60, 0x60, 0x30, 0x30, 0x30, 0x18, 0x18, 0x18, 0x0C, 0x0C, 0x0C, 0x06, 0x06, 0x00, 0x00, //0x5C
     85          0x00, 0x7C, 0x0C, 0x0C, 0x0C, 0x0C, 0x0C, 0x0C, 0x0C, 0x0C, 0x0C, 0x0C, 0x0C, 0x7C, 0x00, 0x00, //0x5D
     86          0x08, 0x1C, 0x36, 0x63, 0x41, 0x00, 0x00, 0x00, 0x00, 0x00, 0x00, 0x00, 0x00, 0x00, 0x00, 0x00, //0x5E
     87          0x00, 0x00, 0x00, 0x00, 0x00, 0x00, 0x00, 0x00, 0x00, 0x00, 0x00, 0x00, 0x00, 0x00, 0x7F, 0x00, //0x5F
     88          0x00, 0x0C, 0x0C, 0x08, 0x04, 0x00, 0x00, 0x00, 0x00, 0x00, 0x00, 0x00, 0x00, 0x00, 0x00, 0x00, //0x60
     89          0x00, 0x00, 0x00, 0x00, 0x00, 0x00, 0x3C, 0x06, 0x3E, 0x66, 0x66, 0x66, 0x3F, 0x00, 0x00, 0x00, //0x61 'a'
     90          0x00, 0x60, 0x60, 0x60, 0x60, 0x60, 0x7E, 0x63, 0x63, 0x63, 0x63, 0x63, 0x7E, 0x00, 0x00, 0x00, //0x62 'b'
     91          0x00, 0x00, 0x00, 0x00, 0x00, 0x00, 0x3E, 0x63, 0x60, 0x60, 0x60, 0x63, 0x3E, 0x00, 0x00, 0x00, //0x63 'c'
     92          0x00, 0x03, 0x03, 0x03, 0x03, 0x03, 0x3F, 0x63, 0x63, 0x63, 0x63, 0x63, 0x3F, 0x00, 0x00, 0x00, //0x64 'd'
     93          0x00, 0x00, 0x00, 0x00, 0x00, 0x00, 0x3E, 0x63, 0x63, 0x7F, 0x60, 0x63, 0x3E, 0x00, 0x00, 0x00, //0x65 'e'
     94          0x00, 0x00, 0x00, 0x18, 0x34, 0x30, 0x7C, 0x30, 0x30, 0x30, 0x30, 0x30, 0x30, 0x00, 0x00, 0x00, //0x66 'f'
     95          0x00, 0x00, 0x00, 0x00, 0x00, 0x00, 0x3F, 0x63, 0x63, 0x63, 0x63, 0x3F, 0x03, 0x03, 0x63, 0x3E, //0x67 'g'
     96          0x00, 0x60, 0x60, 0x60, 0x60, 0x60, 0x7E, 0x63, 0x63, 0x63, 0x63, 0x63, 0x63, 0x00, 0x00, 0x00, //0x68 'h'
     97          0x00, 0x00, 0x00, 0x18, 0x18, 0x00, 0x18, 0x18, 0x18, 0x18, 0x18, 0x18, 0x18, 0x00, 0x00, 0x00, //0x69 'i'
     98          0x00, 0x00, 0x00, 0x06, 0x06, 0x00, 0x06, 0x06, 0x06, 0x06, 0x06, 0x66, 0x66, 0x66, 0x66, 0x3C, //0x6A 'j'
     99          0x00, 0x00, 0x00, 0x60, 0x60, 0x60, 0x63, 0x66, 0x6C, 0x78, 0x78, 0x6C, 0x67, 0x00, 0x00, 0x00, //0x6B 'k'
    100          0x00, 0x18, 0x18, 0x18, 0x18, 0x18, 0x18, 0x18, 0x18, 0x18, 0x18, 0x18, 0x18, 0x00, 0x00, 0x00, //0x6C 'l'
    101          0x00, 0x00, 0x00, 0x00, 0x00, 0x00, 0x76, 0x6D, 0x6D, 0x6D, 0x6D, 0x6D, 0x6D, 0x00, 0x00, 0x00, //0x6D 'm'
    102          0x00, 0x00, 0x00, 0x00, 0x00, 0x00, 0x6E, 0x73, 0x63, 0x63, 0x63, 0x63, 0x63, 0x00, 0x00, 0x00, //0x6E 'n'
    103          0x00, 0x00, 0x00, 0x00, 0x00, 0x00, 0x3E, 0x63, 0x63, 0x63, 0x63, 0x63, 0x3E, 0x00, 0x00, 0x00, //0x6F 'o'
    104          0x00, 0x00, 0x00, 0x00, 0x00, 0x00, 0x7E, 0x63, 0x63, 0x63, 0x63, 0x63, 0x7E, 0x60, 0x60, 0x60, //0x70 'p'
    105          0x00, 0x00, 0x00, 0x00, 0x00, 0x00, 0x3F, 0x63, 0x63, 0x63, 0x63, 0x63, 0x3F, 0x03, 0x03, 0x03, //0x71 'q'
    106          0x00, 0x00, 0x00, 0x00, 0x00, 0x00, 0x6F, 0x70, 0x60, 0x60, 0x60, 0x60, 0x60, 0x00, 0x00, 0x00, //0x72 'r'
    107          0x00, 0x00, 0x00, 0x00, 0x00, 0x00, 0x3E, 0x63, 0x60, 0x3E, 0x03, 0x63, 0x3E, 0x00, 0x00, 0x00, //0x73 's'
    108          0x00, 0x00, 0x00, 0x00, 0x30, 0x30, 0x7C, 0x30, 0x30, 0x30, 0x30, 0x36, 0x1C, 0x00, 0x00, 0x00, //0x74 't'
    109          0x00, 0x00, 0x00, 0x00, 0x00, 0x00, 0x63, 0x63, 0x63, 0x63, 0x63, 0x67, 0x3B, 0x00, 0x00, 0x00, //0x75 'u'
    110          0x00, 0x00, 0x00, 0x00, 0x00, 0x00, 0x63, 0x63, 0x36, 0x36, 0x1C, 0x1C, 0x08, 0x00, 0x00, 0x00, //0x76 'v'
    111          0x00, 0x00, 0x00, 0x00, 0x00, 0x00, 0x63, 0x63, 0x63, 0x6B, 0x7F, 0x63, 0x41, 0x00, 0x00, 0x00, //0x77 'w'
    112          0x00, 0x00, 0x00, 0x00, 0x00, 0x00, 0x63, 0x36, 0x1C, 0x08, 0x1C, 0x36, 0x63, 0x00, 0x00, 0x00, //0x78 'x'
    113          0x00, 0x00, 0x00, 0x00, 0x00, 0x00, 0x63, 0x63, 0x36, 0x36, 0x1C, 0x1C, 0x18, 0x18, 0x30, 0x30, //0x79 'y'
    114          0x00, 0x00, 0x00, 0x00, 0x00, 0x00, 0x7F, 0x06, 0x0C, 0x18, 0x30, 0x60, 0x7F, 0x00, 0x00, 0x00, //0x7A 'z'
    115          0x00, 0x07, 0x0C, 0x0C, 0x0C, 0x0C, 0x0C, 0x18, 0x0C, 0x0C, 0x0C, 0x0C, 0x0C, 0x07, 0x00, 0x00, //0x7B '{'
    116          0x00, 0x18, 0x18, 0x18, 0x18, 0x18, 0x18, 0x18, 0x18, 0x18, 0x18, 0x18, 0x18, 0x18, 0x00, 0x00, //0x7C '|'
    117          0x00, 0x70, 0x18, 0x18, 0x18, 0x18, 0x18, 0x0C, 0x18, 0x18, 0x18, 0x18, 0x18, 0x70, 0x00, 0x00, //0x7D '}'
    118          0x00, 0x3B, 0x6F, 0x66, 0x00, 0x00, 0x00, 0x00, 0x00, 0x00, 0x00, 0x00, 0x00, 0x00, 0x00, 0x00, //0x7E '~' 
    119          0xFF, 0xFF, 0xFF, 0xFF, 0xFF, 0xFF, 0xFF, 0xFF, 0xFF, 0xFF, 0xFF, 0xFF, 0xFF, 0xFF, 0xFF, 0xFF  //0x7F 'FULL'
    120          };
    121          
    122          //========================================================================
    123          #endif	//	defined(PHANFONTENG_LOCAL)
    124          //========================================================================
    125          


   Section sizes:

   Bytes  Function/Label
   -----  --------------
   6'144  wEngFon

 
 6'144 bytes in section .rodata
 
 6'144 bytes of CONST memory

Errors: none
Warnings: none
